#
# There is insufficient memory for the Java Runtime Environment to continue.
# Native memory allocation (mmap) failed to map 58720256 bytes. Error detail: G1 virtual space
# Possible reasons:
#   The system is out of physical RAM or swap space
#   This process is running with CompressedOops enabled, and the Java Heap may be blocking the growth of the native heap
# Possible solutions:
#   Reduce memory load on the system
#   Increase physical memory or swap space
#   Check if swap backing store is full
#   Decrease Java heap size (-Xmx/-Xms)
#   Decrease number of Java threads
#   Decrease Java thread stack sizes (-Xss)
#   Set larger code cache with -XX:ReservedCodeCacheSize=
#   JVM is running with Zero Based Compressed Oops mode in which the Java heap is
#     placed in the first 32GB address space. The Java Heap base address is the
#     maximum limit for the native heap growth. Please use -XX:HeapBaseMinAddress
#     to set the Java Heap base and to place the Java Heap above 32GB virtual address.
# This output file may be truncated or incomplete.
#
#  Out of Memory Error (os_windows.cpp:3618), pid=11364, tid=4164
#
# JRE version: OpenJDK Runtime Environment Temurin-17.0.14+7 (17.0.14+7) (build 17.0.14+7)
# Java VM: OpenJDK 64-Bit Server VM Temurin-17.0.14+7 (17.0.14+7, mixed mode, sharing, tiered, compressed oops, compressed class ptrs, g1 gc, windows-amd64)
# Core dump will be written. Default location: C:\Users\Administrator\Desktop\Operit-1.9.1\hs_err_pid11364.mdmp
#

---------------  S U M M A R Y ------------

Command Line: --add-opens=java.base/java.lang=ALL-UNNAMED --add-opens=java.base/java.lang.invoke=ALL-UNNAMED --add-opens=java.base/java.util=ALL-UNNAMED --add-opens=java.prefs/java.util.prefs=ALL-UNNAMED --add-exports=jdk.compiler/com.sun.tools.javac.api=ALL-UNNAMED --add-exports=jdk.compiler/com.sun.tools.javac.util=ALL-UNNAMED --add-opens=java.base/java.util=ALL-UNNAMED --add-opens=java.prefs/java.util.prefs=ALL-UNNAMED --add-opens=java.base/java.nio.charset=ALL-UNNAMED --add-opens=java.base/java.net=ALL-UNNAMED --add-opens=java.base/java.util.concurrent.atomic=ALL-UNNAMED --add-opens=java.xml/javax.xml.namespace=ALL-UNNAMED -Xmx8192m -Dfile.encoding=UTF-8 -Duser.country=CN -Duser.language=zh -Duser.variant -javaagent:C:\Users\Administrator\.gradle\wrapper\dists\gradle-8.13-bin\bynj8867joaln2pdnozgpow3q\gradle-8.13\lib\agents\gradle-instrumentation-agent-8.13.jar org.gradle.launcher.daemon.bootstrap.GradleDaemon 8.13

Host: Intel(R) Xeon(R) CPU E5-2673 v4 @ 2.30GHz, 8 cores, 7G,  Windows Server 2022 , 64 bit Build 20348 (10.0.20348.143)
Time: Fri Mar 13 15:07:12 2026  Windows Server 2022 , 64 bit Build 20348 (10.0.20348.143) elapsed time: 31.712283 seconds (0d 0h 0m 31s)

---------------  T H R E A D  ---------------

Current thread (0x00000150e8854090):  VMThread "VM Thread" [stack: 0x0000001178b00000,0x0000001178c00000] [id=4164]

Stack: [0x0000001178b00000,0x0000001178c00000]
Native frames: (J=compiled Java code, j=interpreted, Vv=VM code, C=native code)
V  [jvm.dll+0x682eb9]
V  [jvm.dll+0x8399c8]
V  [jvm.dll+0x83b473]
V  [jvm.dll+0x83bae3]
V  [jvm.dll+0x24715f]
V  [jvm.dll+0x67fc99]
V  [jvm.dll+0x674b8a]
V  [jvm.dll+0x304c06]
V  [jvm.dll+0x30c0c6]
V  [jvm.dll+0x35dc3e]
V  [jvm.dll+0x35de7d]
V  [jvm.dll+0x2dbfcc]
V  [jvm.dll+0x2da36f]
V  [jvm.dll+0x2d9adc]
V  [jvm.dll+0x31d2bb]
V  [jvm.dll+0x84031d]
V  [jvm.dll+0x841053]
V  [jvm.dll+0x84157f]
V  [jvm.dll+0x841964]
V  [jvm.dll+0x841a2e]
V  [jvm.dll+0x7e948c]
V  [jvm.dll+0x681d97]
C  [ucrtbase.dll+0x26b4c]
C  [KERNEL32.DLL+0x14ed0]
C  [ntdll.dll+0x7e20b]

VM_Operation (0x00000011041ff060): G1CollectForAllocation, mode: safepoint, requested by thread 0x0000015132e445b0


---------------  P R O C E S S  ---------------

Threads class SMR info:
_java_thread_list=0x0000015132b53d60, length=180, elements={
0x00000150bc830270, 0x00000150e885b9e0, 0x00000150e885c5a0, 0x00000150e88722f0,
0x00000150e88750c0, 0x00000150e8875a80, 0x00000150e8876440, 0x00000150e8878140,
0x00000150e887d050, 0x00000150e8889f80, 0x00000150e8842c20, 0x00000150e938ee70,
0x00000151303a2690, 0x000001512f07bf30, 0x000001512fb6fbd0, 0x000001512ff99300,
0x00000150e9b443a0, 0x0000015130572290, 0x00000151305731c0, 0x0000015130572cb0,
0x00000151305727a0, 0x0000015130571870, 0x00000151308bce60, 0x00000151308b91a0,
0x00000151308bc950, 0x00000151308ba0d0, 0x00000151308bd880, 0x00000151308baaf0,
0x00000151308ba5e0, 0x00000151308bdd90, 0x00000151308b8780, 0x00000151308bb510,
0x00000151308be2a0, 0x00000151308b8270, 0x00000151308bc440, 0x00000151308b8c90,
0x00000151308bba20, 0x00000151308b7850, 0x00000151308b7d60, 0x00000151308be7b0,
0x00000151308b96b0, 0x00000151308b9bc0, 0x00000151308b7340, 0x00000151308becc0,
0x0000015130571d80, 0x00000150e99348e0, 0x00000150e99339b0, 0x00000150e9932060,
0x00000150e9932570, 0x00000150e9933ec0, 0x00000150e9934df0, 0x00000150e9932f90,
0x00000150e9932a80, 0x00000150e99343d0, 0x00000150e9935300, 0x00000150e9935810,
0x00000150e99334a0, 0x00000150e9528e60, 0x00000150e952a2a0, 0x00000150e9525bc0,
0x00000150e9526af0, 0x00000150e9523d60, 0x00000150e9529370, 0x00000150e9524780,
0x00000150e9529880, 0x00000150e9527a20, 0x00000150e9524c90, 0x00000150e9527000,
0x00000150e9528440, 0x00000150e95251a0, 0x00000150e95256b0, 0x00000150e9524270,
0x00000150e9527510, 0x00000150e952a7b0, 0x00000150e9527f30, 0x00000150e95260d0,
0x00000150e95265e0, 0x00000150e9528950, 0x00000150e9523340, 0x0000015135cbff60,
0x000001512fa681b0, 0x0000015135cc18b0, 0x0000015131d1d2d0, 0x0000015135cbfa50,
0x0000015135cc69b0, 0x0000015135cbf540, 0x00000151308bbf30, 0x000001512fe5c310,
0x000001512fe5fac0, 0x000001512fe5ffd0, 0x000001512fe5c820, 0x000001512fe62850,
0x000001512fe60f00, 0x000001512fe5eb90, 0x000001512fe61410, 0x000001512fe609f0,
0x000001512fe61920, 0x000001512fe62340, 0x000001512fe5f0a0, 0x000001512fe63c90,
0x000001512fe5d750, 0x000001512fe5dc60, 0x000001512fe61e30, 0x000001512fe604e0,
0x000001512fe5e170, 0x000001512fe5e680, 0x000001512fe62d60, 0x000001512fe5f5b0,
0x000001512fe63270, 0x000001512fe63780, 0x000001512fe5cd30, 0x000001512fe5d240,
0x00000151316ca860, 0x00000151316c9420, 0x00000151316c9930, 0x00000151316cc1b0,
0x00000151316c9e40, 0x00000151316c8f10, 0x00000151316ca350, 0x00000151316cd5f0,
0x00000151316ce010, 0x00000151316cb790, 0x00000151316cbca0, 0x00000151316cdb00,
0x00000151316cc6c0, 0x00000151316ccbd0, 0x00000151316ce520, 0x00000151316cd0e0,
0x00000151316c84f0, 0x00000151316cea30, 0x00000151316c8a00, 0x00000151316cef40,
0x00000151316c7fe0, 0x00000151316cad70, 0x00000151316c7ad0, 0x00000151316cb280,
0x00000151316cf450, 0x0000015135989880, 0x000001513598a7b0, 0x0000015135983d60,
0x0000015135987510, 0x000001513598a2a0, 0x0000015135986af0, 0x0000015135989d90,
0x0000015135984270, 0x000001513598acc0, 0x0000015135987000, 0x0000015135983850,
0x0000015135984780, 0x0000015135985bc0, 0x0000015135988e60, 0x0000015135988950,
0x00000151359865e0, 0x0000015135987a20, 0x00000151359856b0, 0x00000151359851a0,
0x000001513598b1d0, 0x00000151359860d0, 0x0000015135989370, 0x0000015135988440,
0x0000015135987f30, 0x0000015135984c90, 0x0000015132e47340, 0x0000015132e4aaf0,
0x0000015132e45f00, 0x0000015132e48780, 0x0000015132e49bc0, 0x0000015132e46e30,
0x0000015132e491a0, 0x0000015132e4b000, 0x0000015132e46410, 0x0000015132e459f0,
0x0000015132e445b0, 0x0000015132e47d60, 0x0000015132e4ba20, 0x0000015132e4bf30,
0x0000015132e48c90, 0x0000015132e46920, 0x0000015132e44ac0, 0x0000015132e47850
}

Java Threads: ( => current thread )
  0x00000150bc830270 JavaThread "main" [_thread_blocked, id=8020, stack(0x0000001178500000,0x0000001178600000)]
  0x00000150e885b9e0 JavaThread "Reference Handler" daemon [_thread_blocked, id=12240, stack(0x0000001178c00000,0x0000001178d00000)]
  0x00000150e885c5a0 JavaThread "Finalizer" daemon [_thread_blocked, id=4076, stack(0x0000001178d00000,0x0000001178e00000)]
  0x00000150e88722f0 JavaThread "Signal Dispatcher" daemon [_thread_blocked, id=4556, stack(0x0000001178e00000,0x0000001178f00000)]
  0x00000150e88750c0 JavaThread "Attach Listener" daemon [_thread_blocked, id=2104, stack(0x0000001178f00000,0x0000001179000000)]
  0x00000150e8875a80 JavaThread "Service Thread" daemon [_thread_blocked, id=7984, stack(0x0000001179000000,0x0000001179100000)]
  0x00000150e8876440 JavaThread "Monitor Deflation Thread" daemon [_thread_blocked, id=10556, stack(0x0000001179100000,0x0000001179200000)]
  0x00000150e8878140 JavaThread "C2 CompilerThread0" daemon [_thread_blocked, id=11728, stack(0x0000001179200000,0x0000001179300000)]
  0x00000150e887d050 JavaThread "C1 CompilerThread0" daemon [_thread_blocked, id=11588, stack(0x0000001179300000,0x0000001179400000)]
  0x00000150e8889f80 JavaThread "Sweeper thread" daemon [_thread_blocked, id=5512, stack(0x0000001179400000,0x0000001179500000)]
  0x00000150e8842c20 JavaThread "Common-Cleaner" daemon [_thread_blocked, id=5964, stack(0x0000001179500000,0x0000001179600000)]
  0x00000150e938ee70 JavaThread "Notification Thread" daemon [_thread_blocked, id=3136, stack(0x0000001179600000,0x0000001179700000)]
  0x00000151303a2690 JavaThread "Daemon health stats" [_thread_blocked, id=12072, stack(0x0000001179b00000,0x0000001179c00000)]
  0x000001512f07bf30 JavaThread "Incoming local TCP Connector on port 62164" [_thread_in_native, id=11780, stack(0x0000001179e00000,0x0000001179f00000)]
  0x000001512fb6fbd0 JavaThread "Daemon periodic checks" [_thread_blocked, id=10272, stack(0x0000001179f00000,0x000000117a000000)]
  0x000001512ff99300 JavaThread "Daemon" [_thread_blocked, id=10596, stack(0x000000117a000000,0x000000117a100000)]
  0x00000150e9b443a0 JavaThread "Handler for socket connection from /127.0.0.1:62164 to /127.0.0.1:62165" [_thread_in_native, id=5152, stack(0x000000117a100000,0x000000117a200000)]
  0x0000015130572290 JavaThread "Cancel handler" [_thread_blocked, id=1412, stack(0x000000117a200000,0x000000117a300000)]
  0x00000151305731c0 JavaThread "Daemon worker" [_thread_blocked, id=8376, stack(0x000000117a300000,0x000000117a400000)]
  0x0000015130572cb0 JavaThread "Asynchronous log dispatcher for DefaultDaemonConnection: socket connection from /127.0.0.1:62164 to /127.0.0.1:62165" [_thread_blocked, id=5408, stack(0x000000117a400000,0x000000117a500000)]
  0x00000151305727a0 JavaThread "Stdin handler" [_thread_blocked, id=8764, stack(0x000000117a500000,0x000000117a600000)]
  0x0000015130571870 JavaThread "Daemon client event forwarder" [_thread_blocked, id=4596, stack(0x000000117a600000,0x000000117a700000)]
  0x00000151308bce60 JavaThread "Cache worker for journal cache (C:\Users\Administrator\.gradle\caches\journal-1)" [_thread_blocked, id=9576, stack(0x000000117a700000,0x000000117a800000)]
  0x00000151308b91a0 JavaThread "File lock request listener" [_thread_in_native, id=12028, stack(0x000000117a800000,0x000000117a900000)]
  0x00000151308bc950 JavaThread "Cache worker for file hash cache (C:\Users\Administrator\.gradle\caches\8.13\fileHashes)" [_thread_blocked, id=11284, stack(0x000000117a900000,0x000000117aa00000)]
  0x00000151308ba0d0 JavaThread "Cache worker for file hash cache (C:\Users\Administrator\Desktop\Operit-1.9.1\.gradle\8.13\fileHashes)" [_thread_blocked, id=520, stack(0x000000117ae00000,0x000000117af00000)]
  0x00000151308bd880 JavaThread "Cache worker for Build Output Cleanup Cache (C:\Users\Administrator\Desktop\Operit-1.9.1\.gradle\buildOutputCleanup)" [_thread_blocked, id=6944, stack(0x000000117af00000,0x000000117b000000)]
  0x00000151308baaf0 JavaThread "File watcher server" daemon [_thread_blocked, id=7668, stack(0x000000117b100000,0x000000117b200000)]
  0x00000151308ba5e0 JavaThread "File watcher consumer" daemon [_thread_blocked, id=6376, stack(0x000000117b200000,0x000000117b300000)]
  0x00000151308bdd90 JavaThread "Cache worker for checksums cache (C:\Users\Administrator\Desktop\Operit-1.9.1\.gradle\8.13\checksums)" [_thread_blocked, id=11944, stack(0x000000117b300000,0x000000117b400000)]
  0x00000151308b8780 JavaThread "Cache worker for file content cache (C:\Users\Administrator\.gradle\caches\8.13\fileContent)" [_thread_blocked, id=8052, stack(0x000000117b400000,0x000000117b500000)]
  0x00000151308bb510 JavaThread "Cache worker for cache directory md-supplier (C:\Users\Administrator\.gradle\caches\8.13\md-supplier)" [_thread_blocked, id=5840, stack(0x000000117b500000,0x000000117b600000)]
  0x00000151308be2a0 JavaThread "Cache worker for cache directory md-rule (C:\Users\Administrator\.gradle\caches\8.13\md-rule)" [_thread_blocked, id=10208, stack(0x000000117b600000,0x000000117b700000)]
  0x00000151308b8270 JavaThread "Unconstrained build operations" [_thread_blocked, id=9676, stack(0x000000117b800000,0x000000117b900000)]
  0x00000151308bc440 JavaThread "Unconstrained build operations Thread 2" [_thread_blocked, id=7712, stack(0x000000117b900000,0x000000117ba00000)]
  0x00000151308b8c90 JavaThread "Unconstrained build operations Thread 3" [_thread_blocked, id=7964, stack(0x000000117ba00000,0x000000117bb00000)]
  0x00000151308bba20 JavaThread "Unconstrained build operations Thread 4" [_thread_blocked, id=9468, stack(0x000000117bb00000,0x000000117bc00000)]
  0x00000151308b7850 JavaThread "Unconstrained build operations Thread 5" [_thread_blocked, id=11656, stack(0x000000117bc00000,0x000000117bd00000)]
  0x00000151308b7d60 JavaThread "Unconstrained build operations Thread 6" [_thread_blocked, id=200, stack(0x000000117bd00000,0x000000117be00000)]
  0x00000151308be7b0 JavaThread "Unconstrained build operations Thread 7" [_thread_blocked, id=11280, stack(0x000000117be00000,0x000000117bf00000)]
  0x00000151308b96b0 JavaThread "Unconstrained build operations Thread 8" [_thread_blocked, id=9328, stack(0x000000117bf00000,0x000000117c000000)]
  0x00000151308b9bc0 JavaThread "Unconstrained build operations Thread 9" [_thread_blocked, id=9168, stack(0x000000117c000000,0x000000117c100000)]
  0x00000151308b7340 JavaThread "Unconstrained build operations Thread 10" [_thread_blocked, id=8984, stack(0x000000117c100000,0x000000117c200000)]
  0x00000151308becc0 JavaThread "Unconstrained build operations Thread 11" [_thread_blocked, id=10392, stack(0x000000117c200000,0x000000117c300000)]
  0x0000015130571d80 JavaThread "Unconstrained build operations Thread 12" [_thread_blocked, id=12248, stack(0x000000117c300000,0x000000117c400000)]
  0x00000150e99348e0 JavaThread "Unconstrained build operations Thread 13" [_thread_blocked, id=3360, stack(0x000000117c400000,0x000000117c500000)]
  0x00000150e99339b0 JavaThread "Unconstrained build operations Thread 14" [_thread_blocked, id=11756, stack(0x000000117c500000,0x000000117c600000)]
  0x00000150e9932060 JavaThread "Unconstrained build operations Thread 15" [_thread_blocked, id=3380, stack(0x000000117c600000,0x000000117c700000)]
  0x00000150e9932570 JavaThread "Unconstrained build operations Thread 16" [_thread_blocked, id=11552, stack(0x000000117c700000,0x000000117c800000)]
  0x00000150e9933ec0 JavaThread "Unconstrained build operations Thread 17" [_thread_blocked, id=4492, stack(0x000000117c800000,0x000000117c900000)]
  0x00000150e9934df0 JavaThread "Unconstrained build operations Thread 18" [_thread_blocked, id=7608, stack(0x000000117c900000,0x000000117ca00000)]
  0x00000150e9932f90 JavaThread "Unconstrained build operations Thread 19" [_thread_blocked, id=6988, stack(0x000000117ca00000,0x000000117cb00000)]
  0x00000150e9932a80 JavaThread "Unconstrained build operations Thread 20" [_thread_blocked, id=8496, stack(0x000000117cb00000,0x000000117cc00000)]
  0x00000150e99343d0 JavaThread "Unconstrained build operations Thread 21" [_thread_blocked, id=724, stack(0x000000117cc00000,0x000000117cd00000)]
  0x00000150e9935300 JavaThread "Unconstrained build operations Thread 22" [_thread_blocked, id=7408, stack(0x000000117cd00000,0x000000117ce00000)]
  0x00000150e9935810 JavaThread "Unconstrained build operations Thread 23" [_thread_blocked, id=7508, stack(0x000000117ce00000,0x000000117cf00000)]
  0x00000150e99334a0 JavaThread "Unconstrained build operations Thread 24" [_thread_blocked, id=5200, stack(0x000000117cf00000,0x000000117d000000)]
  0x00000150e9528e60 JavaThread "Unconstrained build operations Thread 25" [_thread_blocked, id=8356, stack(0x000000117d000000,0x000000117d100000)]
  0x00000150e952a2a0 JavaThread "Unconstrained build operations Thread 26" [_thread_blocked, id=10364, stack(0x000000117d100000,0x000000117d200000)]
  0x00000150e9525bc0 JavaThread "Unconstrained build operations Thread 27" [_thread_blocked, id=6720, stack(0x000000117d200000,0x000000117d300000)]
  0x00000150e9526af0 JavaThread "Unconstrained build operations Thread 28" [_thread_blocked, id=9544, stack(0x000000117d300000,0x000000117d400000)]
  0x00000150e9523d60 JavaThread "Unconstrained build operations Thread 29" [_thread_blocked, id=4644, stack(0x000000117d400000,0x000000117d500000)]
  0x00000150e9529370 JavaThread "Unconstrained build operations Thread 30" [_thread_blocked, id=6756, stack(0x000000117d500000,0x000000117d600000)]
  0x00000150e9524780 JavaThread "Unconstrained build operations Thread 31" [_thread_blocked, id=9400, stack(0x000000117d600000,0x000000117d700000)]
  0x00000150e9529880 JavaThread "Unconstrained build operations Thread 32" [_thread_blocked, id=11776, stack(0x000000117d700000,0x000000117d800000)]
  0x00000150e9527a20 JavaThread "Unconstrained build operations Thread 33" [_thread_blocked, id=11556, stack(0x000000117d800000,0x000000117d900000)]
  0x00000150e9524c90 JavaThread "Unconstrained build operations Thread 34" [_thread_blocked, id=7880, stack(0x000000117d900000,0x000000117da00000)]
  0x00000150e9527000 JavaThread "Unconstrained build operations Thread 35" [_thread_blocked, id=11580, stack(0x000000117da00000,0x000000117db00000)]
  0x00000150e9528440 JavaThread "Unconstrained build operations Thread 36" [_thread_blocked, id=9644, stack(0x000000117db00000,0x000000117dc00000)]
  0x00000150e95251a0 JavaThread "Unconstrained build operations Thread 37" [_thread_blocked, id=2548, stack(0x000000117dc00000,0x000000117dd00000)]
  0x00000150e95256b0 JavaThread "Unconstrained build operations Thread 38" [_thread_blocked, id=9072, stack(0x000000117dd00000,0x000000117de00000)]
  0x00000150e9524270 JavaThread "Unconstrained build operations Thread 39" [_thread_blocked, id=12104, stack(0x000000117de00000,0x000000117df00000)]
  0x00000150e9527510 JavaThread "Unconstrained build operations Thread 40" [_thread_blocked, id=5812, stack(0x000000117df00000,0x000000117e000000)]
  0x00000150e952a7b0 JavaThread "Unconstrained build operations Thread 41" [_thread_blocked, id=9056, stack(0x000000117e000000,0x000000117e100000)]
  0x00000150e9527f30 JavaThread "Unconstrained build operations Thread 42" [_thread_blocked, id=11632, stack(0x000000117e100000,0x000000117e200000)]
  0x00000150e95260d0 JavaThread "Unconstrained build operations Thread 43" [_thread_blocked, id=10340, stack(0x000000117e200000,0x000000117e300000)]
  0x00000150e95265e0 JavaThread "Unconstrained build operations Thread 44" [_thread_blocked, id=8572, stack(0x000000117e300000,0x000000117e400000)]
  0x00000150e9528950 JavaThread "Unconstrained build operations Thread 45" [_thread_blocked, id=2896, stack(0x000000117e400000,0x000000117e500000)]
  0x00000150e9523340 JavaThread "Memory manager" [_thread_blocked, id=9288, stack(0x000000117e500000,0x000000117e600000)]
  0x0000015135cbff60 JavaThread "build event listener" [_thread_blocked, id=10476, stack(0x000000117e600000,0x000000117e700000)]
  0x000001512fa681b0 JavaThread "C2 CompilerThread1" daemon [_thread_blocked, id=3896, stack(0x0000001179800000,0x0000001179900000)]
  0x0000015135cc18b0 JavaThread "Problems report writer" [_thread_blocked, id=3112, stack(0x000000117e700000,0x000000117e800000)]
  0x0000015131d1d2d0 JavaThread "C2 CompilerThread2" daemon [_thread_blocked, id=2988, stack(0x000000117ad00000,0x000000117ae00000)]
  0x0000015135cbfa50 JavaThread "pool-3-thread-1" [_thread_blocked, id=9368, stack(0x000000117e800000,0x000000117e900000)]
  0x0000015135cc69b0 JavaThread "build event listener" [_thread_blocked, id=9244, stack(0x000000117e900000,0x000000117ea00000)]
  0x0000015135cbf540 JavaThread "included builds" [_thread_blocked, id=12264, stack(0x000000117ea00000,0x000000117eb00000)]
  0x00000151308bbf30 JavaThread "Execution worker" [_thread_blocked, id=6784, stack(0x000000117eb00000,0x000000117ec00000)]
  0x000001512fe5c310 JavaThread "Execution worker Thread 2" [_thread_blocked, id=4764, stack(0x000000117ec00000,0x000000117ed00000)]
  0x000001512fe5fac0 JavaThread "Execution worker Thread 3" [_thread_blocked, id=11592, stack(0x000000117ed00000,0x000000117ee00000)]
  0x000001512fe5ffd0 JavaThread "Execution worker Thread 4" [_thread_blocked, id=8864, stack(0x000000117ee00000,0x000000117ef00000)]
  0x000001512fe5c820 JavaThread "Execution worker Thread 5" [_thread_blocked, id=8304, stack(0x000000117ef00000,0x000000117f000000)]
  0x000001512fe62850 JavaThread "Execution worker Thread 6" [_thread_blocked, id=5600, stack(0x000000117f000000,0x000000117f100000)]
  0x000001512fe60f00 JavaThread "Execution worker Thread 7" [_thread_blocked, id=1632, stack(0x000000117f100000,0x000000117f200000)]
  0x000001512fe5eb90 JavaThread "Execution worker Thread 8" [_thread_blocked, id=11752, stack(0x000000117f200000,0x000000117f300000)]
  0x000001512fe61410 JavaThread "Execution worker Thread 9" [_thread_blocked, id=9028, stack(0x000000117f300000,0x000000117f400000)]
  0x000001512fe609f0 JavaThread "Execution worker Thread 10" [_thread_blocked, id=1320, stack(0x000000117f400000,0x000000117f500000)]
  0x000001512fe61920 JavaThread "Execution worker Thread 11" [_thread_blocked, id=9096, stack(0x000000117f500000,0x000000117f600000)]
  0x000001512fe62340 JavaThread "Execution worker Thread 12" [_thread_blocked, id=6436, stack(0x000000117f600000,0x000000117f700000)]
  0x000001512fe5f0a0 JavaThread "Execution worker Thread 13" [_thread_blocked, id=11900, stack(0x000000117f700000,0x000000117f800000)]
  0x000001512fe63c90 JavaThread "Execution worker Thread 14" [_thread_blocked, id=9940, stack(0x000000117f800000,0x000000117f900000)]
  0x000001512fe5d750 JavaThread "Execution worker Thread 15" [_thread_blocked, id=7440, stack(0x000000117f900000,0x000000117fa00000)]
  0x000001512fe5dc60 JavaThread "Cache worker for execution history cache (C:\Users\Administrator\Desktop\Operit-1.9.1\.gradle\8.13\executionHistory)" [_thread_blocked, id=944, stack(0x000000117fa00000,0x000000117fb00000)]
  0x000001512fe61e30 JavaThread "Unconstrained build operations Thread 46" [_thread_blocked, id=8976, stack(0x000000117fb00000,0x000000117fc00000)]
  0x000001512fe604e0 JavaThread "Unconstrained build operations Thread 48" [_thread_blocked, id=10904, stack(0x000000117fc00000,0x000000117fd00000)]
  0x000001512fe5e170 JavaThread "Unconstrained build operations Thread 47" [_thread_blocked, id=8668, stack(0x000000117fd00000,0x000000117fe00000)]
  0x000001512fe5e680 JavaThread "Unconstrained build operations Thread 49" [_thread_blocked, id=11736, stack(0x000000117fe00000,0x000000117ff00000)]
  0x000001512fe62d60 JavaThread "Unconstrained build operations Thread 50" [_thread_blocked, id=11372, stack(0x000000117ff00000,0x0000001180000000)]
  0x000001512fe5f5b0 JavaThread "Unconstrained build operations Thread 51" [_thread_blocked, id=8124, stack(0x0000001100000000,0x0000001100100000)]
  0x000001512fe63270 JavaThread "Unconstrained build operations Thread 52" [_thread_blocked, id=11536, stack(0x0000001100100000,0x0000001100200000)]
  0x000001512fe63780 JavaThread "Unconstrained build operations Thread 53" [_thread_blocked, id=11108, stack(0x0000001100200000,0x0000001100300000)]
  0x000001512fe5cd30 JavaThread "Unconstrained build operations Thread 54" [_thread_blocked, id=11936, stack(0x0000001100300000,0x0000001100400000)]
  0x000001512fe5d240 JavaThread "Unconstrained build operations Thread 55" [_thread_blocked, id=9252, stack(0x0000001100400000,0x0000001100500000)]
  0x00000151316ca860 JavaThread "Unconstrained build operations Thread 56" [_thread_blocked, id=2536, stack(0x0000001100500000,0x0000001100600000)]
  0x00000151316c9420 JavaThread "Unconstrained build operations Thread 57" [_thread_blocked, id=3396, stack(0x0000001100600000,0x0000001100700000)]
  0x00000151316c9930 JavaThread "Unconstrained build operations Thread 58" [_thread_blocked, id=7860, stack(0x0000001100700000,0x0000001100800000)]
  0x00000151316cc1b0 JavaThread "Unconstrained build operations Thread 59" [_thread_blocked, id=8060, stack(0x0000001100800000,0x0000001100900000)]
  0x00000151316c9e40 JavaThread "Unconstrained build operations Thread 60" [_thread_blocked, id=7488, stack(0x0000001100900000,0x0000001100a00000)]
  0x00000151316c8f10 JavaThread "Unconstrained build operations Thread 62" [_thread_blocked, id=5920, stack(0x0000001100a00000,0x0000001100b00000)]
  0x00000151316ca350 JavaThread "Unconstrained build operations Thread 61" [_thread_blocked, id=11396, stack(0x0000001100b00000,0x0000001100c00000)]
  0x00000151316cd5f0 JavaThread "Unconstrained build operations Thread 63" [_thread_blocked, id=1044, stack(0x0000001100c00000,0x0000001100d00000)]
  0x00000151316ce010 JavaThread "Unconstrained build operations Thread 64" [_thread_blocked, id=11636, stack(0x0000001100d00000,0x0000001100e00000)]
  0x00000151316cb790 JavaThread "Unconstrained build operations Thread 65" [_thread_blocked, id=4524, stack(0x0000001100e00000,0x0000001100f00000)]
  0x00000151316cbca0 JavaThread "Unconstrained build operations Thread 66" [_thread_blocked, id=7356, stack(0x0000001100f00000,0x0000001101000000)]
  0x00000151316cdb00 JavaThread "Unconstrained build operations Thread 67" [_thread_blocked, id=7040, stack(0x0000001101000000,0x0000001101100000)]
  0x00000151316cc6c0 JavaThread "Unconstrained build operations Thread 68" [_thread_blocked, id=7928, stack(0x0000001101100000,0x0000001101200000)]
  0x00000151316ccbd0 JavaThread "Unconstrained build operations Thread 69" [_thread_blocked, id=11324, stack(0x0000001101200000,0x0000001101300000)]
  0x00000151316ce520 JavaThread "Unconstrained build operations Thread 70" [_thread_blocked, id=9452, stack(0x0000001101300000,0x0000001101400000)]
  0x00000151316cd0e0 JavaThread "Unconstrained build operations Thread 71" [_thread_blocked, id=4900, stack(0x0000001101400000,0x0000001101500000)]
  0x00000151316c84f0 JavaThread "Unconstrained build operations Thread 72" [_thread_blocked, id=4428, stack(0x0000001101500000,0x0000001101600000)]
  0x00000151316cea30 JavaThread "Unconstrained build operations Thread 73" [_thread_blocked, id=4196, stack(0x0000001101600000,0x0000001101700000)]
  0x00000151316c8a00 JavaThread "Unconstrained build operations Thread 74" [_thread_blocked, id=9228, stack(0x0000001101700000,0x0000001101800000)]
  0x00000151316cef40 JavaThread "Unconstrained build operations Thread 75" [_thread_blocked, id=10108, stack(0x0000001101800000,0x0000001101900000)]
  0x00000151316c7fe0 JavaThread "Unconstrained build operations Thread 76" [_thread_blocked, id=11488, stack(0x0000001101900000,0x0000001101a00000)]
  0x00000151316cad70 JavaThread "Unconstrained build operations Thread 77" [_thread_blocked, id=10124, stack(0x0000001101a00000,0x0000001101b00000)]
  0x00000151316c7ad0 JavaThread "Unconstrained build operations Thread 78" [_thread_blocked, id=9224, stack(0x0000001101b00000,0x0000001101c00000)]
  0x00000151316cb280 JavaThread "Unconstrained build operations Thread 79" [_thread_blocked, id=6852, stack(0x0000001101c00000,0x0000001101d00000)]
  0x00000151316cf450 JavaThread "Unconstrained build operations Thread 80" [_thread_blocked, id=8968, stack(0x0000001101d00000,0x0000001101e00000)]
  0x0000015135989880 JavaThread "Unconstrained build operations Thread 81" [_thread_blocked, id=7988, stack(0x0000001101e00000,0x0000001101f00000)]
  0x000001513598a7b0 JavaThread "Unconstrained build operations Thread 82" [_thread_blocked, id=11392, stack(0x0000001101f00000,0x0000001102000000)]
  0x0000015135983d60 JavaThread "Unconstrained build operations Thread 83" [_thread_blocked, id=7732, stack(0x0000001102000000,0x0000001102100000)]
  0x0000015135987510 JavaThread "Unconstrained build operations Thread 84" [_thread_blocked, id=3864, stack(0x0000001102100000,0x0000001102200000)]
  0x000001513598a2a0 JavaThread "Unconstrained build operations Thread 85" [_thread_blocked, id=12192, stack(0x0000001102200000,0x0000001102300000)]
  0x0000015135986af0 JavaThread "Unconstrained build operations Thread 86" [_thread_blocked, id=5552, stack(0x0000001102300000,0x0000001102400000)]
  0x0000015135989d90 JavaThread "Unconstrained build operations Thread 87" [_thread_blocked, id=11080, stack(0x0000001102400000,0x0000001102500000)]
  0x0000015135984270 JavaThread "Unconstrained build operations Thread 88" [_thread_blocked, id=524, stack(0x0000001102500000,0x0000001102600000)]
  0x000001513598acc0 JavaThread "Unconstrained build operations Thread 89" [_thread_blocked, id=3520, stack(0x0000001102600000,0x0000001102700000)]
  0x0000015135987000 JavaThread "Unconstrained build operations Thread 91" [_thread_blocked, id=488, stack(0x0000001102700000,0x0000001102800000)]
  0x0000015135983850 JavaThread "Unconstrained build operations Thread 92" [_thread_blocked, id=7348, stack(0x0000001102800000,0x0000001102900000)]
  0x0000015135984780 JavaThread "Unconstrained build operations Thread 93" [_thread_blocked, id=12216, stack(0x0000001102900000,0x0000001102a00000)]
  0x0000015135985bc0 JavaThread "Unconstrained build operations Thread 94" [_thread_blocked, id=10560, stack(0x0000001102a00000,0x0000001102b00000)]
  0x0000015135988e60 JavaThread "Unconstrained build operations Thread 95" [_thread_blocked, id=10504, stack(0x0000001102b00000,0x0000001102c00000)]
  0x0000015135988950 JavaThread "Unconstrained build operations Thread 96" [_thread_blocked, id=12244, stack(0x0000001102c00000,0x0000001102d00000)]
  0x00000151359865e0 JavaThread "Unconstrained build operations Thread 97" [_thread_blocked, id=12180, stack(0x0000001102d00000,0x0000001102e00000)]
  0x0000015135987a20 JavaThread "Unconstrained build operations Thread 98" [_thread_blocked, id=9008, stack(0x0000001102e00000,0x0000001102f00000)]
  0x00000151359856b0 JavaThread "Unconstrained build operations Thread 99" [_thread_blocked, id=7616, stack(0x0000001102f00000,0x0000001103000000)]
  0x00000151359851a0 JavaThread "Unconstrained build operations Thread 100" [_thread_blocked, id=9484, stack(0x0000001103000000,0x0000001103100000)]
  0x000001513598b1d0 JavaThread "Unconstrained build operations Thread 101" [_thread_blocked, id=4960, stack(0x0000001103100000,0x0000001103200000)]
  0x00000151359860d0 JavaThread "Unconstrained build operations Thread 102" [_thread_blocked, id=11640, stack(0x0000001103200000,0x0000001103300000)]
  0x0000015135989370 JavaThread "Unconstrained build operations Thread 103" [_thread_blocked, id=4628, stack(0x0000001103300000,0x0000001103400000)]
  0x0000015135988440 JavaThread "Unconstrained build operations Thread 104" [_thread_blocked, id=1276, stack(0x0000001103400000,0x0000001103500000)]
  0x0000015135987f30 JavaThread "Unconstrained build operations Thread 105" [_thread_blocked, id=5044, stack(0x0000001103500000,0x0000001103600000)]
  0x0000015135984c90 JavaThread "Unconstrained build operations Thread 106" [_thread_blocked, id=11064, stack(0x0000001103600000,0x0000001103700000)]
  0x0000015132e47340 JavaThread "Unconstrained build operations Thread 107" [_thread_blocked, id=11124, stack(0x0000001103700000,0x0000001103800000)]
  0x0000015132e4aaf0 JavaThread "Unconstrained build operations Thread 108" [_thread_blocked, id=11740, stack(0x0000001103800000,0x0000001103900000)]
  0x0000015132e45f00 JavaThread "Unconstrained build operations Thread 109" [_thread_blocked, id=8200, stack(0x0000001103900000,0x0000001103a00000)]
  0x0000015132e48780 JavaThread "Unconstrained build operations Thread 90" [_thread_blocked, id=11144, stack(0x0000001103a00000,0x0000001103b00000)]
  0x0000015132e49bc0 JavaThread "Unconstrained build operations Thread 110" [_thread_blocked, id=4728, stack(0x0000001103b00000,0x0000001103c00000)]
  0x0000015132e46e30 JavaThread "Unconstrained build operations Thread 111" [_thread_blocked, id=12152, stack(0x0000001103c00000,0x0000001103d00000)]
  0x0000015132e491a0 JavaThread "Unconstrained build operations Thread 112" [_thread_blocked, id=8340, stack(0x0000001103d00000,0x0000001103e00000)]
  0x0000015132e4b000 JavaThread "Unconstrained build operations Thread 113" [_thread_blocked, id=2804, stack(0x0000001103e00000,0x0000001103f00000)]
  0x0000015132e46410 JavaThread "Unconstrained build operations Thread 114" [_thread_blocked, id=12120, stack(0x0000001103f00000,0x0000001104000000)]
  0x0000015132e459f0 JavaThread "Unconstrained build operations Thread 117" [_thread_blocked, id=12196, stack(0x0000001104000000,0x0000001104100000)]
  0x0000015132e445b0 JavaThread "Unconstrained build operations Thread 118" [_thread_blocked, id=11356, stack(0x0000001104100000,0x0000001104200000)]
  0x0000015132e47d60 JavaThread "Unconstrained build operations Thread 115" [_thread_blocked, id=9300, stack(0x0000001104200000,0x0000001104300000)]
  0x0000015132e4ba20 JavaThread "Unconstrained build operations Thread 116" [_thread_blocked, id=11976, stack(0x0000001104300000,0x0000001104400000)]
  0x0000015132e4bf30 JavaThread "Unconstrained build operations Thread 119" [_thread_blocked, id=9560, stack(0x0000001104400000,0x0000001104500000)]
  0x0000015132e48c90 JavaThread "Unconstrained build operations Thread 120" [_thread_blocked, id=2240, stack(0x0000001104500000,0x0000001104600000)]
  0x0000015132e46920 JavaThread "Unconstrained build operations Thread 121" [_thread_blocked, id=7700, stack(0x0000001104600000,0x0000001104700000)]
  0x0000015132e44ac0 JavaThread "Unconstrained build operations Thread 122" [_thread_blocked, id=9364, stack(0x0000001104700000,0x0000001104800000)]
  0x0000015132e47850 JavaThread "Unconstrained build operations Thread 123" [_thread_blocked, id=5716, stack(0x0000001104800000,0x0000001104900000)]

Other Threads:
=>0x00000150e8854090 VMThread "VM Thread" [stack: 0x0000001178b00000,0x0000001178c00000] [id=4164]
  0x00000150e934f2e0 WatcherThread [stack: 0x0000001179700000,0x0000001179800000] [id=10348]
  0x00000150bc8dc4c0 GCTaskThread "GC Thread#0" [stack: 0x0000001178600000,0x0000001178700000] [id=1240]
  0x00000150e96b9850 GCTaskThread "GC Thread#1" [stack: 0x0000001179900000,0x0000001179a00000] [id=9248]
  0x00000150e94623e0 GCTaskThread "GC Thread#2" [stack: 0x0000001179a00000,0x0000001179b00000] [id=11796]
  0x000001512ff0c970 GCTaskThread "GC Thread#3" [stack: 0x0000001179c00000,0x0000001179d00000] [id=10432]
  0x000001512f449470 GCTaskThread "GC Thread#4" [stack: 0x0000001179d00000,0x0000001179e00000] [id=7460]
  0x00000151307cf520 GCTaskThread "GC Thread#5" [stack: 0x000000117aa00000,0x000000117ab00000] [id=1564]
  0x00000150e9739ca0 GCTaskThread "GC Thread#6" [stack: 0x000000117ab00000,0x000000117ac00000] [id=12284]
  0x00000151304c4d00 GCTaskThread "GC Thread#7" [stack: 0x000000117ac00000,0x000000117ad00000] [id=6848]
  0x00000150bc8ed2b0 ConcurrentGCThread "G1 Main Marker" [stack: 0x0000001178700000,0x0000001178800000] [id=10372]
  0x00000150bc8ee310 ConcurrentGCThread "G1 Conc#0" [stack: 0x0000001178800000,0x0000001178900000] [id=2824]
  0x00000151324b2a70 ConcurrentGCThread "G1 Conc#1" [stack: 0x000000117b000000,0x000000117b100000] [id=3456]
  0x00000150e870e380 ConcurrentGCThread "G1 Refine#0" [stack: 0x0000001178900000,0x0000001178a00000] [id=11892]
  0x00000150e99377f0 ConcurrentGCThread "G1 Refine#1" [stack: 0x000000117b700000,0x000000117b800000] [id=11832]
  0x00000150e870ec50 ConcurrentGCThread "G1 Service" [stack: 0x0000001178a00000,0x0000001178b00000] [id=10288]

Threads with active compile tasks:
C2 CompilerThread0    31750 16613       4       com.esotericsoftware.kryo.io.Output::writeVarInt (433 bytes)
C2 CompilerThread1    31750 16601       4       org.gradle.internal.snapshot.VfsRelativePath::compareToFirstSegment (203 bytes)
C2 CompilerThread2    31750 16628       4       com.esotericsoftware.kryo.io.Output::writeVarLong (1304 bytes)

VM state: at safepoint (normal execution)

VM Mutex/Monitor currently owned by a thread:  ([mutex/lock_event])
[0x00000150bc82b960] Threads_lock - owner thread: 0x00000150e8854090
[0x00000150bc82cad0] Heap_lock - owner thread: 0x0000015132e445b0

Heap address: 0x0000000600000000, size: 8192 MB, Compressed Oops mode: Zero based, Oop shift amount: 3

CDS archive(s) mapped at: [0x00000150ea000000-0x00000150eabb0000-0x00000150eabb0000), size 12255232, SharedBaseAddress: 0x00000150ea000000, ArchiveRelocationMode: 1.
Compressed class space mapped at: 0x00000150eb000000-0x000001512b000000, reserved size: 1073741824
Narrow klass base: 0x00000150ea000000, Narrow klass shift: 0, Narrow klass range: 0x100000000

GC Precious Log:
 CPUs: 8 total, 8 available
 Memory: 8191M
 Large Page Support: Disabled
 NUMA Support: Disabled
 Compressed Oops: Enabled (Zero based)
 Heap Region Size: 4M
 Heap Min Capacity: 8M
 Heap Initial Capacity: 128M
 Heap Max Capacity: 8G
 Pre-touch: Disabled
 Parallel Workers: 8
 Concurrent Workers: 2
 Concurrent Refinement Workers: 8
 Periodic GC: Disabled

Heap:
 garbage-first heap   total 282624K, used 149062K [0x0000000600000000, 0x0000000800000000)
  region size 4096K, 3 young (12288K), 3 survivors (12288K)
 Metaspace       used 109179K, committed 110208K, reserved 1179648K
  class space    used 14937K, committed 15424K, reserved 1048576K

Heap Regions: E=young(eden), S=young(survivor), O=old, HS=humongous(starts), HC=humongous(continues), CS=collection set, F=free, OA=open archive, CA=closed archive, TAMS=top-at-mark-start (previous, next)
|   0|0x0000000600000000, 0x0000000600400000, 0x0000000600400000|100%|HS|  |TAMS 0x0000000600400000, 0x0000000600400000| Complete 
|   1|0x0000000600400000, 0x0000000600800000, 0x0000000600800000|100%| O|  |TAMS 0x0000000600800000, 0x0000000600800000| Untracked 
|   2|0x0000000600800000, 0x0000000600c00000, 0x0000000600c00000|100%| O|  |TAMS 0x0000000600c00000, 0x0000000600c00000| Untracked 
|   3|0x0000000600c00000, 0x0000000600fc7400, 0x0000000601000000| 94%| O|  |TAMS 0x0000000600fc7400, 0x0000000600fc7400| Untracked 
|   4|0x0000000601000000, 0x0000000601400000, 0x0000000601400000|100%| O|  |TAMS 0x0000000601400000, 0x0000000601400000| Untracked 
|   5|0x0000000601400000, 0x0000000601800000, 0x0000000601800000|100%| O|  |TAMS 0x0000000601800000, 0x0000000601800000| Untracked 
|   6|0x0000000601800000, 0x0000000601c00000, 0x0000000601c00000|100%| O|  |TAMS 0x0000000601c00000, 0x0000000601c00000| Untracked 
|   7|0x0000000601c00000, 0x0000000602000000, 0x0000000602000000|100%| O|  |TAMS 0x0000000601c00000, 0x0000000602000000| Untracked 
|   8|0x0000000602000000, 0x0000000602400000, 0x0000000602400000|100%| O|  |TAMS 0x0000000602400000, 0x0000000602400000| Untracked 
|   9|0x0000000602400000, 0x00000006027efc00, 0x0000000602800000| 98%| O|  |TAMS 0x00000006027efc00, 0x00000006027efc00| Untracked 
|  10|0x0000000602800000, 0x0000000602c00000, 0x0000000602c00000|100%| O|  |TAMS 0x0000000602c00000, 0x0000000602c00000| Untracked 
|  11|0x0000000602c00000, 0x0000000603000000, 0x0000000603000000|100%|HS|  |TAMS 0x0000000603000000, 0x0000000603000000| Complete 
|  12|0x0000000603000000, 0x0000000603400000, 0x0000000603400000|100%| O|  |TAMS 0x0000000603400000, 0x0000000603400000| Untracked 
|  13|0x0000000603400000, 0x0000000603800000, 0x0000000603800000|100%| O|  |TAMS 0x0000000603800000, 0x0000000603800000| Untracked 
|  14|0x0000000603800000, 0x0000000603c00000, 0x0000000603c00000|100%| O|  |TAMS 0x0000000603c00000, 0x0000000603c00000| Untracked 
|  15|0x0000000603c00000, 0x0000000604000000, 0x0000000604000000|100%| O|  |TAMS 0x0000000604000000, 0x0000000604000000| Untracked 
|  16|0x0000000604000000, 0x0000000604400000, 0x0000000604400000|100%| O|  |TAMS 0x000000060436e800, 0x0000000604400000| Untracked 
|  17|0x0000000604400000, 0x0000000604800000, 0x0000000604800000|100%| O|  |TAMS 0x0000000604800000, 0x0000000604800000| Untracked 
|  18|0x0000000604800000, 0x0000000604c00000, 0x0000000604c00000|100%| O|  |TAMS 0x0000000604800000, 0x0000000604c00000| Untracked 
|  19|0x0000000604c00000, 0x0000000605000000, 0x0000000605000000|100%|HS|  |TAMS 0x0000000604c00000, 0x0000000605000000| Complete 
|  20|0x0000000605000000, 0x0000000605400000, 0x0000000605400000|100%| O|  |TAMS 0x0000000605000000, 0x0000000605400000| Untracked 
|  21|0x0000000605400000, 0x0000000605800000, 0x0000000605800000|100%| O|  |TAMS 0x0000000605400000, 0x0000000605800000| Untracked 
|  22|0x0000000605800000, 0x0000000605c00000, 0x0000000605c00000|100%| O|  |TAMS 0x0000000605800000, 0x0000000605c00000| Untracked 
|  23|0x0000000605c00000, 0x0000000606000000, 0x0000000606000000|100%| O|  |TAMS 0x0000000605c00000, 0x0000000606000000| Untracked 
|  24|0x0000000606000000, 0x0000000606400000, 0x0000000606400000|100%| O|  |TAMS 0x0000000606000000, 0x0000000606400000| Untracked 
|  25|0x0000000606400000, 0x0000000606800000, 0x0000000606800000|100%| O|  |TAMS 0x0000000606400000, 0x0000000606800000| Untracked 
|  26|0x0000000606800000, 0x0000000606c00000, 0x0000000606c00000|100%| O|  |TAMS 0x0000000606800000, 0x0000000606c00000| Untracked 
|  27|0x0000000606c00000, 0x0000000607000000, 0x0000000607000000|100%| O|  |TAMS 0x0000000606c00000, 0x0000000607000000| Untracked 
|  28|0x0000000607000000, 0x0000000607400000, 0x0000000607400000|100%| O|  |TAMS 0x0000000607000000, 0x0000000607400000| Untracked 
|  29|0x0000000607400000, 0x0000000607800000, 0x0000000607800000|100%| O|  |TAMS 0x0000000607400000, 0x0000000607800000| Untracked 
|  30|0x0000000607800000, 0x0000000607c00000, 0x0000000607c00000|100%| O|  |TAMS 0x0000000607800000, 0x0000000607c00000| Untracked 
|  31|0x0000000607c00000, 0x0000000608000000, 0x0000000608000000|100%| O|  |TAMS 0x0000000607c00000, 0x0000000607d6fe00| Untracked 
|  32|0x0000000608000000, 0x0000000608400000, 0x0000000608400000|100%| O|  |TAMS 0x0000000608000000, 0x0000000608000000| Untracked 
|  33|0x0000000608400000, 0x0000000608701e00, 0x0000000608800000| 75%| O|  |TAMS 0x0000000608400000, 0x0000000608400000| Untracked 
|  34|0x0000000608800000, 0x0000000608800000, 0x0000000608c00000|  0%| F|  |TAMS 0x0000000608800000, 0x0000000608800000| Untracked 
|  35|0x0000000608c00000, 0x0000000608c00000, 0x0000000609000000|  0%| F|  |TAMS 0x0000000608c00000, 0x0000000608c00000| Untracked 
|  36|0x0000000609000000, 0x0000000609000000, 0x0000000609400000|  0%| F|  |TAMS 0x0000000609000000, 0x0000000609000000| Untracked 
|  37|0x0000000609400000, 0x0000000609400000, 0x0000000609800000|  0%| F|  |TAMS 0x0000000609400000, 0x0000000609400000| Untracked 
|  38|0x0000000609800000, 0x0000000609800000, 0x0000000609c00000|  0%| F|  |TAMS 0x0000000609800000, 0x0000000609800000| Untracked 
|  39|0x0000000609c00000, 0x0000000609c00000, 0x000000060a000000|  0%| F|  |TAMS 0x0000000609c00000, 0x0000000609c00000| Untracked 
|  40|0x000000060a000000, 0x000000060a000000, 0x000000060a400000|  0%| F|  |TAMS 0x000000060a000000, 0x000000060a000000| Untracked 
|  41|0x000000060a400000, 0x000000060a400000, 0x000000060a800000|  0%| F|  |TAMS 0x000000060a400000, 0x000000060a400000| Untracked 
|  42|0x000000060a800000, 0x000000060a800000, 0x000000060ac00000|  0%| F|  |TAMS 0x000000060a800000, 0x000000060a800000| Untracked 
|  43|0x000000060ac00000, 0x000000060aed8d68, 0x000000060b000000| 71%| S|CS|TAMS 0x000000060ac00000, 0x000000060ac00000| Complete 
|  44|0x000000060b000000, 0x000000060b000000, 0x000000060b400000|  0%| F|  |TAMS 0x000000060b000000, 0x000000060b000000| Untracked 
|  45|0x000000060b400000, 0x000000060b400000, 0x000000060b800000|  0%| F|  |TAMS 0x000000060b400000, 0x000000060b400000| Untracked 
|  46|0x000000060b800000, 0x000000060bc00000, 0x000000060bc00000|100%| S|CS|TAMS 0x000000060b800000, 0x000000060b800000| Complete 
|  47|0x000000060bc00000, 0x000000060c000000, 0x000000060c000000|100%| S|CS|TAMS 0x000000060bc00000, 0x000000060bc00000| Complete 
|  48|0x000000060c000000, 0x000000060c000000, 0x000000060c400000|  0%| F|  |TAMS 0x000000060c000000, 0x000000060c000000| Untracked 
|  49|0x000000060c400000, 0x000000060c400000, 0x000000060c800000|  0%| F|  |TAMS 0x000000060c400000, 0x000000060c400000| Untracked 
|  50|0x000000060c800000, 0x000000060c800000, 0x000000060cc00000|  0%| F|  |TAMS 0x000000060c800000, 0x000000060c800000| Untracked 
|  51|0x000000060cc00000, 0x000000060cc00000, 0x000000060d000000|  0%| F|  |TAMS 0x000000060cc00000, 0x000000060cc00000| Untracked 
|  52|0x000000060d000000, 0x000000060d000000, 0x000000060d400000|  0%| F|  |TAMS 0x000000060d000000, 0x000000060d000000| Untracked 
|  53|0x000000060d400000, 0x000000060d400000, 0x000000060d800000|  0%| F|  |TAMS 0x000000060d400000, 0x000000060d400000| Untracked 
|  54|0x000000060d800000, 0x000000060d800000, 0x000000060dc00000|  0%| F|  |TAMS 0x000000060d800000, 0x000000060d800000| Untracked 
|  55|0x000000060dc00000, 0x000000060dc00000, 0x000000060e000000|  0%| F|  |TAMS 0x000000060dc00000, 0x000000060dc00000| Untracked 
|  56|0x000000060e000000, 0x000000060e000000, 0x000000060e400000|  0%| F|  |TAMS 0x000000060e000000, 0x000000060e000000| Untracked 
|  57|0x000000060e400000, 0x000000060e400000, 0x000000060e800000|  0%| F|  |TAMS 0x000000060e400000, 0x000000060e400000| Untracked 
|  58|0x000000060e800000, 0x000000060e800000, 0x000000060ec00000|  0%| F|  |TAMS 0x000000060e800000, 0x000000060e800000| Untracked 
|  59|0x000000060ec00000, 0x000000060ec00000, 0x000000060f000000|  0%| F|  |TAMS 0x000000060ec00000, 0x000000060ec00000| Untracked 
|  60|0x000000060f000000, 0x000000060f000000, 0x000000060f400000|  0%| F|  |TAMS 0x000000060f000000, 0x000000060f000000| Untracked 
|  61|0x000000060f400000, 0x000000060f400000, 0x000000060f800000|  0%| F|  |TAMS 0x000000060f400000, 0x000000060f400000| Untracked 
|  62|0x000000060f800000, 0x000000060f800000, 0x000000060fc00000|  0%| F|  |TAMS 0x000000060f800000, 0x000000060f800000| Untracked 
|  63|0x000000060fc00000, 0x000000060fc00000, 0x0000000610000000|  0%| F|  |TAMS 0x000000060fc00000, 0x000000060fc00000| Untracked 
|  64|0x0000000610000000, 0x0000000610000000, 0x0000000610400000|  0%| F|  |TAMS 0x0000000610000000, 0x0000000610000000| Untracked 
|  65|0x0000000610400000, 0x0000000610400000, 0x0000000610800000|  0%| F|  |TAMS 0x0000000610400000, 0x0000000610400000| Untracked 
|  66|0x0000000610800000, 0x0000000610800000, 0x0000000610c00000|  0%| F|  |TAMS 0x0000000610800000, 0x0000000610800000| Untracked 
|  67|0x0000000610c00000, 0x0000000610c00000, 0x0000000611000000|  0%| F|  |TAMS 0x0000000610c00000, 0x0000000610c00000| Untracked 
|  68|0x0000000611000000, 0x0000000611000000, 0x0000000611400000|  0%| F|  |TAMS 0x0000000611000000, 0x0000000611000000| Untracked 

Card table byte_map: [0x00000150d46a0000,0x00000150d56a0000] _byte_map_base: 0x00000150d16a0000

Marking Bits (Prev, Next): (CMBitMap*) 0x00000150bc8dc980, (CMBitMap*) 0x00000150bc8dc9c0
 Prev Bits: [0x00000150d66a0000, 0x00000150de6a0000)
 Next Bits: [0x00000150de6a0000, 0x00000150e66a0000)

Polling page: 0x00000150ba7c0000

Metaspace:

Usage:
  Non-class:     92.03 MB used.
      Class:     14.59 MB used.
       Both:    106.62 MB used.

Virtual space:
  Non-class space:      128.00 MB reserved,      92.56 MB ( 72%) committed,  2 nodes.
      Class space:        1.00 GB reserved,      15.06 MB (  1%) committed,  1 nodes.
             Both:        1.12 GB reserved,     107.62 MB (  9%) committed. 

Chunk freelists:
   Non-Class:  3.16 MB
       Class:  960.00 KB
        Both:  4.09 MB

MaxMetaspaceSize: unlimited
CompressedClassSpaceSize: 1.00 GB
Initial GC threshold: 21.00 MB
Current GC threshold: 108.88 MB
CDS: on
MetaspaceReclaimPolicy: balanced
 - commit_granule_bytes: 65536.
 - commit_granule_words: 8192.
 - virtual_space_node_default_size: 8388608.
 - enlarge_chunks_in_place: 1.
 - new_chunks_are_fully_committed: 0.
 - uncommit_free_chunks: 1.
 - use_allocation_guard: 0.
 - handle_deallocations: 1.


Internal statistics:

num_allocs_failed_limit: 12.
num_arena_births: 1642.
num_arena_deaths: 0.
num_vsnodes_births: 3.
num_vsnodes_deaths: 0.
num_space_committed: 1721.
num_space_uncommitted: 0.
num_chunks_returned_to_freelist: 12.
num_chunks_taken_from_freelist: 6502.
num_chunk_merges: 12.
num_chunk_splits: 4193.
num_chunks_enlarged: 2623.
num_inconsistent_stats: 0.

CodeHeap 'non-profiled nmethods': size=120000Kb used=9508Kb max_used=9508Kb free=110491Kb
 bounds [0x00000150cbe40000, 0x00000150cc790000, 0x00000150d3370000]
CodeHeap 'profiled nmethods': size=120000Kb used=27011Kb max_used=27011Kb free=92988Kb
 bounds [0x00000150c4370000, 0x00000150c5de0000, 0x00000150cb8a0000]
CodeHeap 'non-nmethods': size=5760Kb used=1790Kb max_used=1831Kb free=3969Kb
 bounds [0x00000150cb8a0000, 0x00000150cbb10000, 0x00000150cbe40000]
 total_blobs=15087 nmethods=14210 adapters=787
 compilation: enabled
              stopped_count=0, restarted_count=0
 full_count=0

Compilation events (20 events):
Event: 31.677 Thread 0x00000150e887d050 16610       3       org.gradle.api.internal.artifacts.ivyservice.ivyresolve.ComponentSelectionRulesProcessor::apply (27 bytes)
Event: 31.678 Thread 0x00000150e887d050 nmethod 16610 0x00000150c5dcf510 code [0x00000150c5dcf6c0, 0x00000150c5dcf8b8]
Event: 31.678 Thread 0x00000150e887d050 16606       3       org.gradle.internal.component.external.model.AbstractLazyModuleComponentResolveMetadata::isMissing (5 bytes)
Event: 31.678 Thread 0x0000015131d1d2d0 nmethod 16604 0x00000150cc786f10 code [0x00000150cc7870e0, 0x00000150cc788188]
Event: 31.678 Thread 0x00000150e887d050 nmethod 16606 0x00000150c5dcf990 code [0x00000150c5dcfb20, 0x00000150c5dcfc58]
Event: 31.678 Thread 0x00000150e887d050 16639       1       java.util.concurrent.ThreadPoolExecutor::getThreadFactory (5 bytes)
Event: 31.678 Thread 0x00000150e887d050 nmethod 16639 0x00000150cc788610 code [0x00000150cc7887a0, 0x00000150cc788878]
Event: 31.678 Thread 0x0000015131d1d2d0 16654       4       org.gradle.internal.snapshot.impl.AbstractIsolatableScalarValue::<init> (6 bytes)
Event: 31.678 Thread 0x00000150e887d050 16637       1       org.gradle.internal.component.external.model.UrlBackedArtifactMetadata::getComponentId (5 bytes)
Event: 31.679 Thread 0x00000150e887d050 nmethod 16637 0x00000150cc788910 code [0x00000150cc788aa0, 0x00000150cc788b78]
Event: 31.679 Thread 0x00000150e887d050 16649       1       org.gradle.api.internal.project.ProjectIdentity::getProjectPath (5 bytes)
Event: 31.679 Thread 0x00000150e887d050 nmethod 16649 0x00000150cc788c10 code [0x00000150cc788da0, 0x00000150cc788e78]
Event: 31.679 Thread 0x00000150e887d050 16655       3       org.gradle.api.internal.artifacts.ivyservice.resolveengine.graph.builder.DependencyGraphBuilder::resolveEdges (47 bytes)
Event: 31.680 Thread 0x00000150e887d050 nmethod 16655 0x00000150c5dcfd10 code [0x00000150c5dcff00, 0x00000150c5dd02d8]
Event: 31.681 Thread 0x0000015131d1d2d0 nmethod 16654 0x00000150cc788f10 code [0x00000150cc789080, 0x00000150cc7891b8]
Event: 31.681 Thread 0x0000015131d1d2d0 16628       4       com.esotericsoftware.kryo.io.Output::writeVarLong (1304 bytes)
Event: 31.681 Thread 0x00000150e887d050 16656       3       org.gradle.internal.component.model.DefaultExternalModuleComponentGraphResolveState$DefaultConfigurationGraphResolveState::getExcludes (10 bytes)
Event: 31.682 Thread 0x00000150e887d050 nmethod 16656 0x00000150c5dd0490 code [0x00000150c5dd0640, 0x00000150c5dd0828]
Event: 31.683 Thread 0x00000150e887d050 16657       3       org.gradle.api.internal.artifacts.ivyservice.resolveengine.graph.builder.ModuleResolveState::select (37 bytes)
Event: 31.683 Thread 0x00000150e887d050 nmethod 16657 0x00000150c5dd0910 code [0x00000150c5dd0ac0, 0x00000150c5dd0c68]

GC Heap History (20 events):
Event: 15.103 GC heap after
{Heap after GC invocations=22 (full 0):
 garbage-first heap   total 147456K, used 72854K [0x0000000600000000, 0x0000000800000000)
  region size 4096K, 1 young (4096K), 1 survivors (4096K)
 Metaspace       used 63869K, committed 64512K, reserved 1114112K
  class space    used 8751K, committed 9088K, reserved 1048576K
}
Event: 15.798 GC heap before
{Heap before GC invocations=22 (full 0):
 garbage-first heap   total 147456K, used 109718K [0x0000000600000000, 0x0000000800000000)
  region size 4096K, 11 young (45056K), 1 survivors (4096K)
 Metaspace       used 65871K, committed 66560K, reserved 1114112K
  class space    used 9033K, committed 9344K, reserved 1048576K
}
Event: 15.807 GC heap after
{Heap after GC invocations=23 (full 0):
 garbage-first heap   total 147456K, used 75517K [0x0000000600000000, 0x0000000800000000)
  region size 4096K, 2 young (8192K), 2 survivors (8192K)
 Metaspace       used 65871K, committed 66560K, reserved 1114112K
  class space    used 9033K, committed 9344K, reserved 1048576K
}
Event: 16.481 GC heap before
{Heap before GC invocations=24 (full 0):
 garbage-first heap   total 147456K, used 112381K [0x0000000600000000, 0x0000000800000000)
  region size 4096K, 11 young (45056K), 2 survivors (8192K)
 Metaspace       used 68313K, committed 69056K, reserved 1114112K
  class space    used 9357K, committed 9728K, reserved 1048576K
}
Event: 16.489 GC heap after
{Heap after GC invocations=25 (full 0):
 garbage-first heap   total 147456K, used 77360K [0x0000000600000000, 0x0000000800000000)
  region size 4096K, 2 young (8192K), 2 survivors (8192K)
 Metaspace       used 68313K, committed 69056K, reserved 1114112K
  class space    used 9357K, committed 9728K, reserved 1048576K
}
Event: 16.809 GC heap before
{Heap before GC invocations=25 (full 0):
 garbage-first heap   total 147456K, used 89648K [0x0000000600000000, 0x0000000800000000)
  region size 4096K, 6 young (24576K), 2 survivors (8192K)
 Metaspace       used 69992K, committed 70720K, reserved 1114112K
  class space    used 9598K, committed 9984K, reserved 1048576K
}
Event: 16.816 GC heap after
{Heap after GC invocations=26 (full 0):
 garbage-first heap   total 282624K, used 78217K [0x0000000600000000, 0x0000000800000000)
  region size 4096K, 1 young (4096K), 1 survivors (4096K)
 Metaspace       used 69992K, committed 70720K, reserved 1114112K
  class space    used 9598K, committed 9984K, reserved 1048576K
}
Event: 19.385 GC heap before
{Heap before GC invocations=26 (full 0):
 garbage-first heap   total 282624K, used 217481K [0x0000000600000000, 0x0000000800000000)
  region size 4096K, 34 young (139264K), 1 survivors (4096K)
 Metaspace       used 77510K, committed 78272K, reserved 1179648K
  class space    used 10578K, committed 10944K, reserved 1048576K
}
Event: 19.397 GC heap after
{Heap after GC invocations=27 (full 0):
 garbage-first heap   total 282624K, used 91548K [0x0000000600000000, 0x0000000800000000)
  region size 4096K, 3 young (12288K), 3 survivors (12288K)
 Metaspace       used 77510K, committed 78272K, reserved 1179648K
  class space    used 10578K, committed 10944K, reserved 1048576K
}
Event: 21.932 GC heap before
{Heap before GC invocations=27 (full 0):
 garbage-first heap   total 282624K, used 218524K [0x0000000600000000, 0x0000000800000000)
  region size 4096K, 34 young (139264K), 3 survivors (12288K)
 Metaspace       used 85968K, committed 86720K, reserved 1179648K
  class space    used 11861K, committed 12224K, reserved 1048576K
}
Event: 21.952 GC heap after
{Heap after GC invocations=28 (full 0):
 garbage-first heap   total 282624K, used 96307K [0x0000000600000000, 0x0000000800000000)
  region size 4096K, 4 young (16384K), 4 survivors (16384K)
 Metaspace       used 85968K, committed 86720K, reserved 1179648K
  class space    used 11861K, committed 12224K, reserved 1048576K
}
Event: 24.233 GC heap before
{Heap before GC invocations=28 (full 0):
 garbage-first heap   total 282624K, used 223283K [0x0000000600000000, 0x0000000800000000)
  region size 4096K, 35 young (143360K), 4 survivors (16384K)
 Metaspace       used 89484K, committed 90368K, reserved 1179648K
  class space    used 12373K, committed 12800K, reserved 1048576K
}
Event: 24.253 GC heap after
{Heap after GC invocations=29 (full 0):
 garbage-first heap   total 282624K, used 106324K [0x0000000600000000, 0x0000000800000000)
  region size 4096K, 5 young (20480K), 5 survivors (20480K)
 Metaspace       used 89484K, committed 90368K, reserved 1179648K
  class space    used 12373K, committed 12800K, reserved 1048576K
}
Event: 26.593 GC heap before
{Heap before GC invocations=29 (full 0):
 garbage-first heap   total 282624K, used 221012K [0x0000000600000000, 0x0000000800000000)
  region size 4096K, 33 young (135168K), 5 survivors (20480K)
 Metaspace       used 92179K, committed 93184K, reserved 1179648K
  class space    used 12695K, committed 13184K, reserved 1048576K
}
Event: 26.635 GC heap after
{Heap after GC invocations=30 (full 0):
 garbage-first heap   total 282624K, used 120008K [0x0000000600000000, 0x0000000800000000)
  region size 4096K, 4 young (16384K), 4 survivors (16384K)
 Metaspace       used 92179K, committed 93184K, reserved 1179648K
  class space    used 12695K, committed 13184K, reserved 1048576K
}
Event: 28.840 GC heap before
{Heap before GC invocations=30 (full 0):
 garbage-first heap   total 282624K, used 222408K [0x0000000600000000, 0x0000000800000000)
  region size 4096K, 29 young (118784K), 4 survivors (16384K)
 Metaspace       used 99315K, committed 100288K, reserved 1179648K
  class space    used 13649K, committed 14144K, reserved 1048576K
}
Event: 28.863 GC heap after
{Heap after GC invocations=31 (full 0):
 garbage-first heap   total 282624K, used 128601K [0x0000000600000000, 0x0000000800000000)
  region size 4096K, 3 young (12288K), 3 survivors (12288K)
 Metaspace       used 99315K, committed 100288K, reserved 1179648K
  class space    used 13649K, committed 14144K, reserved 1048576K
}
Event: 30.495 GC heap before
{Heap before GC invocations=31 (full 0):
 garbage-first heap   total 282624K, used 218713K [0x0000000600000000, 0x0000000800000000)
  region size 4096K, 26 young (106496K), 3 survivors (12288K)
 Metaspace       used 105448K, committed 106496K, reserved 1179648K
  class space    used 14476K, committed 14976K, reserved 1048576K
}
Event: 30.532 GC heap after
{Heap after GC invocations=32 (full 0):
 garbage-first heap   total 282624K, used 138265K [0x0000000600000000, 0x0000000800000000)
  region size 4096K, 3 young (12288K), 3 survivors (12288K)
 Metaspace       used 105448K, committed 106496K, reserved 1179648K
  class space    used 14476K, committed 14976K, reserved 1048576K
}
Event: 31.685 GC heap before
{Heap before GC invocations=32 (full 0):
 garbage-first heap   total 282624K, used 224281K [0x0000000600000000, 0x0000000800000000)
  region size 4096K, 24 young (98304K), 3 survivors (12288K)
 Metaspace       used 109179K, committed 110208K, reserved 1179648K
  class space    used 14937K, committed 15424K, reserved 1048576K
}

Dll operation events (15 events):
Event: 0.010 Loaded shared library C:\Program Files\Java\jdk-17.0.14+7\bin\java.dll
Event: 0.044 Loaded shared library C:\Program Files\Java\jdk-17.0.14+7\bin\jsvml.dll
Event: 0.130 Loaded shared library C:\Program Files\Java\jdk-17.0.14+7\bin\zip.dll
Event: 0.136 Loaded shared library C:\Program Files\Java\jdk-17.0.14+7\bin\instrument.dll
Event: 0.142 Loaded shared library C:\Program Files\Java\jdk-17.0.14+7\bin\net.dll
Event: 0.144 Loaded shared library C:\Program Files\Java\jdk-17.0.14+7\bin\nio.dll
Event: 0.147 Loaded shared library C:\Program Files\Java\jdk-17.0.14+7\bin\zip.dll
Event: 0.470 Loaded shared library C:\Program Files\Java\jdk-17.0.14+7\bin\jimage.dll
Event: 0.635 Loaded shared library C:\Program Files\Java\jdk-17.0.14+7\bin\verify.dll
Event: 0.756 Loaded shared library C:\Users\Administrator\.gradle\native\1def1411415f61bf3af743bc5b6707747c0891f09f0c88961ee8f79bc544acac\windows-amd64\native-platform.dll
Event: 0.773 Loaded shared library C:\Users\Administrator\.gradle\native\0.2.7\x86_64-windows-gnu\gradle-fileevents.dll
Event: 2.118 Loaded shared library C:\Program Files\Java\jdk-17.0.14+7\bin\management.dll
Event: 2.122 Loaded shared library C:\Program Files\Java\jdk-17.0.14+7\bin\management_ext.dll
Event: 2.321 Loaded shared library C:\Program Files\Java\jdk-17.0.14+7\bin\extnet.dll
Event: 2.604 Loaded shared library C:\Program Files\Java\jdk-17.0.14+7\bin\sunmscapi.dll

Deoptimization events (20 events):
Event: 31.468 Thread 0x00000151316cd0e0 Uncommon trap: trap_request=0xffffff45 fr.pc=0x00000150cc5226dc relative=0x000000000000013c
Event: 31.468 Thread 0x00000151316ce520 Uncommon trap: trap_request=0xffffff45 fr.pc=0x00000150cc5226dc relative=0x000000000000013c
Event: 31.468 Thread 0x00000151316cd0e0 Uncommon trap: reason=unstable_if action=reinterpret pc=0x00000150cc5226dc method=org.apache.commons.io.FilenameUtils.getAdsCriticalOffset(Ljava/lang/String;)I @ 23 c2
Event: 31.468 Thread 0x00000151316ce520 Uncommon trap: reason=unstable_if action=reinterpret pc=0x00000150cc5226dc method=org.apache.commons.io.FilenameUtils.getAdsCriticalOffset(Ljava/lang/String;)I @ 23 c2
Event: 31.468 Thread 0x00000151316cd0e0 DEOPT PACKING pc=0x00000150cc5226dc sp=0x00000011014fbe90
Event: 31.468 Thread 0x00000151316ce520 DEOPT PACKING pc=0x00000150cc5226dc sp=0x00000011013fc1d0
Event: 31.468 Thread 0x00000151316cd0e0 DEOPT UNPACKING pc=0x00000150cb8f69a3 sp=0x00000011014fbe28 mode 2
Event: 31.468 Thread 0x00000151316ce520 DEOPT UNPACKING pc=0x00000150cb8f69a3 sp=0x00000011013fc168 mode 2
Event: 31.473 Thread 0x00000151316ccbd0 Uncommon trap: trap_request=0xffffff45 fr.pc=0x00000150cbf3e710 relative=0x00000000000001f0
Event: 31.473 Thread 0x00000151316ccbd0 Uncommon trap: reason=unstable_if action=reinterpret pc=0x00000150cbf3e710 method=java.util.StringTokenizer.skipDelimiters(I)I @ 64 c2
Event: 31.473 Thread 0x00000151316ccbd0 DEOPT PACKING pc=0x00000150cbf3e710 sp=0x00000011012fb010
Event: 31.473 Thread 0x00000151316ccbd0 DEOPT UNPACKING pc=0x00000150cb8f69a3 sp=0x00000011012fafa0 mode 2
Event: 31.485 Thread 0x000001512fe5eb90 Uncommon trap: trap_request=0xffffffde fr.pc=0x00000150cc0e75c8 relative=0x0000000000000368
Event: 31.485 Thread 0x000001512fe5eb90 Uncommon trap: reason=class_check action=maybe_recompile pc=0x00000150cc0e75c8 method=java.util.stream.AbstractPipeline.copyIntoWithCancel(Ljava/util/stream/Sink;Ljava/util/Spliterator;)Z @ 32 c2
Event: 31.485 Thread 0x000001512fe5eb90 DEOPT PACKING pc=0x00000150cc0e75c8 sp=0x000000117f2f9110
Event: 31.485 Thread 0x000001512fe5eb90 DEOPT UNPACKING pc=0x00000150cb8f69a3 sp=0x000000117f2f8fd0 mode 2
Event: 31.599 Thread 0x00000151316ce520 Uncommon trap: trap_request=0xffffff45 fr.pc=0x00000150cc36fa6c relative=0x00000000000001cc
Event: 31.599 Thread 0x00000151316ce520 Uncommon trap: reason=unstable_if action=reinterpret pc=0x00000150cc36fa6c method=kotlin.text.StringsKt__StringsJVMKt.startsWith(Ljava/lang/String;Ljava/lang/String;Z)Z @ 14 c2
Event: 31.600 Thread 0x00000151316ce520 DEOPT PACKING pc=0x00000150cc36fa6c sp=0x00000011013fb2e0
Event: 31.600 Thread 0x00000151316ce520 DEOPT UNPACKING pc=0x00000150cb8f69a3 sp=0x00000011013fb290 mode 2

Classes loaded (20 events):
Event: 31.383 Loading class com/sun/org/apache/xerces/internal/dom/ElementNSImpl done
Event: 31.386 Loading class com/sun/org/apache/xerces/internal/dom/DeferredElementNSImpl done
Event: 31.389 Loading class com/sun/org/apache/xerces/internal/dom/AttributeMap
Event: 31.389 Loading class com/sun/org/apache/xerces/internal/dom/NamedNodeMapImpl
Event: 31.390 Loading class com/sun/org/apache/xerces/internal/dom/NamedNodeMapImpl done
Event: 31.390 Loading class com/sun/org/apache/xerces/internal/dom/AttributeMap done
Event: 31.390 Loading class com/sun/org/apache/xerces/internal/dom/DeferredAttrNSImpl
Event: 31.390 Loading class com/sun/org/apache/xerces/internal/dom/AttrNSImpl
Event: 31.391 Loading class com/sun/org/apache/xerces/internal/dom/AttrImpl
Event: 31.391 Loading class com/sun/org/apache/xerces/internal/dom/AttrImpl done
Event: 31.391 Loading class com/sun/org/apache/xerces/internal/dom/AttrNSImpl done
Event: 31.391 Loading class com/sun/org/apache/xerces/internal/dom/DeferredAttrNSImpl done
Event: 31.467 Loading class java/util/stream/SortedOps$RefSortingSink
Event: 31.467 Loading class java/util/stream/SortedOps$RefSortingSink done
Event: 31.533 Loading class java/util/stream/Nodes$IntFixedNodeBuilder
Event: 31.540 Loading class java/util/stream/Node$Builder$OfInt
Event: 31.541 Loading class java/util/stream/Node$Builder$OfInt done
Event: 31.541 Loading class java/util/stream/Nodes$IntArrayNode
Event: 31.546 Loading class java/util/stream/Nodes$IntArrayNode done
Event: 31.547 Loading class java/util/stream/Nodes$IntFixedNodeBuilder done

Classes unloaded (0 events):
No events

Classes redefined (0 events):
No events

Internal exceptions (20 events):
Event: 30.815 Thread 0x0000015135cbf540 Exception <a 'sun/nio/fs/WindowsException'{0x000000060fb05248}> (0x000000060fb05248) 
thrown [s\src\hotspot\share\prims\jni.cpp, line 516]
Event: 30.815 Thread 0x000001512fe61920 Exception <a 'sun/nio/fs/WindowsException'{0x000000060fb28618}> (0x000000060fb28618) 
thrown [s\src\hotspot\share\prims\jni.cpp, line 516]
Event: 30.815 Thread 0x000001512fe62850 Exception <a 'sun/nio/fs/WindowsException'{0x000000060fad2080}> (0x000000060fad2080) 
thrown [s\src\hotspot\share\prims\jni.cpp, line 516]
Event: 30.815 Thread 0x000001512fe5fac0 Exception <a 'sun/nio/fs/WindowsException'{0x0000000610d06a08}> (0x0000000610d06a08) 
thrown [s\src\hotspot\share\prims\jni.cpp, line 516]
Event: 30.816 Thread 0x000001512fe62850 Exception <a 'sun/nio/fs/WindowsException'{0x000000060fad3be8}> (0x000000060fad3be8) 
thrown [s\src\hotspot\share\prims\jni.cpp, line 516]
Event: 30.816 Thread 0x0000015135cbf540 Exception <a 'sun/nio/fs/WindowsException'{0x000000060fb07178}> (0x000000060fb07178) 
thrown [s\src\hotspot\share\prims\jni.cpp, line 516]
Event: 30.816 Thread 0x000001512fe5fac0 Exception <a 'sun/nio/fs/WindowsException'{0x000000060fb4ef08}> (0x000000060fb4ef08) 
thrown [s\src\hotspot\share\prims\jni.cpp, line 516]
Event: 30.817 Thread 0x000001512fe62340 Exception <a 'sun/nio/fs/WindowsException'{0x0000000610159118}> (0x0000000610159118) 
thrown [s\src\hotspot\share\prims\jni.cpp, line 516]
Event: 30.818 Thread 0x0000015135cbf540 Exception <a 'sun/nio/fs/WindowsException'{0x000000060fb08f68}> (0x000000060fb08f68) 
thrown [s\src\hotspot\share\prims\jni.cpp, line 516]
Event: 30.819 Thread 0x000001512fe62340 Exception <a 'sun/nio/fs/WindowsException'{0x000000061015ad68}> (0x000000061015ad68) 
thrown [s\src\hotspot\share\prims\jni.cpp, line 516]
Event: 30.819 Thread 0x000001512fe5eb90 Exception <a 'sun/nio/fs/WindowsException'{0x000000060f90f620}> (0x000000060f90f620) 
thrown [s\src\hotspot\share\prims\jni.cpp, line 516]
Event: 30.819 Thread 0x000001512fe62340 Exception <a 'sun/nio/fs/WindowsException'{0x000000061015c858}> (0x000000061015c858) 
thrown [s\src\hotspot\share\prims\jni.cpp, line 516]
Event: 30.826 Thread 0x000001512fe5eb90 Exception <a 'java/lang/NoSuchMethodError'{0x000000060fba5508}: static Lcom/android/build/api/variant/BuildConfigField;.<clinit>()V> (0x000000060fba5508) 
thrown [s\src\hotspot\share\prims\jni.cpp, line 1112]
Event: 30.844 Thread 0x0000015135cbf540 Implicit null exception at 0x00000150cc59e254 to 0x00000150cc59fa2c
Event: 30.881 Thread 0x000001512fe63c90 Exception <a 'java/lang/NoSuchMethodError'{0x000000060f595478}: 'int java.lang.invoke.DirectMethodHandle$Holder.invokeSpecial(java.lang.Object, java.lang.Object, int)'> (0x000000060f595478) 
thrown [s\src\hotspot\share\interpreter\linkResolver.cpp, line 759]
Event: 31.074 Thread 0x000001512fe5eb90 Exception <a 'sun/nio/fs/WindowsException'{0x000000060e83feb0}> (0x000000060e83feb0) 
thrown [s\src\hotspot\share\prims\jni.cpp, line 516]
Event: 31.074 Thread 0x000001512fe5eb90 Exception <a 'sun/nio/fs/WindowsException'{0x000000060e841f60}> (0x000000060e841f60) 
thrown [s\src\hotspot\share\prims\jni.cpp, line 516]
Event: 31.452 Thread 0x00000151316ccbd0 Implicit null exception at 0x00000150cc570d70 to 0x00000150cc57249c
Event: 31.454 Thread 0x00000151316ce520 Implicit null exception at 0x00000150cc57d9c8 to 0x00000150cc582ce8
Event: 31.457 Thread 0x00000151316cd0e0 Implicit null exception at 0x00000150cc5912cc to 0x00000150cc595b30

VM Operations (20 events):
Event: 30.763 Executing VM operation: HandshakeAllThreads done
Event: 30.844 Executing VM operation: ICBufferFull
Event: 30.844 Executing VM operation: ICBufferFull done
Event: 30.998 Executing VM operation: HandshakeAllThreads
Event: 30.999 Executing VM operation: HandshakeAllThreads done
Event: 31.002 Executing VM operation: HandshakeAllThreads
Event: 31.002 Executing VM operation: HandshakeAllThreads done
Event: 31.100 Executing VM operation: ICBufferFull
Event: 31.101 Executing VM operation: ICBufferFull done
Event: 31.235 Executing VM operation: ICBufferFull
Event: 31.235 Executing VM operation: ICBufferFull done
Event: 31.385 Executing VM operation: HandshakeAllThreads
Event: 31.386 Executing VM operation: HandshakeAllThreads done
Event: 31.388 Executing VM operation: HandshakeAllThreads
Event: 31.389 Executing VM operation: HandshakeAllThreads done
Event: 31.579 Executing VM operation: HandshakeAllThreads
Event: 31.580 Executing VM operation: HandshakeAllThreads done
Event: 31.614 Executing VM operation: ICBufferFull
Event: 31.617 Executing VM operation: ICBufferFull done
Event: 31.684 Executing VM operation: G1CollectForAllocation

Memory protections (0 events):
No events

Nmethod flushes (20 events):
Event: 28.214 Thread 0x00000150e8889f80 flushing  nmethod 0x00000150c59be210
Event: 28.214 Thread 0x00000150e8889f80 flushing  nmethod 0x00000150c59c3e10
Event: 28.214 Thread 0x00000150e8889f80 flushing  nmethod 0x00000150c59c4f10
Event: 28.214 Thread 0x00000150e8889f80 flushing  nmethod 0x00000150c59c6290
Event: 28.214 Thread 0x00000150e8889f80 flushing  nmethod 0x00000150c59c9e10
Event: 28.214 Thread 0x00000150e8889f80 flushing  nmethod 0x00000150c59d4c10
Event: 28.214 Thread 0x00000150e8889f80 flushing  nmethod 0x00000150c59d9e90
Event: 28.214 Thread 0x00000150e8889f80 flushing  nmethod 0x00000150c5a00b10
Event: 28.214 Thread 0x00000150e8889f80 flushing  nmethod 0x00000150c5a14910
Event: 28.215 Thread 0x00000150e8889f80 flushing  nmethod 0x00000150c5a4fd10
Event: 28.215 Thread 0x00000150e8889f80 flushing  nmethod 0x00000150c5a52190
Event: 28.215 Thread 0x00000150e8889f80 flushing  nmethod 0x00000150c5ab5510
Event: 28.215 Thread 0x00000150e8889f80 flushing  nmethod 0x00000150c5ad4890
Event: 28.216 Thread 0x00000150e8889f80 flushing  nmethod 0x00000150c5afe390
Event: 28.216 Thread 0x00000150e8889f80 flushing  nmethod 0x00000150c5b29110
Event: 28.216 Thread 0x00000150e8889f80 flushing  nmethod 0x00000150c5b33a90
Event: 30.469 Thread 0x00000150e8889f80 flushing  nmethod 0x00000150c4576f90
Event: 30.473 Thread 0x00000150e8889f80 flushing  nmethod 0x00000150c4721510
Event: 30.488 Thread 0x00000150e8889f80 flushing  nmethod 0x00000150c50fd890
Event: 30.488 Thread 0x00000150e8889f80 flushing  nmethod 0x00000150c511f290

Events (20 events):
Event: 31.645 Thread 0x000001512fe61920 Thread added: 0x0000015135987f30
Event: 31.646 Thread 0x000001512fe62340 Thread added: 0x0000015135984c90
Event: 31.646 Thread 0x000001512fe61920 Thread added: 0x0000015132e47340
Event: 31.646 Thread 0x000001512fe61920 Thread added: 0x0000015132e4aaf0
Event: 31.646 Thread 0x000001512fe62340 Thread added: 0x0000015132e45f00
Event: 31.648 Thread 0x000001512fe60f00 Thread added: 0x0000015132e48780
Event: 31.648 Thread 0x000001512fe61920 Thread added: 0x0000015132e49bc0
Event: 31.649 Thread 0x000001512fe62340 Thread added: 0x0000015132e46e30
Event: 31.649 Thread 0x000001512fe60f00 Thread added: 0x0000015132e491a0
Event: 31.650 Thread 0x000001512fe61920 Thread added: 0x0000015132e4b000
Event: 31.650 Thread 0x000001512fe62340 Thread added: 0x0000015132e46410
Event: 31.650 Thread 0x000001512fe62340 Thread added: 0x0000015132e459f0
Event: 31.651 Thread 0x000001512fe62340 Thread added: 0x0000015132e445b0
Event: 31.652 Thread 0x000001512fe60f00 Thread added: 0x0000015132e47d60
Event: 31.652 Thread 0x000001512fe61920 Thread added: 0x0000015132e4ba20
Event: 31.653 Thread 0x000001512fe61920 Thread added: 0x0000015132e4bf30
Event: 31.653 Thread 0x000001512fe61920 Thread added: 0x0000015132e48c90
Event: 31.654 Thread 0x000001512fe61920 Thread added: 0x0000015132e46920
Event: 31.659 Thread 0x000001512fe60f00 Thread added: 0x0000015132e44ac0
Event: 31.685 Thread 0x000001512fe60f00 Thread added: 0x0000015132e47850


Dynamic libraries:
0x00007ff640a70000 - 0x00007ff640a7e000 	C:\Program Files\Java\jdk-17.0.14+7\bin\java.exe
0x00007ff81c950000 - 0x00007ff81cb50000 	C:\Windows\SYSTEM32\ntdll.dll
0x00007ff81bf90000 - 0x00007ff81c04c000 	C:\Windows\System32\KERNEL32.DLL
0x00007ff81a060000 - 0x00007ff81a3bf000 	C:\Windows\System32\KERNELBASE.dll
0x00007ff81a3f0000 - 0x00007ff81a500000 	C:\Windows\System32\ucrtbase.dll
0x00007ff809b30000 - 0x00007ff809b4e000 	C:\Program Files\Java\jdk-17.0.14+7\bin\VCRUNTIME140.dll
0x00007ff80f0e0000 - 0x00007ff80f0f7000 	C:\Program Files\Java\jdk-17.0.14+7\bin\jli.dll
0x00007ff81c330000 - 0x00007ff81c4d5000 	C:\Windows\System32\USER32.dll
0x00007ff81a3c0000 - 0x00007ff81a3e6000 	C:\Windows\System32\win32u.dll
0x00007ff8037d0000 - 0x00007ff803a75000 	C:\Windows\WinSxS\amd64_microsoft.windows.common-controls_6595b64144ccf1df_6.0.20348.1_none_88d3d41d702dedea\COMCTL32.dll
0x00007ff81c280000 - 0x00007ff81c2ab000 	C:\Windows\System32\GDI32.dll
0x00007ff81c190000 - 0x00007ff81c233000 	C:\Windows\System32\msvcrt.dll
0x00007ff81a580000 - 0x00007ff81a691000 	C:\Windows\System32\gdi32full.dll
0x00007ff81a6a0000 - 0x00007ff81a740000 	C:\Windows\System32\msvcp_win.dll
0x00007ff81c240000 - 0x00007ff81c271000 	C:\Windows\System32\IMM32.DLL
0x00007ff80fd40000 - 0x00007ff80fd4c000 	C:\Program Files\Java\jdk-17.0.14+7\bin\vcruntime140_1.dll
0x00007ffffb680000 - 0x00007ffffb70d000 	C:\Program Files\Java\jdk-17.0.14+7\bin\msvcp140.dll
0x00007fffb40e0000 - 0x00007fffb4d4b000 	C:\Program Files\Java\jdk-17.0.14+7\bin\server\jvm.dll
0x00007ff81baf0000 - 0x00007ff81bb9c000 	C:\Windows\System32\ADVAPI32.dll
0x00007ff81c720000 - 0x00007ff81c7be000 	C:\Windows\System32\sechost.dll
0x00007ff81b480000 - 0x00007ff81b59f000 	C:\Windows\System32\RPCRT4.dll
0x00007ff81c2b0000 - 0x00007ff81c321000 	C:\Windows\System32\WS2_32.dll
0x00007ff819e00000 - 0x00007ff819e4d000 	C:\Windows\SYSTEM32\POWRPROF.dll
0x00007ffffae60000 - 0x00007ffffae87000 	C:\Windows\SYSTEM32\WINMM.dll
0x00007ff80b860000 - 0x00007ff80b86a000 	C:\Windows\SYSTEM32\VERSION.dll
0x00007ff819de0000 - 0x00007ff819df3000 	C:\Windows\SYSTEM32\UMPDC.dll
0x00007ff818920000 - 0x00007ff818937000 	C:\Windows\SYSTEM32\kernel.appcore.dll
0x00007ff80abf0000 - 0x00007ff80abfa000 	C:\Program Files\Java\jdk-17.0.14+7\bin\jimage.dll
0x00007ff80af00000 - 0x00007ff80b112000 	C:\Windows\SYSTEM32\DBGHELP.DLL
0x00007ff80adb0000 - 0x00007ff80ade0000 	C:\Windows\SYSTEM32\dbgcore.DLL
0x00007ff81a500000 - 0x00007ff81a57e000 	C:\Windows\System32\bcryptPrimitives.dll
0x00007ff809330000 - 0x00007ff80933e000 	C:\Program Files\Java\jdk-17.0.14+7\bin\instrument.dll
0x00007ff809510000 - 0x00007ff809535000 	C:\Program Files\Java\jdk-17.0.14+7\bin\java.dll
0x00007ffffb5a0000 - 0x00007ffffb677000 	C:\Program Files\Java\jdk-17.0.14+7\bin\jsvml.dll
0x00007ff81a8a0000 - 0x00007ff81affa000 	C:\Windows\System32\SHELL32.dll
0x00007ff80e330000 - 0x00007ff80eb75000 	C:\Windows\SYSTEM32\windows.storage.dll
0x00007ff81b5a0000 - 0x00007ff81b911000 	C:\Windows\System32\combase.dll
0x00007ff81bea0000 - 0x00007ff81bf8b000 	C:\Windows\System32\SHCORE.dll
0x00007ff81c7c0000 - 0x00007ff81c81f000 	C:\Windows\System32\shlwapi.dll
0x00007ff819e60000 - 0x00007ff819e81000 	C:\Windows\SYSTEM32\profapi.dll
0x00007ff8094c0000 - 0x00007ff8094d8000 	C:\Program Files\Java\jdk-17.0.14+7\bin\zip.dll
0x00007ff809b10000 - 0x00007ff809b29000 	C:\Program Files\Java\jdk-17.0.14+7\bin\net.dll
0x00007ff811f70000 - 0x00007ff812072000 	C:\Windows\SYSTEM32\WINHTTP.dll
0x00007ff819450000 - 0x00007ff8194b8000 	C:\Windows\system32\mswsock.dll
0x00007ff8095b0000 - 0x00007ff8095c6000 	C:\Program Files\Java\jdk-17.0.14+7\bin\nio.dll
0x00007ff809e20000 - 0x00007ff809e30000 	C:\Program Files\Java\jdk-17.0.14+7\bin\verify.dll
0x00007ff808fd0000 - 0x00007ff808ff7000 	C:\Users\Administrator\.gradle\native\1def1411415f61bf3af743bc5b6707747c0891f09f0c88961ee8f79bc544acac\windows-amd64\native-platform.dll
0x00007ff8084c0000 - 0x00007ff808538000 	C:\Users\Administrator\.gradle\native\0.2.7\x86_64-windows-gnu\gradle-fileevents.dll
0x00007ff809ac0000 - 0x00007ff809aca000 	C:\Program Files\Java\jdk-17.0.14+7\bin\management.dll
0x00007ff809450000 - 0x00007ff80945b000 	C:\Program Files\Java\jdk-17.0.14+7\bin\management_ext.dll
0x00007ff81bdb0000 - 0x00007ff81bdb8000 	C:\Windows\System32\PSAPI.DLL
0x00007ff8191b0000 - 0x00007ff8191dd000 	C:\Windows\SYSTEM32\IPHLPAPI.DLL
0x00007ff81c580000 - 0x00007ff81c589000 	C:\Windows\System32\NSI.dll
0x00007ff8138e0000 - 0x00007ff8138f9000 	C:\Windows\SYSTEM32\dhcpcsvc6.DLL
0x00007ff8138c0000 - 0x00007ff8138dd000 	C:\Windows\SYSTEM32\dhcpcsvc.DLL
0x00007ff8191e0000 - 0x00007ff8192bd000 	C:\Windows\SYSTEM32\DNSAPI.dll
0x00007ff809360000 - 0x00007ff809369000 	C:\Program Files\Java\jdk-17.0.14+7\bin\extnet.dll
0x00007ff819690000 - 0x00007ff8196a8000 	C:\Windows\SYSTEM32\CRYPTSP.dll
0x00007ff818fe0000 - 0x00007ff819015000 	C:\Windows\system32\rsaenh.dll
0x00007ff819540000 - 0x00007ff81956e000 	C:\Windows\SYSTEM32\USERENV.dll
0x00007ff8197e0000 - 0x00007ff819807000 	C:\Windows\SYSTEM32\bcrypt.dll
0x00007ff8196b0000 - 0x00007ff8196bc000 	C:\Windows\SYSTEM32\CRYPTBASE.dll
0x00007ff809320000 - 0x00007ff80932e000 	C:\Program Files\Java\jdk-17.0.14+7\bin\sunmscapi.dll
0x00007ff81a740000 - 0x00007ff81a89f000 	C:\Windows\System32\CRYPT32.dll
0x00007ff8197b0000 - 0x00007ff8197d8000 	C:\Windows\SYSTEM32\ncrypt.dll
0x00007ff819770000 - 0x00007ff8197a7000 	C:\Windows\SYSTEM32\NTASN1.dll
0x00007ff8091f0000 - 0x00007ff8091f8000 	C:\Windows\system32\wshunix.dll
0x00007ff809460000 - 0x00007ff809477000 	C:\Windows\system32\napinsp.dll
0x00007ff809410000 - 0x00007ff809422000 	C:\Windows\System32\winrnr.dll
0x00007ff809480000 - 0x00007ff80949f000 	C:\Windows\system32\nlansp_c.dll
0x00007ff8093a0000 - 0x00007ff8093b5000 	C:\Windows\system32\wshbth.dll
0x00007ff811e80000 - 0x00007ff811e8a000 	C:\Windows\System32\rasadhlp.dll
0x00007ff812740000 - 0x00007ff8127c1000 	C:\Windows\System32\fwpuclnt.dll

dbghelp: loaded successfully - version: 4.0.5 - missing functions: none
symbol engine: initialized successfully - sym options: 0x614 - pdb path: .;C:\Program Files\Java\jdk-17.0.14+7\bin;C:\Windows\SYSTEM32;C:\Windows\WinSxS\amd64_microsoft.windows.common-controls_6595b64144ccf1df_6.0.20348.1_none_88d3d41d702dedea;C:\Program Files\Java\jdk-17.0.14+7\bin\server;C:\Users\Administrator\.gradle\native\1def1411415f61bf3af743bc5b6707747c0891f09f0c88961ee8f79bc544acac\windows-amd64;C:\Users\Administrator\.gradle\native\0.2.7\x86_64-windows-gnu

VM Arguments:
jvm_args: --add-opens=java.base/java.lang=ALL-UNNAMED --add-opens=java.base/java.lang.invoke=ALL-UNNAMED --add-opens=java.base/java.util=ALL-UNNAMED --add-opens=java.prefs/java.util.prefs=ALL-UNNAMED --add-exports=jdk.compiler/com.sun.tools.javac.api=ALL-UNNAMED --add-exports=jdk.compiler/com.sun.tools.javac.util=ALL-UNNAMED --add-opens=java.base/java.util=ALL-UNNAMED --add-opens=java.prefs/java.util.prefs=ALL-UNNAMED --add-opens=java.base/java.nio.charset=ALL-UNNAMED --add-opens=java.base/java.net=ALL-UNNAMED --add-opens=java.base/java.util.concurrent.atomic=ALL-UNNAMED --add-opens=java.xml/javax.xml.namespace=ALL-UNNAMED -Xmx8192m -Dfile.encoding=UTF-8 -Duser.country=CN -Duser.language=zh -Duser.variant -javaagent:C:\Users\Administrator\.gradle\wrapper\dists\gradle-8.13-bin\bynj8867joaln2pdnozgpow3q\gradle-8.13\lib\agents\gradle-instrumentation-agent-8.13.jar 
java_command: org.gradle.launcher.daemon.bootstrap.GradleDaemon 8.13
java_class_path (initial): C:\Users\Administrator\.gradle\wrapper\dists\gradle-8.13-bin\bynj8867joaln2pdnozgpow3q\gradle-8.13\lib\gradle-daemon-main-8.13.jar
Launcher Type: SUN_STANDARD

[Global flags]
     intx CICompilerCount                          = 4                                         {product} {ergonomic}
     uint ConcGCThreads                            = 2                                         {product} {ergonomic}
     uint G1ConcRefinementThreads                  = 8                                         {product} {ergonomic}
   size_t G1HeapRegionSize                         = 4194304                                   {product} {ergonomic}
    uintx GCDrainStackTargetSize                   = 64                                        {product} {ergonomic}
   size_t InitialHeapSize                          = 134217728                                 {product} {ergonomic}
   size_t MarkStackSize                            = 4194304                                   {product} {ergonomic}
   size_t MaxHeapSize                              = 8589934592                                {product} {command line}
   size_t MaxNewSize                               = 5150605312                                {product} {ergonomic}
   size_t MinHeapDeltaBytes                        = 4194304                                   {product} {ergonomic}
   size_t MinHeapSize                              = 8388608                                   {product} {ergonomic}
    uintx NonNMethodCodeHeapSize                   = 5839372                                {pd product} {ergonomic}
    uintx NonProfiledCodeHeapSize                  = 122909434                              {pd product} {ergonomic}
    uintx ProfiledCodeHeapSize                     = 122909434                              {pd product} {ergonomic}
    uintx ReservedCodeCacheSize                    = 251658240                              {pd product} {ergonomic}
     bool SegmentedCodeCache                       = true                                      {product} {ergonomic}
   size_t SoftMaxHeapSize                          = 8589934592                             {manageable} {ergonomic}
     bool UseCompressedClassPointers               = true                           {product lp64_product} {ergonomic}
     bool UseCompressedOops                        = true                           {product lp64_product} {ergonomic}
     bool UseG1GC                                  = true                                      {product} {ergonomic}
     bool UseLargePagesIndividualAllocation        = false                                  {pd product} {ergonomic}

Logging:
Log output configuration:
 #0: stdout all=warning uptime,level,tags
 #1: stderr all=off uptime,level,tags

Environment Variables:
JAVA_HOME=C:\Program Files\Java\jdk-17.0.14+7
CLASSPATH=C:\Users\Administrator\Desktop\Operit-1.9.1\\gradle\wrapper\gradle-wrapper.jar
PATH=c:\\Users\\Administrator\\.trae-cn\\tools\\trae-gopls\\current;c:\\Users\\Administrator\\.trae-cn\\sdks\\workspaces\\713f630a\\versions\\node\\current;c:\\Users\\Administrator\\.trae-cn\\sdks\\versions\\node\\current;c:\Users\Administrator\.trae-cn\tools\trae-gopls\current;c:\Users\Administrator\.trae-cn\sdks\workspaces\713f630a\versions\node\current;c:\Users\Administrator\.trae-cn\sdks\versions\node\current;C:\Windows\system32;C:\Windows;C:\Windows\System32\Wbem;C:\Windows\System32\WindowsPowerShell\v1.0\;C:\Windows\System32\OpenSSH\;C:\Program Files\dotnet\;C:\Program Files\Git\cmd;C:\Program Files\Java\jdk-17.0.14+7\bin;C:\Program Files\Java\jdk-17.0.14+7\bin;ANDROID_HOME=C:\Users\Administrator\AppData\Local\Android\Sdk\cmdline-tools\latest\bin;ANDROID_HOME=C:\Users\Administrator\AppData\Local\Android\Sdk\platform-tools;ANDROID_HOME=C:\Users\Administrator\AppData\Local\Android\Sdk\emulator;ANDROID_HOME=C:\Users\Administrator\AppData\Local\Android\Sdk\tools;ANDROID_HOME=C:\Users\Administrator\AppData\Local\Android\Sdk\tools\bin;C:\Program Files\Git\bin;ANDROID_HOME=C:\Users\Administrator\AppData\Local\Android\Sdk\cmdline-tools\latest\bin;ANDROID_HOME=C:\Users\Administrator\AppData\Local\Android\Sdk\platform-tools;ANDROID_HOME=C:\Users\Administrator\AppData\Local\Android\Sdk\emulator;ANDROID_HOME=C:\Users\Administrator\AppData\Local\Android\Sdk\tools;ANDROID_HOME=C:\Users\Administrator\AppData\Local\Android\Sdk\tools\bin;C:\Users\Administrator\AppData\Local\Programs\Python\Python313\Scripts\;C:\Users\Administrator\AppData\Local\Programs\Python\Python313\;c:\Users\Administrator\AppData\Local\Programs\Trae CN\bin;c:\Users\Administrator\AppData\Local\Programs\Trae\bin;C:\Users\Administrator\AppData\Local\Microsoft\WindowsApps;C:\Program Files\Java\jdk-17.0.14+7\bin;C:\Users\Administrator\AppData\Local\Android\Sdk\cmdline-tools\latest\bin;C:\Users\Administrator\AppData\Local\Android\Sdk\platform-tools;C:\Users\Administrator\AppData\Local\Android\Sdk\emulator;C:\Users\Administrator\AppData\Local\Android\Sdk\tools;C:\Users\Administrator\AppData\Local\Android\Sdk\tools\bin;C:\Program Files\Git\bin;;c:\Users\Administrator\.trae-cn\extensions\ms-python.debugpy-2025.18.0-win32-x64\bundled\scripts\noConfigScripts
USERNAME=Administrator
LANG=zh_CN.UTF-8
OS=Windows_NT
PROCESSOR_IDENTIFIER=Intel64 Family 6 Model 79 Stepping 1, GenuineIntel
TMP=C:\Users\ADMINI~1\AppData\Local\Temp\2
TEMP=C:\Users\ADMINI~1\AppData\Local\Temp\2



Periodic native trim disabled


---------------  S Y S T E M  ---------------

OS:
 Windows Server 2022 , 64 bit Build 20348 (10.0.20348.143)
OS uptime: 0 days 17:41 hours
KVM virtualization detected

CPU: total 8 (initial active 8) (8 cores per cpu, 1 threads per core) family 6 model 79 stepping 1 microcode 0xb00001e, cx8, cmov, fxsr, mmx, 3dnowpref, sse, sse2, sse3, ssse3, sse4.1, sse4.2, popcnt, lzcnt, tsc, avx, avx2, aes, erms, clmul, bmi1, bmi2, rtm, adx, fma, vzeroupper, clflush, hv
Processor Information for all 8 processors :
  Max Mhz: 2295, Current Mhz: 2295, Mhz Limit: 2295

Memory: 4k page, system-wide physical 8191M (1261M free)
TotalPageFile size 8191M (AvailPageFile size 42M)
current process WorkingSet (physical memory assigned to process): 588M, peak: 595M
current process commit charge ("private bytes"): 637M, peak: 693M

vm_info: OpenJDK 64-Bit Server VM (17.0.14+7) for windows-amd64 JRE (17.0.14+7), built on Jan 21 2025 23:40:15 by "admin" with MS VC++ 17.7 (VS2022)

END.
