#
# There is insufficient memory for the Java Runtime Environment to continue.
# Native memory allocation (mmap) failed to map 88080384 bytes. Error detail: G1 virtual space
# Possible reasons:
#   The system is out of physical RAM or swap space
#   This process is running with CompressedOops enabled, and the Java Heap may be blocking the growth of the native heap
# Possible solutions:
#   Reduce memory load on the system
#   Increase physical memory or swap space
#   Check if swap backing store is full
#   Decrease Java heap size (-Xmx/-Xms)
#   Decrease number of Java threads
#   Decrease Java thread stack sizes (-Xss)
#   Set larger code cache with -XX:ReservedCodeCacheSize=
#   JVM is running with Zero Based Compressed Oops mode in which the Java heap is
#     placed in the first 32GB address space. The Java Heap base address is the
#     maximum limit for the native heap growth. Please use -XX:HeapBaseMinAddress
#     to set the Java Heap base and to place the Java Heap above 32GB virtual address.
# This output file may be truncated or incomplete.
#
#  Out of Memory Error (os_windows.cpp:3618), pid=11956, tid=2896
#
# JRE version: OpenJDK Runtime Environment Temurin-17.0.14+7 (17.0.14+7) (build 17.0.14+7)
# Java VM: OpenJDK 64-Bit Server VM Temurin-17.0.14+7 (17.0.14+7, mixed mode, sharing, tiered, compressed oops, compressed class ptrs, g1 gc, windows-amd64)
# Core dump will be written. Default location: C:\Users\Administrator\Desktop\Operit-1.9.1\hs_err_pid11956.mdmp
#

---------------  S U M M A R Y ------------

Command Line: --add-opens=java.base/java.lang=ALL-UNNAMED --add-opens=java.base/java.lang.invoke=ALL-UNNAMED --add-opens=java.base/java.util=ALL-UNNAMED --add-opens=java.prefs/java.util.prefs=ALL-UNNAMED --add-exports=jdk.compiler/com.sun.tools.javac.api=ALL-UNNAMED --add-exports=jdk.compiler/com.sun.tools.javac.util=ALL-UNNAMED --add-opens=java.base/java.util=ALL-UNNAMED --add-opens=java.prefs/java.util.prefs=ALL-UNNAMED --add-opens=java.base/java.nio.charset=ALL-UNNAMED --add-opens=java.base/java.net=ALL-UNNAMED --add-opens=java.base/java.util.concurrent.atomic=ALL-UNNAMED --add-opens=java.xml/javax.xml.namespace=ALL-UNNAMED -Xmx8192m -Dfile.encoding=UTF-8 -Duser.country=CN -Duser.language=zh -Duser.variant -javaagent:C:\Users\Administrator\.gradle\wrapper\dists\gradle-8.13-bin\bynj8867joaln2pdnozgpow3q\gradle-8.13\lib\agents\gradle-instrumentation-agent-8.13.jar org.gradle.launcher.daemon.bootstrap.GradleDaemon 8.13

Host: Intel(R) Xeon(R) CPU E5-2673 v4 @ 2.30GHz, 8 cores, 7G,  Windows Server 2022 , 64 bit Build 20348 (10.0.20348.143)
Time: Fri Mar 13 14:56:52 2026  Windows Server 2022 , 64 bit Build 20348 (10.0.20348.143) elapsed time: 1362.753118 seconds (0d 0h 22m 42s)

---------------  T H R E A D  ---------------

Current thread (0x00000181f964e5d0):  VMThread "VM Thread" [stack: 0x00000052b8700000,0x00000052b8800000] [id=2896]

Stack: [0x00000052b8700000,0x00000052b8800000]
Native frames: (J=compiled Java code, j=interpreted, Vv=VM code, C=native code)
V  [jvm.dll+0x682eb9]
V  [jvm.dll+0x8399c8]
V  [jvm.dll+0x83b473]
V  [jvm.dll+0x83bae3]
V  [jvm.dll+0x24715f]
V  [jvm.dll+0x67fc99]
V  [jvm.dll+0x674b8a]
V  [jvm.dll+0x304c06]
V  [jvm.dll+0x30c0c6]
V  [jvm.dll+0x35dc3e]
V  [jvm.dll+0x35de7d]
V  [jvm.dll+0x2dbfcc]
V  [jvm.dll+0x2da36f]
V  [jvm.dll+0x2d9adc]
V  [jvm.dll+0x31d2bb]
V  [jvm.dll+0x84031d]
V  [jvm.dll+0x841053]
V  [jvm.dll+0x84157f]
V  [jvm.dll+0x841964]
V  [jvm.dll+0x841a2e]
V  [jvm.dll+0x7e948c]
V  [jvm.dll+0x681d97]
C  [ucrtbase.dll+0x26b4c]
C  [KERNEL32.DLL+0x14ed0]
C  [ntdll.dll+0x7e20b]

VM_Operation (0x00000052be8f8a40): G1CollectForAllocation, mode: safepoint, requested by thread 0x00000181d6d277e0


---------------  P R O C E S S  ---------------

Threads class SMR info:
_java_thread_list=0x0000018208197330, length=143, elements={
0x00000181df62fb90, 0x00000181f9653b80, 0x00000181f9654910, 0x00000181f967e990,
0x00000181f966f550, 0x00000181f966fe20, 0x00000181f9670d00, 0x00000181f9673920,
0x00000181f9677b40, 0x00000181f9688ff0, 0x00000181f963e9a0, 0x00000181d51ca4b0,
0x00000181d5850790, 0x00000181d7022030, 0x00000181d70f0640, 0x00000181d5cc14b0,
0x00000181d5cc2e00, 0x00000181d5cc0070, 0x00000181d5cc0fa0, 0x00000181d9e449b0,
0x00000181d9e48160, 0x00000181d9e43060, 0x00000181d9e47230, 0x00000181d9e43a80,
0x00000181d9e4a9e0, 0x00000181d9e453d0, 0x00000181d9e444a0, 0x00000181d9e458e0,
0x00000181d9e45df0, 0x00000181d5cc23e0, 0x00000181d5cc28f0, 0x00000181d891e580,
0x00000181d891fed0, 0x00000181d891c720, 0x00000181d891d140, 0x00000181d891efa0,
0x00000181d89208f0, 0x00000181d891d650, 0x00000181d891f4b0, 0x00000181d891f9c0,
0x00000181d891db60, 0x00000181d8922750, 0x00000181d8920e00, 0x00000181d8921310,
0x00000181d891c210, 0x00000181d8921820, 0x00000181d8921d30, 0x00000181d8922240,
0x00000181d9e47740, 0x00000181d9e49ab0, 0x00000181d9e47c50, 0x00000181d985ae90,
0x00000181d985ccf0, 0x00000181d98576e0, 0x00000181d98567b0, 0x00000181d9859540,
0x00000181d9859a50, 0x00000181d9855d90, 0x00000181d9858610, 0x00000181d9855880,
0x00000181d9859f60, 0x00000181d985b3a0, 0x00000181d985c2d0, 0x00000181d985a470,
0x00000181d9858b20, 0x00000181d9856cc0, 0x00000181d9859030, 0x00000181d9857bf0,
0x00000181d9858100, 0x00000181d985d200, 0x00000181d985a980, 0x00000181d98571d0,
0x00000181d985b8b0, 0x00000181d985bdc0, 0x00000181d985c7e0, 0x00000181dba858b0,
0x00000181dba7f370, 0x00000181dba85dc0, 0x00000181dba86cf0, 0x00000181dba83f60,
0x0000018208917db0, 0x00000181d6d226e0, 0x00000181d6d28c20, 0x00000181d7a79290,
0x00000181d6d22bf0, 0x00000181d6d263a0, 0x00000181d6d25980, 0x00000181d6d277e0,
0x00000181d6d23b20, 0x00000181d6d23100, 0x00000181d6d24540, 0x00000181d6d268b0,
0x00000181d6d29640, 0x00000181d6d26dc0, 0x00000181d6d27cf0, 0x00000181d6d272d0,
0x00000181d6d28200, 0x00000181d6d221d0, 0x00000181d6d28710, 0x00000181d6d29130,
0x00000181d6d29b50, 0x00000181d9ebebc0, 0x00000181d9ebe6b0, 0x00000181d9ebe1a0,
0x00000181d9ebf0d0, 0x00000181d9ebc850, 0x00000181d9ebcd60, 0x00000181d9ebf5e0,
0x00000181d7a76d60, 0x00000181d9ebd780, 0x00000181d9ebdc90, 0x0000018208dbaf90,
0x0000018208dc0ab0, 0x0000018208dbb4a0, 0x0000018208dbb9b0, 0x0000018208dbbec0,
0x0000018208dc14d0, 0x0000018208dbc3d0, 0x0000018208dbc8e0, 0x0000018208dc0090,
0x0000018208dbcdf0, 0x0000018208dbe740, 0x0000018208dbec50, 0x0000018208dbd300,
0x0000018208dbdd20, 0x0000018208dc05a0, 0x0000018208dbe230, 0x0000018208dbf160,
0x0000018208dbf670, 0x0000018208dbfb80, 0x0000018208dc0fc0, 0x0000018208dba060,
0x0000018208dc19e0, 0x0000018208dba570, 0x0000018208dbaa80, 0x0000018208915f50,
0x00000181d6ee4d20, 0x00000181d6ee7ab0, 0x00000181d6ee9e20, 0x00000181d6ee4300,
0x00000181d6ee6b80, 0x00000181d6ee75a0, 0x00000181d6ee89e0
}

Java Threads: ( => current thread )
  0x00000181df62fb90 JavaThread "main" [_thread_blocked, id=916, stack(0x00000052b8100000,0x00000052b8200000)]
  0x00000181f9653b80 JavaThread "Reference Handler" daemon [_thread_blocked, id=5044, stack(0x00000052b8800000,0x00000052b8900000)]
  0x00000181f9654910 JavaThread "Finalizer" daemon [_thread_blocked, id=11796, stack(0x00000052b8900000,0x00000052b8a00000)]
  0x00000181f967e990 JavaThread "Signal Dispatcher" daemon [_thread_blocked, id=12028, stack(0x00000052b8a00000,0x00000052b8b00000)]
  0x00000181f966f550 JavaThread "Attach Listener" daemon [_thread_blocked, id=12048, stack(0x00000052b8b00000,0x00000052b8c00000)]
  0x00000181f966fe20 JavaThread "Service Thread" daemon [_thread_blocked, id=1276, stack(0x00000052b8c00000,0x00000052b8d00000)]
  0x00000181f9670d00 JavaThread "Monitor Deflation Thread" daemon [_thread_blocked, id=7632, stack(0x00000052b8d00000,0x00000052b8e00000)]
  0x00000181f9673920 JavaThread "C2 CompilerThread0" daemon [_thread_blocked, id=10108, stack(0x00000052b8e00000,0x00000052b8f00000)]
  0x00000181f9677b40 JavaThread "C1 CompilerThread0" daemon [_thread_blocked, id=5808, stack(0x00000052b8f00000,0x00000052b9000000)]
  0x00000181f9688ff0 JavaThread "Sweeper thread" daemon [_thread_blocked, id=7460, stack(0x00000052b9000000,0x00000052b9100000)]
  0x00000181f963e9a0 JavaThread "Common-Cleaner" daemon [_thread_blocked, id=5292, stack(0x00000052b9100000,0x00000052b9200000)]
  0x00000181d51ca4b0 JavaThread "Notification Thread" daemon [_thread_blocked, id=11536, stack(0x00000052b9200000,0x00000052b9300000)]
  0x00000181d5850790 JavaThread "Daemon health stats" [_thread_blocked, id=11108, stack(0x00000052b9400000,0x00000052b9500000)]
  0x00000181d7022030 JavaThread "Incoming local TCP Connector on port 61073" [_thread_in_native, id=10224, stack(0x00000052b9700000,0x00000052b9800000)]
  0x00000181d70f0640 JavaThread "Daemon periodic checks" [_thread_blocked, id=4524, stack(0x00000052b9a00000,0x00000052b9b00000)]
  0x00000181d5cc14b0 JavaThread "Cache worker for journal cache (C:\Users\Administrator\.gradle\caches\journal-1)" [_thread_blocked, id=9056, stack(0x00000052ba300000,0x00000052ba400000)]
  0x00000181d5cc2e00 JavaThread "File lock request listener" [_thread_in_native, id=11740, stack(0x00000052ba400000,0x00000052ba500000)]
  0x00000181d5cc0070 JavaThread "Cache worker for file hash cache (C:\Users\Administrator\.gradle\caches\8.13\fileHashes)" [_thread_blocked, id=11064, stack(0x00000052ba500000,0x00000052ba600000)]
  0x00000181d5cc0fa0 JavaThread "File watcher server" daemon [_thread_blocked, id=11700, stack(0x00000052bac00000,0x00000052bad00000)]
  0x00000181d9e449b0 JavaThread "File watcher consumer" daemon [_thread_blocked, id=11852, stack(0x00000052bad00000,0x00000052bae00000)]
  0x00000181d9e48160 JavaThread "Daemon Thread 2" [_thread_blocked, id=5804, stack(0x00000052b7e00000,0x00000052b7f00000)]
  0x00000181d9e43060 JavaThread "Handler for socket connection from /127.0.0.1:61073 to /127.0.0.1:61823" [_thread_in_native, id=11716, stack(0x00000052b7f00000,0x00000052b8000000)]
  0x00000181d9e47230 JavaThread "Cancel handler" [_thread_blocked, id=12152, stack(0x00000052b8000000,0x00000052b8100000)]
  0x00000181d9e43a80 JavaThread "Daemon worker Thread 2" [_thread_blocked, id=8124, stack(0x00000052b9b00000,0x00000052b9c00000)]
  0x00000181d9e4a9e0 JavaThread "Asynchronous log dispatcher for DefaultDaemonConnection: socket connection from /127.0.0.1:61073 to /127.0.0.1:61823" [_thread_blocked, id=3396, stack(0x00000052b9c00000,0x00000052b9d00000)]
  0x00000181d9e453d0 JavaThread "Stdin handler" [_thread_blocked, id=8328, stack(0x00000052b9d00000,0x00000052b9e00000)]
  0x00000181d9e444a0 JavaThread "Daemon client event forwarder" [_thread_blocked, id=9308, stack(0x00000052b9e00000,0x00000052b9f00000)]
  0x00000181d9e458e0 JavaThread "Cache worker for file hash cache (C:\Users\Administrator\Desktop\Operit-1.9.1\.gradle\8.13\fileHashes)" [_thread_blocked, id=12264, stack(0x00000052b9f00000,0x00000052ba000000)]
  0x00000181d9e45df0 JavaThread "Cache worker for Build Output Cleanup Cache (C:\Users\Administrator\Desktop\Operit-1.9.1\.gradle\buildOutputCleanup)" [_thread_blocked, id=1320, stack(0x00000052ba000000,0x00000052ba100000)]
  0x00000181d5cc23e0 JavaThread "Cache worker for checksums cache (C:\Users\Administrator\Desktop\Operit-1.9.1\.gradle\8.13\checksums)" [_thread_blocked, id=3896, stack(0x00000052ba100000,0x00000052ba200000)]
  0x00000181d5cc28f0 JavaThread "Cache worker for file content cache (C:\Users\Administrator\.gradle\caches\8.13\fileContent)" [_thread_blocked, id=5920, stack(0x00000052ba200000,0x00000052ba300000)]
  0x00000181d891e580 JavaThread "Cache worker for cache directory md-supplier (C:\Users\Administrator\.gradle\caches\8.13\md-supplier)" [_thread_blocked, id=728, stack(0x00000052ba900000,0x00000052baa00000)]
  0x00000181d891fed0 JavaThread "Cache worker for cache directory md-rule (C:\Users\Administrator\.gradle\caches\8.13\md-rule)" [_thread_blocked, id=944, stack(0x00000052baa00000,0x00000052bab00000)]
  0x00000181d891c720 JavaThread "Unconstrained build operations" [_thread_blocked, id=11640, stack(0x00000052bb300000,0x00000052bb400000)]
  0x00000181d891d140 JavaThread "Unconstrained build operations Thread 2" [_thread_blocked, id=8664, stack(0x00000052bb400000,0x00000052bb500000)]
  0x00000181d891efa0 JavaThread "Unconstrained build operations Thread 3" [_thread_blocked, id=920, stack(0x00000052bb500000,0x00000052bb600000)]
  0x00000181d89208f0 JavaThread "Unconstrained build operations Thread 4" [_thread_blocked, id=4900, stack(0x00000052bb600000,0x00000052bb700000)]
  0x00000181d891d650 JavaThread "Unconstrained build operations Thread 5" [_thread_blocked, id=11732, stack(0x00000052bb700000,0x00000052bb800000)]
  0x00000181d891f4b0 JavaThread "Unconstrained build operations Thread 6" [_thread_blocked, id=10280, stack(0x00000052bb800000,0x00000052bb900000)]
  0x00000181d891f9c0 JavaThread "Unconstrained build operations Thread 7" [_thread_blocked, id=4816, stack(0x00000052bb900000,0x00000052bba00000)]
  0x00000181d891db60 JavaThread "Unconstrained build operations Thread 8" [_thread_blocked, id=8748, stack(0x00000052bba00000,0x00000052bbb00000)]
  0x00000181d8922750 JavaThread "Unconstrained build operations Thread 9" [_thread_blocked, id=6292, stack(0x00000052bbb00000,0x00000052bbc00000)]
  0x00000181d8920e00 JavaThread "Unconstrained build operations Thread 10" [_thread_blocked, id=6092, stack(0x00000052bbc00000,0x00000052bbd00000)]
  0x00000181d8921310 JavaThread "Unconstrained build operations Thread 11" [_thread_blocked, id=12252, stack(0x00000052bbd00000,0x00000052bbe00000)]
  0x00000181d891c210 JavaThread "Unconstrained build operations Thread 12" [_thread_blocked, id=6916, stack(0x00000052bbe00000,0x00000052bbf00000)]
  0x00000181d8921820 JavaThread "Unconstrained build operations Thread 13" [_thread_blocked, id=5660, stack(0x00000052bbf00000,0x00000052bc000000)]
  0x00000181d8921d30 JavaThread "Unconstrained build operations Thread 14" [_thread_blocked, id=7508, stack(0x00000052bc000000,0x00000052bc100000)]
  0x00000181d8922240 JavaThread "Unconstrained build operations Thread 15" [_thread_blocked, id=10076, stack(0x00000052bc100000,0x00000052bc200000)]
  0x00000181d9e47740 JavaThread "Unconstrained build operations Thread 16" [_thread_blocked, id=9620, stack(0x00000052bb200000,0x00000052bb300000)]
  0x00000181d9e49ab0 JavaThread "Unconstrained build operations Thread 17" [_thread_blocked, id=12180, stack(0x00000052bc200000,0x00000052bc300000)]
  0x00000181d9e47c50 JavaThread "Unconstrained build operations Thread 18" [_thread_blocked, id=11848, stack(0x00000052bc300000,0x00000052bc400000)]
  0x00000181d985ae90 JavaThread "Unconstrained build operations Thread 19" [_thread_blocked, id=9096, stack(0x00000052bc400000,0x00000052bc500000)]
  0x00000181d985ccf0 JavaThread "Unconstrained build operations Thread 20" [_thread_blocked, id=9256, stack(0x00000052bc500000,0x00000052bc600000)]
  0x00000181d98576e0 JavaThread "Unconstrained build operations Thread 21" [_thread_blocked, id=2204, stack(0x00000052bc600000,0x00000052bc700000)]
  0x00000181d98567b0 JavaThread "Unconstrained build operations Thread 22" [_thread_blocked, id=9652, stack(0x00000052bc700000,0x00000052bc800000)]
  0x00000181d9859540 JavaThread "Unconstrained build operations Thread 23" [_thread_blocked, id=11656, stack(0x00000052bc800000,0x00000052bc900000)]
  0x00000181d9859a50 JavaThread "Unconstrained build operations Thread 24" [_thread_blocked, id=1240, stack(0x00000052bc900000,0x00000052bca00000)]
  0x00000181d9855d90 JavaThread "Unconstrained build operations Thread 25" [_thread_blocked, id=10148, stack(0x00000052bca00000,0x00000052bcb00000)]
  0x00000181d9858610 JavaThread "Unconstrained build operations Thread 26" [_thread_blocked, id=6672, stack(0x00000052bcb00000,0x00000052bcc00000)]
  0x00000181d9855880 JavaThread "Unconstrained build operations Thread 27" [_thread_blocked, id=3360, stack(0x00000052bcc00000,0x00000052bcd00000)]
  0x00000181d9859f60 JavaThread "Unconstrained build operations Thread 28" [_thread_blocked, id=10872, stack(0x00000052bcd00000,0x00000052bce00000)]
  0x00000181d985b3a0 JavaThread "Unconstrained build operations Thread 29" [_thread_blocked, id=4428, stack(0x00000052bce00000,0x00000052bcf00000)]
  0x00000181d985c2d0 JavaThread "Unconstrained build operations Thread 30" [_thread_blocked, id=10288, stack(0x00000052bcf00000,0x00000052bd000000)]
  0x00000181d985a470 JavaThread "Unconstrained build operations Thread 31" [_thread_blocked, id=2696, stack(0x00000052bd100000,0x00000052bd200000)]
  0x00000181d9858b20 JavaThread "Unconstrained build operations Thread 32" [_thread_blocked, id=11952, stack(0x00000052bd200000,0x00000052bd300000)]
  0x00000181d9856cc0 JavaThread "Unconstrained build operations Thread 33" [_thread_blocked, id=11568, stack(0x00000052bd300000,0x00000052bd400000)]
  0x00000181d9859030 JavaThread "Unconstrained build operations Thread 34" [_thread_blocked, id=7616, stack(0x00000052bd400000,0x00000052bd500000)]
  0x00000181d9857bf0 JavaThread "Unconstrained build operations Thread 35" [_thread_blocked, id=4704, stack(0x00000052bd500000,0x00000052bd600000)]
  0x00000181d9858100 JavaThread "Unconstrained build operations Thread 36" [_thread_blocked, id=5884, stack(0x00000052bd600000,0x00000052bd700000)]
  0x00000181d985d200 JavaThread "Unconstrained build operations Thread 37" [_thread_blocked, id=8716, stack(0x00000052bd700000,0x00000052bd800000)]
  0x00000181d985a980 JavaThread "Unconstrained build operations Thread 38" [_thread_blocked, id=10628, stack(0x00000052bd800000,0x00000052bd900000)]
  0x00000181d98571d0 JavaThread "Unconstrained build operations Thread 39" [_thread_blocked, id=5704, stack(0x00000052bd900000,0x00000052bda00000)]
  0x00000181d985b8b0 JavaThread "Unconstrained build operations Thread 40" [_thread_blocked, id=6720, stack(0x00000052bda00000,0x00000052bdb00000)]
  0x00000181d985bdc0 JavaThread "Unconstrained build operations Thread 41" [_thread_blocked, id=5796, stack(0x00000052bdb00000,0x00000052bdc00000)]
  0x00000181d985c7e0 JavaThread "Unconstrained build operations Thread 42" [_thread_blocked, id=9492, stack(0x00000052bdc00000,0x00000052bdd00000)]
  0x00000181dba858b0 JavaThread "Unconstrained build operations Thread 43" [_thread_blocked, id=8520, stack(0x00000052bdd00000,0x00000052bde00000)]
  0x00000181dba7f370 JavaThread "Unconstrained build operations Thread 44" [_thread_blocked, id=10456, stack(0x00000052bde00000,0x00000052bdf00000)]
  0x00000181dba85dc0 JavaThread "Unconstrained build operations Thread 45" [_thread_blocked, id=4152, stack(0x00000052bdf00000,0x00000052be000000)]
  0x00000181dba86cf0 JavaThread "Memory manager" [_thread_blocked, id=2824, stack(0x00000052bae00000,0x00000052baf00000)]
  0x00000181dba83f60 JavaThread "build event listener" [_thread_blocked, id=8528, stack(0x00000052bd000000,0x00000052bd100000)]
  0x0000018208917db0 JavaThread "Problems report writer" [_thread_blocked, id=10340, stack(0x00000052be200000,0x00000052be300000)]
  0x00000181d6d226e0 JavaThread "pool-3-thread-1" [_thread_blocked, id=11288, stack(0x00000052be000000,0x00000052be100000)]
  0x00000181d6d28c20 JavaThread "build event listener" [_thread_blocked, id=8752, stack(0x00000052be100000,0x00000052be200000)]
  0x00000181d7a79290 JavaThread "C2 CompilerThread1" daemon [_thread_blocked, id=7468, stack(0x00000052be300000,0x00000052be400000)]
  0x00000181d6d22bf0 JavaThread "included builds" [_thread_blocked, id=11972, stack(0x00000052be400000,0x00000052be500000)]
  0x00000181d6d263a0 JavaThread "Execution worker" [_thread_blocked, id=5992, stack(0x00000052be600000,0x00000052be700000)]
  0x00000181d6d25980 JavaThread "Execution worker Thread 2" [_thread_blocked, id=11148, stack(0x00000052be700000,0x00000052be800000)]
  0x00000181d6d277e0 JavaThread "Execution worker Thread 3" [_thread_blocked, id=3388, stack(0x00000052be800000,0x00000052be900000)]
  0x00000181d6d23b20 JavaThread "Execution worker Thread 4" [_thread_blocked, id=11596, stack(0x00000052be900000,0x00000052bea00000)]
  0x00000181d6d23100 JavaThread "Execution worker Thread 5" [_thread_blocked, id=5008, stack(0x00000052bea00000,0x00000052beb00000)]
  0x00000181d6d24540 JavaThread "Execution worker Thread 6" [_thread_blocked, id=11888, stack(0x00000052beb00000,0x00000052bec00000)]
  0x00000181d6d268b0 JavaThread "Execution worker Thread 7" [_thread_blocked, id=9388, stack(0x00000052bec00000,0x00000052bed00000)]
  0x00000181d6d29640 JavaThread "Execution worker Thread 8" [_thread_blocked, id=11632, stack(0x00000052bed00000,0x00000052bee00000)]
  0x00000181d6d26dc0 JavaThread "Execution worker Thread 9" [_thread_blocked, id=11676, stack(0x00000052bee00000,0x00000052bef00000)]
  0x00000181d6d27cf0 JavaThread "Execution worker Thread 10" [_thread_blocked, id=11612, stack(0x00000052bef00000,0x00000052bf000000)]
  0x00000181d6d272d0 JavaThread "Execution worker Thread 11" [_thread_blocked, id=5644, stack(0x00000052bf000000,0x00000052bf100000)]
  0x00000181d6d28200 JavaThread "Execution worker Thread 12" [_thread_blocked, id=9336, stack(0x00000052bf100000,0x00000052bf200000)]
  0x00000181d6d221d0 JavaThread "Execution worker Thread 13" [_thread_blocked, id=5792, stack(0x00000052bf200000,0x00000052bf300000)]
  0x00000181d6d28710 JavaThread "Execution worker Thread 14" [_thread_blocked, id=10932, stack(0x00000052bf300000,0x00000052bf400000)]
  0x00000181d6d29130 JavaThread "Execution worker Thread 15" [_thread_blocked, id=7800, stack(0x00000052bf400000,0x00000052bf500000)]
  0x00000181d6d29b50 JavaThread "Cache worker for execution history cache (C:\Users\Administrator\Desktop\Operit-1.9.1\.gradle\8.13\executionHistory)" [_thread_blocked, id=11552, stack(0x00000052bf500000,0x00000052bf600000)]
  0x00000181d9ebebc0 JavaThread "Unconstrained build operations Thread 46" [_thread_blocked, id=2140, stack(0x00000052bf600000,0x00000052bf700000)]
  0x00000181d9ebe6b0 JavaThread "Unconstrained build operations Thread 47" [_thread_blocked, id=9968, stack(0x00000052bf700000,0x00000052bf800000)]
  0x00000181d9ebe1a0 JavaThread "WorkerExecutor Queue" [_thread_blocked, id=2060, stack(0x00000052bf800000,0x00000052bf900000)]
  0x00000181d9ebf0d0 JavaThread "Unconstrained build operations Thread 48" [_thread_blocked, id=3748, stack(0x00000052bf900000,0x00000052bfa00000)]
  0x00000181d9ebc850 JavaThread "Unconstrained build operations Thread 49" [_thread_blocked, id=11720, stack(0x00000052bfa00000,0x00000052bfb00000)]
  0x00000181d9ebcd60 JavaThread "Unconstrained build operations Thread 50" [_thread_blocked, id=4880, stack(0x00000052bfb00000,0x00000052bfc00000)]
  0x00000181d9ebf5e0 JavaThread "Unconstrained build operations Thread 51" [_thread_blocked, id=11320, stack(0x00000052bfc00000,0x00000052bfd00000)]
  0x00000181d7a76d60 JavaThread "C2 CompilerThread2" daemon [_thread_blocked, id=8772, stack(0x00000052be500000,0x00000052be600000)]
  0x00000181d9ebd780 JavaThread "WorkerExecutor Queue Thread 2" [_thread_blocked, id=9504, stack(0x00000052bfd00000,0x00000052bfe00000)]
  0x00000181d9ebdc90 JavaThread "Unconstrained build operations Thread 52" [_thread_blocked, id=11336, stack(0x00000052bfe00000,0x00000052bff00000)]
  0x0000018208dbaf90 JavaThread "Unconstrained build operations Thread 53" [_thread_blocked, id=5840, stack(0x00000052bff00000,0x00000052c0000000)]
  0x0000018208dc0ab0 JavaThread "Unconstrained build operations Thread 54" [_thread_blocked, id=11792, stack(0x00000052c0000000,0x00000052c0100000)]
  0x0000018208dbb4a0 JavaThread "Unconstrained build operations Thread 55" [_thread_blocked, id=10596, stack(0x00000052c0100000,0x00000052c0200000)]
  0x0000018208dbb9b0 JavaThread "Unconstrained build operations Thread 56" [_thread_blocked, id=7612, stack(0x00000052c0200000,0x00000052c0300000)]
  0x0000018208dbbec0 JavaThread "Unconstrained build operations Thread 57" [_thread_blocked, id=1652, stack(0x00000052c0300000,0x00000052c0400000)]
  0x0000018208dc14d0 JavaThread "Unconstrained build operations Thread 58" [_thread_blocked, id=12208, stack(0x00000052c0400000,0x00000052c0500000)]
  0x0000018208dbc3d0 JavaThread "Unconstrained build operations Thread 59" [_thread_blocked, id=4492, stack(0x00000052c0500000,0x00000052c0600000)]
  0x0000018208dbc8e0 JavaThread "Unconstrained build operations Thread 60" [_thread_blocked, id=12104, stack(0x00000052c0600000,0x00000052c0700000)]
  0x0000018208dc0090 JavaThread "Unconstrained build operations Thread 61" [_thread_blocked, id=8452, stack(0x00000052c0700000,0x00000052c0800000)]
  0x0000018208dbcdf0 JavaThread "Unconstrained build operations Thread 62" [_thread_blocked, id=1468, stack(0x00000052c0800000,0x00000052c0900000)]
  0x0000018208dbe740 JavaThread "Unconstrained build operations Thread 63" [_thread_blocked, id=2304, stack(0x00000052c0900000,0x00000052c0a00000)]
  0x0000018208dbec50 JavaThread "Unconstrained build operations Thread 64" [_thread_blocked, id=4764, stack(0x00000052c0a00000,0x00000052c0b00000)]
  0x0000018208dbd300 JavaThread "WorkerExecutor Queue Thread 3" [_thread_blocked, id=11620, stack(0x00000052c0b00000,0x00000052c0c00000)]
  0x0000018208dbdd20 JavaThread "WorkerExecutor Queue Thread 4" [_thread_blocked, id=3000, stack(0x00000052c0c00000,0x00000052c0d00000)]
  0x0000018208dc05a0 JavaThread "WorkerExecutor Queue Thread 5" [_thread_blocked, id=12020, stack(0x00000052c0d00000,0x00000052c0e00000)]
  0x0000018208dbe230 JavaThread "Unconstrained build operations Thread 65" [_thread_blocked, id=12092, stack(0x00000052c0f00000,0x00000052c1000000)]
  0x0000018208dbf160 JavaThread "Unconstrained build operations Thread 66" [_thread_blocked, id=11976, stack(0x00000052c1000000,0x00000052c1100000)]
  0x0000018208dbf670 JavaThread "Unconstrained build operations Thread 67" [_thread_blocked, id=9460, stack(0x00000052c1100000,0x00000052c1200000)]
  0x0000018208dbfb80 JavaThread "Unconstrained build operations Thread 68" [_thread_blocked, id=3132, stack(0x00000052c1200000,0x00000052c1300000)]
  0x0000018208dc0fc0 JavaThread "Unconstrained build operations Thread 69" [_thread_blocked, id=11780, stack(0x00000052c1300000,0x00000052c1400000)]
  0x0000018208dba060 JavaThread "Unconstrained build operations Thread 70" [_thread_blocked, id=1084, stack(0x00000052c1400000,0x00000052c1500000)]
  0x0000018208dc19e0 JavaThread "Unconstrained build operations Thread 71" [_thread_blocked, id=9576, stack(0x00000052c1500000,0x00000052c1600000)]
  0x0000018208dba570 JavaThread "Unconstrained build operations Thread 72" [_thread_blocked, id=11508, stack(0x00000052c1600000,0x00000052c1700000)]
  0x0000018208dbaa80 JavaThread "Unconstrained build operations Thread 73" [_thread_blocked, id=7428, stack(0x00000052c1700000,0x00000052c1800000)]
  0x0000018208915f50 JavaThread "Unconstrained build operations Thread 74" [_thread_blocked, id=9452, stack(0x00000052c1800000,0x00000052c1900000)]
  0x00000181d6ee4d20 JavaThread "Unconstrained build operations Thread 75" [_thread_blocked, id=11616, stack(0x00000052c1900000,0x00000052c1a00000)]
  0x00000181d6ee7ab0 JavaThread "Unconstrained build operations Thread 76" [_thread_blocked, id=1044, stack(0x00000052c1a00000,0x00000052c1b00000)]
  0x00000181d6ee9e20 JavaThread "Unconstrained build operations Thread 77" [_thread_blocked, id=8416, stack(0x00000052c1b00000,0x00000052c1c00000)]
  0x00000181d6ee4300 JavaThread "Unconstrained build operations Thread 78" [_thread_blocked, id=5780, stack(0x00000052c1c00000,0x00000052c1d00000)]
  0x00000181d6ee6b80 JavaThread "Unconstrained build operations Thread 79" [_thread_blocked, id=10392, stack(0x00000052c1d00000,0x00000052c1e00000)]
  0x00000181d6ee75a0 JavaThread "Unconstrained build operations Thread 80" [_thread_blocked, id=10620, stack(0x00000052c1e00000,0x00000052c1f00000)]
  0x00000181d6ee89e0 JavaThread "Unconstrained build operations Thread 81" [_thread_blocked, id=7700, stack(0x00000052c1f00000,0x00000052c2000000)]

Other Threads:
=>0x00000181f964e5d0 VMThread "VM Thread" [stack: 0x00000052b8700000,0x00000052b8800000] [id=2896]
  0x00000181df630920 WatcherThread [stack: 0x00000052b9300000,0x00000052b9400000] [id=11636]
  0x00000181df6dc520 GCTaskThread "GC Thread#0" [stack: 0x00000052b8200000,0x00000052b8300000] [id=10484]
  0x00000181d53ddd60 GCTaskThread "GC Thread#1" [stack: 0x00000052b9500000,0x00000052b9600000] [id=10616]
  0x00000181d56246f0 GCTaskThread "GC Thread#2" [stack: 0x00000052b9600000,0x00000052b9700000] [id=1632]
  0x00000181d561edd0 GCTaskThread "GC Thread#3" [stack: 0x00000052b9800000,0x00000052b9900000] [id=11836]
  0x00000181d561f8d0 GCTaskThread "GC Thread#4" [stack: 0x00000052b9900000,0x00000052b9a00000] [id=4600]
  0x00000181d561f610 GCTaskThread "GC Thread#5" [stack: 0x00000052ba600000,0x00000052ba700000] [id=3948]
  0x00000181d561fb90 GCTaskThread "GC Thread#6" [stack: 0x00000052ba700000,0x00000052ba800000] [id=6544]
  0x00000181d561e010 GCTaskThread "GC Thread#7" [stack: 0x00000052ba800000,0x00000052ba900000] [id=4948]
  0x00000181df6ed380 ConcurrentGCThread "G1 Main Marker" [stack: 0x00000052b8300000,0x00000052b8400000] [id=5600]
  0x00000181df6ee450 ConcurrentGCThread "G1 Conc#0" [stack: 0x00000052b8400000,0x00000052b8500000] [id=9028]
  0x00000181d561e590 ConcurrentGCThread "G1 Conc#1" [stack: 0x00000052bab00000,0x00000052bac00000] [id=11832]
  0x00000181f95050d0 ConcurrentGCThread "G1 Refine#0" [stack: 0x00000052b8500000,0x00000052b8600000] [id=3120]
  0x00000181d565e780 ConcurrentGCThread "G1 Refine#1" [stack: 0x00000052baf00000,0x00000052bb000000] [id=7488]
  0x00000181d565d5e0 ConcurrentGCThread "G1 Refine#2" [stack: 0x00000052bb000000,0x00000052bb100000] [id=12132]
  0x00000181d565d8d0 ConcurrentGCThread "G1 Refine#3" [stack: 0x00000052bb100000,0x00000052bb200000] [id=8340]
  0x00000181f9507a20 ConcurrentGCThread "G1 Service" [stack: 0x00000052b8600000,0x00000052b8700000] [id=9936]

Threads with active compile tasks:
C2 CompilerThread0  1362811 28828       4       sun.security.util.DerValue::<init> (445 bytes)
C1 CompilerThread0  1362811 28830       3       sun.security.x509.X509CertInfo::get (289 bytes)
C2 CompilerThread1  1362811 28778       4       org.gradle.api.internal.artifacts.ivyservice.resolveengine.result.DesugaredAttributeContainerSerializer::read (155 bytes)
C2 CompilerThread2  1362811 28818       4       org.gradle.api.internal.artifacts.ivyservice.modulecache.StringDeduplicatingDecoder::readNullableString (30 bytes)

VM state: at safepoint (normal execution)

VM Mutex/Monitor currently owned by a thread:  ([mutex/lock_event])
[0x00000181df62c640] Threads_lock - owner thread: 0x00000181f964e5d0
[0x00000181df62c760] Heap_lock - owner thread: 0x00000181d6d277e0

Heap address: 0x0000000600000000, size: 8192 MB, Compressed Oops mode: Zero based, Oop shift amount: 3

CDS archive(s) mapped at: [0x0000018190000000-0x0000018190bb0000-0x0000018190bb0000), size 12255232, SharedBaseAddress: 0x0000018190000000, ArchiveRelocationMode: 1.
Compressed class space mapped at: 0x0000018191000000-0x00000181d1000000, reserved size: 1073741824
Narrow klass base: 0x0000018190000000, Narrow klass shift: 0, Narrow klass range: 0x100000000

GC Precious Log:
 CPUs: 8 total, 8 available
 Memory: 8191M
 Large Page Support: Disabled
 NUMA Support: Disabled
 Compressed Oops: Enabled (Zero based)
 Heap Region Size: 4M
 Heap Min Capacity: 8M
 Heap Initial Capacity: 128M
 Heap Max Capacity: 8G
 Pre-touch: Disabled
 Parallel Workers: 8
 Concurrent Workers: 2
 Concurrent Refinement Workers: 8
 Periodic GC: Disabled

Heap:
 garbage-first heap   total 360448K, used 251440K [0x0000000600000000, 0x0000000800000000)
  region size 4096K, 2 young (8192K), 2 survivors (8192K)
 Metaspace       used 182839K, committed 184256K, reserved 1245184K
  class space    used 22997K, committed 23680K, reserved 1048576K

Heap Regions: E=young(eden), S=young(survivor), O=old, HS=humongous(starts), HC=humongous(continues), CS=collection set, F=free, OA=open archive, CA=closed archive, TAMS=top-at-mark-start (previous, next)
|   0|0x0000000600000000, 0x0000000600400000, 0x0000000600400000|100%|HS|  |TAMS 0x0000000600400000, 0x0000000600000000| Complete 
|   1|0x0000000600400000, 0x0000000600800000, 0x0000000600800000|100%| O|  |TAMS 0x0000000600800000, 0x0000000600400000| Untracked 
|   2|0x0000000600800000, 0x0000000600c00000, 0x0000000600c00000|100%| O|  |TAMS 0x0000000600c00000, 0x0000000600800000| Untracked 
|   3|0x0000000600c00000, 0x0000000600fbe600, 0x0000000601000000| 93%| O|  |TAMS 0x0000000600fbe600, 0x0000000600c00000| Untracked 
|   4|0x0000000601000000, 0x0000000601400000, 0x0000000601400000|100%| O|  |TAMS 0x0000000601400000, 0x0000000601000000| Untracked 
|   5|0x0000000601400000, 0x0000000601800000, 0x0000000601800000|100%| O|  |TAMS 0x0000000601800000, 0x0000000601400000| Untracked 
|   6|0x0000000601800000, 0x0000000601c00000, 0x0000000601c00000|100%| O|  |TAMS 0x0000000601800000, 0x0000000601800000| Untracked 
|   7|0x0000000601c00000, 0x0000000602000000, 0x0000000602000000|100%| O|  |TAMS 0x0000000601c00000, 0x0000000601c00000| Untracked 
|   8|0x0000000602000000, 0x0000000602400000, 0x0000000602400000|100%| O|  |TAMS 0x0000000602400000, 0x0000000602000000| Untracked 
|   9|0x0000000602400000, 0x0000000602800000, 0x0000000602800000|100%| O|  |TAMS 0x0000000602800000, 0x0000000602400000| Untracked 
|  10|0x0000000602800000, 0x0000000602c00000, 0x0000000602c00000|100%| O|  |TAMS 0x0000000602c00000, 0x0000000602800000| Untracked 
|  11|0x0000000602c00000, 0x0000000603000000, 0x0000000603000000|100%| O|  |TAMS 0x0000000603000000, 0x0000000602c00000| Untracked 
|  12|0x0000000603000000, 0x0000000603400000, 0x0000000603400000|100%| O|  |TAMS 0x0000000603400000, 0x0000000603000000| Untracked 
|  13|0x0000000603400000, 0x0000000603800000, 0x0000000603800000|100%| O|  |TAMS 0x0000000603800000, 0x0000000603400000| Untracked 
|  14|0x0000000603800000, 0x0000000603c00000, 0x0000000603c00000|100%| O|  |TAMS 0x0000000603c00000, 0x0000000603800000| Untracked 
|  15|0x0000000603c00000, 0x0000000604000000, 0x0000000604000000|100%| O|  |TAMS 0x0000000604000000, 0x0000000603c00000| Untracked 
|  16|0x0000000604000000, 0x0000000604400000, 0x0000000604400000|100%|HS|  |TAMS 0x0000000604400000, 0x0000000604000000| Complete 
|  17|0x0000000604400000, 0x0000000604800000, 0x0000000604800000|100%| O|  |TAMS 0x0000000604400000, 0x0000000604400000| Untracked 
|  18|0x0000000604800000, 0x0000000604c00000, 0x0000000604c00000|100%| O|  |TAMS 0x0000000604800000, 0x0000000604800000| Untracked 
|  19|0x0000000604c00000, 0x0000000605000000, 0x0000000605000000|100%| O|  |TAMS 0x0000000604c00000, 0x0000000604c00000| Untracked 
|  20|0x0000000605000000, 0x0000000605400000, 0x0000000605400000|100%| O|  |TAMS 0x0000000605400000, 0x0000000605000000| Untracked 
|  21|0x0000000605400000, 0x0000000605800000, 0x0000000605800000|100%| O|  |TAMS 0x0000000605800000, 0x0000000605400000| Untracked 
|  22|0x0000000605800000, 0x0000000605c00000, 0x0000000605c00000|100%|HS|  |TAMS 0x0000000605c00000, 0x0000000605800000| Complete 
|  23|0x0000000605c00000, 0x0000000606000000, 0x0000000606000000|100%| O|  |TAMS 0x0000000606000000, 0x0000000605c00000| Untracked 
|  24|0x0000000606000000, 0x0000000606400000, 0x0000000606400000|100%| O|  |TAMS 0x0000000606400000, 0x0000000606000000| Untracked 
|  25|0x0000000606400000, 0x0000000606800000, 0x0000000606800000|100%| O|  |TAMS 0x0000000606800000, 0x0000000606400000| Untracked 
|  26|0x0000000606800000, 0x0000000606c00000, 0x0000000606c00000|100%| O|  |TAMS 0x0000000606c00000, 0x0000000606800000| Untracked 
|  27|0x0000000606c00000, 0x0000000607000000, 0x0000000607000000|100%| O|  |TAMS 0x0000000607000000, 0x0000000606c00000| Untracked 
|  28|0x0000000607000000, 0x0000000607400000, 0x0000000607400000|100%| O|  |TAMS 0x0000000607400000, 0x0000000607000000| Untracked 
|  29|0x0000000607400000, 0x0000000607800000, 0x0000000607800000|100%| O|  |TAMS 0x0000000607800000, 0x0000000607400000| Untracked 
|  30|0x0000000607800000, 0x0000000607c00000, 0x0000000607c00000|100%| O|  |TAMS 0x0000000607c00000, 0x0000000607800000| Untracked 
|  31|0x0000000607c00000, 0x0000000608000000, 0x0000000608000000|100%| O|  |TAMS 0x0000000607c00000, 0x0000000607c00000| Untracked 
|  32|0x0000000608000000, 0x0000000608400000, 0x0000000608400000|100%| O|  |TAMS 0x0000000608400000, 0x0000000608000000| Untracked 
|  33|0x0000000608400000, 0x0000000608800000, 0x0000000608800000|100%| O|  |TAMS 0x0000000608800000, 0x0000000608400000| Untracked 
|  34|0x0000000608800000, 0x0000000608c00000, 0x0000000608c00000|100%| O|  |TAMS 0x0000000608c00000, 0x0000000608800000| Untracked 
|  35|0x0000000608c00000, 0x0000000609000000, 0x0000000609000000|100%| O|  |TAMS 0x0000000609000000, 0x0000000608c00000| Untracked 
|  36|0x0000000609000000, 0x0000000609400000, 0x0000000609400000|100%| O|  |TAMS 0x0000000609400000, 0x0000000609000000| Untracked 
|  37|0x0000000609400000, 0x0000000609800000, 0x0000000609800000|100%| O|  |TAMS 0x0000000609800000, 0x0000000609400000| Untracked 
|  38|0x0000000609800000, 0x0000000609c00000, 0x0000000609c00000|100%| O|  |TAMS 0x0000000609983a00, 0x0000000609800000| Untracked 
|  39|0x0000000609c00000, 0x000000060a000000, 0x000000060a000000|100%| O|  |TAMS 0x0000000609c00000, 0x0000000609c00000| Untracked 
|  40|0x000000060a000000, 0x000000060a400000, 0x000000060a400000|100%| O|  |TAMS 0x000000060a000000, 0x000000060a000000| Untracked 
|  41|0x000000060a400000, 0x000000060a800000, 0x000000060a800000|100%| O|  |TAMS 0x000000060a400000, 0x000000060a400000| Untracked 
|  42|0x000000060a800000, 0x000000060ac00000, 0x000000060ac00000|100%| O|  |TAMS 0x000000060a800000, 0x000000060a800000| Untracked 
|  43|0x000000060ac00000, 0x000000060b000000, 0x000000060b000000|100%| O|  |TAMS 0x000000060ac00000, 0x000000060ac00000| Untracked 
|  44|0x000000060b000000, 0x000000060b400000, 0x000000060b400000|100%| O|  |TAMS 0x000000060b000000, 0x000000060b000000| Untracked 
|  45|0x000000060b400000, 0x000000060b800000, 0x000000060b800000|100%| O|  |TAMS 0x000000060b400000, 0x000000060b400000| Untracked 
|  46|0x000000060b800000, 0x000000060bc00000, 0x000000060bc00000|100%| O|  |TAMS 0x000000060b800000, 0x000000060b800000| Untracked 
|  47|0x000000060bc00000, 0x000000060c000000, 0x000000060c000000|100%| O|  |TAMS 0x000000060bc00000, 0x000000060bc00000| Untracked 
|  48|0x000000060c000000, 0x000000060c400000, 0x000000060c400000|100%| O|  |TAMS 0x000000060c000000, 0x000000060c000000| Untracked 
|  49|0x000000060c400000, 0x000000060c800000, 0x000000060c800000|100%| O|  |TAMS 0x000000060c400000, 0x000000060c400000| Untracked 
|  50|0x000000060c800000, 0x000000060cc00000, 0x000000060cc00000|100%| O|  |TAMS 0x000000060c800000, 0x000000060c800000| Untracked 
|  51|0x000000060cc00000, 0x000000060d000000, 0x000000060d000000|100%| O|  |TAMS 0x000000060cc00000, 0x000000060cc00000| Untracked 
|  52|0x000000060d000000, 0x000000060d400000, 0x000000060d400000|100%| O|  |TAMS 0x000000060d000000, 0x000000060d000000| Untracked 
|  53|0x000000060d400000, 0x000000060d800000, 0x000000060d800000|100%| O|  |TAMS 0x000000060d400000, 0x000000060d400000| Untracked 
|  54|0x000000060d800000, 0x000000060dc00000, 0x000000060dc00000|100%| O|  |TAMS 0x000000060d800000, 0x000000060d800000| Untracked 
|  55|0x000000060dc00000, 0x000000060e000000, 0x000000060e000000|100%| O|  |TAMS 0x000000060dc00000, 0x000000060dc00000| Untracked 
|  56|0x000000060e000000, 0x000000060e400000, 0x000000060e400000|100%| O|  |TAMS 0x000000060e000000, 0x000000060e000000| Untracked 
|  57|0x000000060e400000, 0x000000060e800000, 0x000000060e800000|100%| O|  |TAMS 0x000000060e400000, 0x000000060e400000| Untracked 
|  58|0x000000060e800000, 0x000000060ec00000, 0x000000060ec00000|100%| O|  |TAMS 0x000000060e800000, 0x000000060e800000| Untracked 
|  59|0x000000060ec00000, 0x000000060f000000, 0x000000060f000000|100%| O|  |TAMS 0x000000060ec00000, 0x000000060ec00000| Untracked 
|  60|0x000000060f000000, 0x000000060f11a800, 0x000000060f400000| 27%| O|  |TAMS 0x000000060f000000, 0x000000060f000000| Untracked 
|  61|0x000000060f400000, 0x000000060f400000, 0x000000060f800000|  0%| F|  |TAMS 0x000000060f400000, 0x000000060f400000| Untracked 
|  62|0x000000060f800000, 0x000000060f800000, 0x000000060fc00000|  0%| F|  |TAMS 0x000000060f800000, 0x000000060f800000| Untracked 
|  63|0x000000060fc00000, 0x000000060fc00000, 0x0000000610000000|  0%| F|  |TAMS 0x000000060fc00000, 0x000000060fc00000| Untracked 
|  64|0x0000000610000000, 0x0000000610000000, 0x0000000610400000|  0%| F|  |TAMS 0x0000000610000000, 0x0000000610000000| Untracked 
|  65|0x0000000610400000, 0x0000000610400000, 0x0000000610800000|  0%| F|  |TAMS 0x0000000610400000, 0x0000000610400000| Untracked 
|  66|0x0000000610800000, 0x0000000610800000, 0x0000000610c00000|  0%| F|  |TAMS 0x0000000610800000, 0x0000000610800000| Untracked 
|  67|0x0000000610c00000, 0x0000000610c00000, 0x0000000611000000|  0%| F|  |TAMS 0x0000000610c00000, 0x0000000610c00000| Untracked 
|  68|0x0000000611000000, 0x0000000611000000, 0x0000000611400000|  0%| F|  |TAMS 0x0000000611000000, 0x0000000611000000| Untracked 
|  69|0x0000000611400000, 0x0000000611400000, 0x0000000611800000|  0%| F|  |TAMS 0x0000000611400000, 0x0000000611400000| Untracked 
|  70|0x0000000611800000, 0x0000000611800000, 0x0000000611c00000|  0%| F|  |TAMS 0x0000000611800000, 0x0000000611800000| Untracked 
|  71|0x0000000611c00000, 0x0000000611c00000, 0x0000000612000000|  0%| F|  |TAMS 0x0000000611c00000, 0x0000000611c00000| Untracked 
|  72|0x0000000612000000, 0x0000000612000000, 0x0000000612400000|  0%| F|  |TAMS 0x0000000612000000, 0x0000000612000000| Untracked 
|  73|0x0000000612400000, 0x00000006124b3240, 0x0000000612800000| 17%| S|CS|TAMS 0x0000000612400000, 0x0000000612400000| Complete 
|  74|0x0000000612800000, 0x0000000612c00000, 0x0000000612c00000|100%| S|CS|TAMS 0x0000000612800000, 0x0000000612800000| Complete 
|  75|0x0000000612c00000, 0x0000000612c00000, 0x0000000613000000|  0%| F|  |TAMS 0x0000000612c00000, 0x0000000612c00000| Untracked 
|  76|0x0000000613000000, 0x0000000613000000, 0x0000000613400000|  0%| F|  |TAMS 0x0000000613000000, 0x0000000613000000| Untracked 
|  77|0x0000000613400000, 0x0000000613400000, 0x0000000613800000|  0%| F|  |TAMS 0x0000000613400000, 0x0000000613400000| Untracked 
|  78|0x0000000613800000, 0x0000000613800000, 0x0000000613c00000|  0%| F|  |TAMS 0x0000000613800000, 0x0000000613800000| Untracked 
|  79|0x0000000613c00000, 0x0000000613c00000, 0x0000000614000000|  0%| F|  |TAMS 0x0000000613c00000, 0x0000000613c00000| Untracked 
|  80|0x0000000614000000, 0x0000000614000000, 0x0000000614400000|  0%| F|  |TAMS 0x0000000614000000, 0x0000000614000000| Untracked 
|  81|0x0000000614400000, 0x0000000614400000, 0x0000000614800000|  0%| F|  |TAMS 0x0000000614400000, 0x0000000614400000| Untracked 
|  82|0x0000000614800000, 0x0000000614800000, 0x0000000614c00000|  0%| F|  |TAMS 0x0000000614800000, 0x0000000614800000| Untracked 
|  83|0x0000000614c00000, 0x0000000614c00000, 0x0000000615000000|  0%| F|  |TAMS 0x0000000614c00000, 0x0000000614c00000| Untracked 
|  84|0x0000000615000000, 0x0000000615000000, 0x0000000615400000|  0%| F|  |TAMS 0x0000000615000000, 0x0000000615000000| Untracked 
|  85|0x0000000615400000, 0x0000000615400000, 0x0000000615800000|  0%| F|  |TAMS 0x0000000615400000, 0x0000000615400000| Untracked 
|  86|0x0000000615800000, 0x0000000615800000, 0x0000000615c00000|  0%| F|  |TAMS 0x0000000615800000, 0x0000000615800000| Untracked 
|  87|0x0000000615c00000, 0x0000000615c00000, 0x0000000616000000|  0%| F|  |TAMS 0x0000000615c00000, 0x0000000615c00000| Untracked 

Card table byte_map: [0x00000181f74a0000,0x00000181f84a0000] _byte_map_base: 0x00000181f44a0000

Marking Bits (Prev, Next): (CMBitMap*) 0x00000181df6dca90, (CMBitMap*) 0x00000181df6dca50
 Prev Bits: [0x0000018188000000, 0x0000018190000000)
 Next Bits: [0x0000018180000000, 0x0000018188000000)

Polling page: 0x00000181dd580000

Metaspace:

Usage:
  Non-class:    156.10 MB used.
      Class:     22.46 MB used.
       Both:    178.55 MB used.

Virtual space:
  Non-class space:      192.00 MB reserved,     156.81 MB ( 82%) committed,  3 nodes.
      Class space:        1.00 GB reserved,      23.12 MB (  2%) committed,  1 nodes.
             Both:        1.19 GB reserved,     179.94 MB ( 15%) committed. 

Chunk freelists:
   Non-Class:  2.53 MB
       Class:  8.72 MB
        Both:  11.24 MB

MaxMetaspaceSize: unlimited
CompressedClassSpaceSize: 1.00 GB
Initial GC threshold: 21.00 MB
Current GC threshold: 215.94 MB
CDS: on
MetaspaceReclaimPolicy: balanced
 - commit_granule_bytes: 65536.
 - commit_granule_words: 8192.
 - virtual_space_node_default_size: 8388608.
 - enlarge_chunks_in_place: 1.
 - new_chunks_are_fully_committed: 0.
 - uncommit_free_chunks: 1.
 - use_allocation_guard: 0.
 - handle_deallocations: 1.


Internal statistics:

num_allocs_failed_limit: 15.
num_arena_births: 2108.
num_arena_deaths: 0.
num_vsnodes_births: 4.
num_vsnodes_deaths: 0.
num_space_committed: 2876.
num_space_uncommitted: 0.
num_chunks_returned_to_freelist: 15.
num_chunks_taken_from_freelist: 9536.
num_chunk_merges: 15.
num_chunk_splits: 6648.
num_chunks_enlarged: 4796.
num_inconsistent_stats: 0.

CodeHeap 'non-profiled nmethods': size=120000Kb used=16813Kb max_used=17228Kb free=103186Kb
 bounds [0x00000181eec40000, 0x00000181efd30000, 0x00000181f6170000]
CodeHeap 'profiled nmethods': size=120000Kb used=59218Kb max_used=59411Kb free=60781Kb
 bounds [0x00000181e7170000, 0x00000181eab80000, 0x00000181ee6a0000]
CodeHeap 'non-nmethods': size=5760Kb used=1990Kb max_used=2044Kb free=3769Kb
 bounds [0x00000181ee6a0000, 0x00000181ee910000, 0x00000181eec40000]
 total_blobs=25210 nmethods=24083 adapters=1034
 compilation: enabled
              stopped_count=0, restarted_count=0
 full_count=0

Compilation events (20 events):
Event: 1362.703 Thread 0x00000181d7a76d60 28814       4       sun.security.provider.SHA5::lf_maj (14 bytes)
Event: 1362.703 Thread 0x00000181d7a76d60 nmethod 28814 0x00000181efca9b90 code [0x00000181efca9d00, 0x00000181efca9d78]
Event: 1362.705 Thread 0x00000181d7a76d60 28818       4       org.gradle.api.internal.artifacts.ivyservice.modulecache.StringDeduplicatingDecoder::readNullableString (30 bytes)
Event: 1362.707 Thread 0x00000181f9677b40 28820       3       org.gradle.api.internal.artifacts.ivyservice.resolveengine.graph.builder.NodeState$$Lambda$2201/0x0000018191e5b6f8::apply (8 bytes)
Event: 1362.707 Thread 0x00000181f9677b40 nmethod 28820 0x00000181e8cec090 code [0x00000181e8cec240, 0x00000181e8cec478]
Event: 1362.707 Thread 0x00000181f9677b40 28821       3       org.gradle.api.internal.artifacts.ivyservice.resolveengine.graph.builder.NodeState$$Lambda$2202/0x0000018191e5b930::test (8 bytes)
Event: 1362.707 Thread 0x00000181f9677b40 nmethod 28821 0x00000181e8cebb10 code [0x00000181e8cebcc0, 0x00000181e8cebf98]
Event: 1362.718 Thread 0x00000181f9677b40 28822       3       com.sun.crypto.provider.GHASH::blockMult (245 bytes)
Event: 1362.719 Thread 0x00000181f9677b40 nmethod 28822 0x00000181e7cddd10 code [0x00000181e7cddec0, 0x00000181e7cde318]
Event: 1362.719 Thread 0x00000181f9677b40 28825       3       org.gradle.api.internal.artifacts.ivyservice.ivyresolve.strategy.StaticVersionComparator::compare (326 bytes)
Event: 1362.721 Thread 0x00000181f9677b40 nmethod 28825 0x00000181e810f690 code [0x00000181e810fa40, 0x00000181e8111348]
Event: 1362.721 Thread 0x00000181f9677b40 28827       3       com.sun.crypto.provider.AESCrypt::implEncryptBlock (953 bytes)
Event: 1362.723 Thread 0x00000181f9677b40 nmethod 28827 0x00000181e810e010 code [0x00000181e810e240, 0x00000181e810ef98]
Event: 1362.723 Thread 0x00000181f9677b40 28824       3       org.gradle.api.internal.artifacts.ivyservice.ivyresolve.strategy.StaticVersionComparator::compare (13 bytes)
Event: 1362.724 Thread 0x00000181f9677b40 nmethod 28824 0x00000181e7cdd710 code [0x00000181e7cdd8c0, 0x00000181e7cddc28]
Event: 1362.731 Thread 0x00000181f9673920 nmethod 28630 0x00000181eed99f10 code [0x00000181eed9a500, 0x00000181eed9f608]
Event: 1362.732 Thread 0x00000181f9673920 28828       4       sun.security.util.DerValue::<init> (445 bytes)
Event: 1362.732 Thread 0x00000181f9677b40 28829       3       sun.security.x509.X509AttributeName::<init> (55 bytes)
Event: 1362.734 Thread 0x00000181f9677b40 nmethod 28829 0x00000181e810d310 code [0x00000181e810d540, 0x00000181e810dd38]
Event: 1362.734 Thread 0x00000181f9677b40 28830       3       sun.security.x509.X509CertInfo::get (289 bytes)

GC Heap History (20 events):
Event: 1353.186 GC heap after
{Heap after GC invocations=65 (full 0):
 garbage-first heap   total 266240K, used 209560K [0x0000000600000000, 0x0000000800000000)
  region size 4096K, 1 young (4096K), 1 survivors (4096K)
 Metaspace       used 165165K, committed 166400K, reserved 1245184K
  class space    used 20841K, committed 21440K, reserved 1048576K
}
Event: 1353.882 GC heap before
{Heap before GC invocations=65 (full 0):
 garbage-first heap   total 266240K, used 225944K [0x0000000600000000, 0x0000000800000000)
  region size 4096K, 5 young (20480K), 1 survivors (4096K)
 Metaspace       used 165333K, committed 166592K, reserved 1245184K
  class space    used 20857K, committed 21504K, reserved 1048576K
}
Event: 1353.889 GC heap after
{Heap after GC invocations=66 (full 0):
 garbage-first heap   total 266240K, used 212382K [0x0000000600000000, 0x0000000800000000)
  region size 4096K, 1 young (4096K), 1 survivors (4096K)
 Metaspace       used 165333K, committed 166592K, reserved 1245184K
  class space    used 20857K, committed 21504K, reserved 1048576K
}
Event: 1353.995 GC heap before
{Heap before GC invocations=66 (full 0):
 garbage-first heap   total 266240K, used 220574K [0x0000000600000000, 0x0000000800000000)
  region size 4096K, 4 young (16384K), 1 survivors (4096K)
 Metaspace       used 165361K, committed 166656K, reserved 1245184K
  class space    used 20857K, committed 21504K, reserved 1048576K
}
Event: 1354.004 GC heap after
{Heap after GC invocations=67 (full 0):
 garbage-first heap   total 266240K, used 213045K [0x0000000600000000, 0x0000000800000000)
  region size 4096K, 1 young (4096K), 1 survivors (4096K)
 Metaspace       used 165361K, committed 166656K, reserved 1245184K
  class space    used 20857K, committed 21504K, reserved 1048576K
}
Event: 1354.090 GC heap before
{Heap before GC invocations=67 (full 0):
 garbage-first heap   total 266240K, used 225333K [0x0000000600000000, 0x0000000800000000)
  region size 4096K, 4 young (16384K), 1 survivors (4096K)
 Metaspace       used 165379K, committed 166656K, reserved 1245184K
  class space    used 20857K, committed 21504K, reserved 1048576K
}
Event: 1354.095 GC heap after
{Heap after GC invocations=68 (full 0):
 garbage-first heap   total 266240K, used 215524K [0x0000000600000000, 0x0000000800000000)
  region size 4096K, 1 young (4096K), 1 survivors (4096K)
 Metaspace       used 165379K, committed 166656K, reserved 1245184K
  class space    used 20857K, committed 21504K, reserved 1048576K
}
Event: 1354.183 GC heap before
{Heap before GC invocations=68 (full 0):
 garbage-first heap   total 266240K, used 227812K [0x0000000600000000, 0x0000000800000000)
  region size 4096K, 4 young (16384K), 1 survivors (4096K)
 Metaspace       used 165393K, committed 166656K, reserved 1245184K
  class space    used 20857K, committed 21504K, reserved 1048576K
}
Event: 1354.190 GC heap after
{Heap after GC invocations=69 (full 0):
 garbage-first heap   total 360448K, used 218328K [0x0000000600000000, 0x0000000800000000)
  region size 4096K, 1 young (4096K), 1 survivors (4096K)
 Metaspace       used 165393K, committed 166656K, reserved 1245184K
  class space    used 20857K, committed 21504K, reserved 1048576K
}
Event: 1355.462 GC heap before
{Heap before GC invocations=69 (full 0):
 garbage-first heap   total 360448K, used 287960K [0x0000000600000000, 0x0000000800000000)
  region size 4096K, 18 young (73728K), 1 survivors (4096K)
 Metaspace       used 165427K, committed 166720K, reserved 1245184K
  class space    used 20857K, committed 21504K, reserved 1048576K
}
Event: 1355.470 GC heap after
{Heap after GC invocations=70 (full 0):
 garbage-first heap   total 360448K, used 223013K [0x0000000600000000, 0x0000000800000000)
  region size 4096K, 2 young (8192K), 2 survivors (8192K)
 Metaspace       used 165427K, committed 166720K, reserved 1245184K
  class space    used 20857K, committed 21504K, reserved 1048576K
}
Event: 1356.933 GC heap before
{Heap before GC invocations=70 (full 0):
 garbage-first heap   total 360448K, used 292645K [0x0000000600000000, 0x0000000800000000)
  region size 4096K, 19 young (77824K), 2 survivors (8192K)
 Metaspace       used 167001K, committed 168320K, reserved 1245184K
  class space    used 20988K, committed 21632K, reserved 1048576K
}
Event: 1356.949 GC heap after
{Heap after GC invocations=71 (full 0):
 garbage-first heap   total 360448K, used 232266K [0x0000000600000000, 0x0000000800000000)
  region size 4096K, 3 young (12288K), 3 survivors (12288K)
 Metaspace       used 167001K, committed 168320K, reserved 1245184K
  class space    used 20988K, committed 21632K, reserved 1048576K
}
Event: 1358.326 GC heap before
{Heap before GC invocations=71 (full 0):
 garbage-first heap   total 360448K, used 293706K [0x0000000600000000, 0x0000000800000000)
  region size 4096K, 18 young (73728K), 3 survivors (12288K)
 Metaspace       used 169085K, committed 170368K, reserved 1245184K
  class space    used 21260K, committed 21888K, reserved 1048576K
}
Event: 1358.348 GC heap after
{Heap after GC invocations=72 (full 0):
 garbage-first heap   total 360448K, used 241905K [0x0000000600000000, 0x0000000800000000)
  region size 4096K, 3 young (12288K), 3 survivors (12288K)
 Metaspace       used 169085K, committed 170368K, reserved 1245184K
  class space    used 21260K, committed 21888K, reserved 1048576K
}
Event: 1359.841 GC heap before
{Heap before GC invocations=72 (full 0):
 garbage-first heap   total 360448K, used 291057K [0x0000000600000000, 0x0000000800000000)
  region size 4096K, 16 young (65536K), 3 survivors (12288K)
 Metaspace       used 172493K, committed 173888K, reserved 1245184K
  class space    used 21583K, committed 22272K, reserved 1048576K
}
Event: 1359.855 GC heap after
{Heap after GC invocations=73 (full 0):
 garbage-first heap   total 360448K, used 239783K [0x0000000600000000, 0x0000000800000000)
  region size 4096K, 2 young (8192K), 2 survivors (8192K)
 Metaspace       used 172493K, committed 173888K, reserved 1245184K
  class space    used 21583K, committed 22272K, reserved 1048576K
}
Event: 1361.153 GC heap before
{Heap before GC invocations=73 (full 0):
 garbage-first heap   total 360448K, used 297127K [0x0000000600000000, 0x0000000800000000)
  region size 4096K, 16 young (65536K), 2 survivors (8192K)
 Metaspace       used 176837K, committed 178240K, reserved 1245184K
  class space    used 22260K, committed 22912K, reserved 1048576K
}
Event: 1361.174 GC heap after
{Heap after GC invocations=74 (full 0):
 garbage-first heap   total 360448K, used 246961K [0x0000000600000000, 0x0000000800000000)
  region size 4096K, 2 young (8192K), 2 survivors (8192K)
 Metaspace       used 176837K, committed 178240K, reserved 1245184K
  class space    used 22260K, committed 22912K, reserved 1048576K
}
Event: 1362.735 GC heap before
{Heap before GC invocations=74 (full 0):
 garbage-first heap   total 360448K, used 296113K [0x0000000600000000, 0x0000000800000000)
  region size 4096K, 15 young (61440K), 2 survivors (8192K)
 Metaspace       used 182839K, committed 184256K, reserved 1245184K
  class space    used 22997K, committed 23680K, reserved 1048576K
}

Dll operation events (15 events):
Event: 0.031 Loaded shared library C:\Program Files\Java\jdk-17.0.14+7\bin\java.dll
Event: 0.082 Loaded shared library C:\Program Files\Java\jdk-17.0.14+7\bin\jsvml.dll
Event: 0.170 Loaded shared library C:\Program Files\Java\jdk-17.0.14+7\bin\zip.dll
Event: 0.194 Loaded shared library C:\Program Files\Java\jdk-17.0.14+7\bin\instrument.dll
Event: 0.201 Loaded shared library C:\Program Files\Java\jdk-17.0.14+7\bin\net.dll
Event: 0.203 Loaded shared library C:\Program Files\Java\jdk-17.0.14+7\bin\nio.dll
Event: 0.206 Loaded shared library C:\Program Files\Java\jdk-17.0.14+7\bin\zip.dll
Event: 0.668 Loaded shared library C:\Program Files\Java\jdk-17.0.14+7\bin\jimage.dll
Event: 0.849 Loaded shared library C:\Program Files\Java\jdk-17.0.14+7\bin\verify.dll
Event: 0.986 Loaded shared library C:\Users\Administrator\.gradle\native\1def1411415f61bf3af743bc5b6707747c0891f09f0c88961ee8f79bc544acac\windows-amd64\native-platform.dll
Event: 1.031 Loaded shared library C:\Users\Administrator\.gradle\native\0.2.7\x86_64-windows-gnu\gradle-fileevents.dll
Event: 3.720 Loaded shared library C:\Program Files\Java\jdk-17.0.14+7\bin\management.dll
Event: 3.723 Loaded shared library C:\Program Files\Java\jdk-17.0.14+7\bin\management_ext.dll
Event: 4.108 Loaded shared library C:\Program Files\Java\jdk-17.0.14+7\bin\extnet.dll
Event: 4.783 Loaded shared library C:\Program Files\Java\jdk-17.0.14+7\bin\sunmscapi.dll

Deoptimization events (20 events):
Event: 1362.668 Thread 0x00000181d6d277e0 Uncommon trap: trap_request=0xffffffbe fr.pc=0x00000181efa6daf8 relative=0x0000000000000538
Event: 1362.669 Thread 0x00000181d6d277e0 Uncommon trap: reason=profile_predicate action=maybe_recompile pc=0x00000181efa6daf8 method=java.util.regex.Pattern$SliceI.match(Ljava/util/regex/Matcher;ILjava/lang/CharSequence;)Z @ 18 c2
Event: 1362.669 Thread 0x00000181d6d277e0 DEOPT PACKING pc=0x00000181efa6daf8 sp=0x00000052be8f9e60
Event: 1362.669 Thread 0x00000181d6d277e0 DEOPT UNPACKING pc=0x00000181ee6f69a3 sp=0x00000052be8f9dd8 mode 2
Event: 1362.669 Thread 0x00000181d6d277e0 Uncommon trap: trap_request=0xffffffbe fr.pc=0x00000181efa6daf8 relative=0x0000000000000538
Event: 1362.669 Thread 0x00000181d6d277e0 Uncommon trap: reason=profile_predicate action=maybe_recompile pc=0x00000181efa6daf8 method=java.util.regex.Pattern$SliceI.match(Ljava/util/regex/Matcher;ILjava/lang/CharSequence;)Z @ 18 c2
Event: 1362.669 Thread 0x00000181d6d277e0 DEOPT PACKING pc=0x00000181efa6daf8 sp=0x00000052be8f9e60
Event: 1362.669 Thread 0x00000181d6d277e0 DEOPT UNPACKING pc=0x00000181ee6f69a3 sp=0x00000052be8f9dd8 mode 2
Event: 1362.670 Thread 0x00000181d6d277e0 Uncommon trap: trap_request=0xffffffbe fr.pc=0x00000181efa6daf8 relative=0x0000000000000538
Event: 1362.670 Thread 0x00000181d6d277e0 Uncommon trap: reason=profile_predicate action=maybe_recompile pc=0x00000181efa6daf8 method=java.util.regex.Pattern$SliceI.match(Ljava/util/regex/Matcher;ILjava/lang/CharSequence;)Z @ 18 c2
Event: 1362.671 Thread 0x00000181d6d277e0 DEOPT PACKING pc=0x00000181efa6daf8 sp=0x00000052be8f9e60
Event: 1362.671 Thread 0x00000181d6d277e0 DEOPT UNPACKING pc=0x00000181ee6f69a3 sp=0x00000052be8f9dd8 mode 2
Event: 1362.690 Thread 0x00000181d6d277e0 Uncommon trap: trap_request=0xffffff45 fr.pc=0x00000181ef1bf8b4 relative=0x0000000000000574
Event: 1362.690 Thread 0x00000181d6d277e0 Uncommon trap: reason=unstable_if action=reinterpret pc=0x00000181ef1bf8b4 method=sun.security.provider.DigestBase.engineUpdate([BII)V @ 1 c2
Event: 1362.690 Thread 0x00000181d6d277e0 DEOPT PACKING pc=0x00000181ef1bf8b4 sp=0x00000052be8fa260
Event: 1362.690 Thread 0x00000181d6d277e0 DEOPT UNPACKING pc=0x00000181ee6f69a3 sp=0x00000052be8fa218 mode 2
Event: 1362.723 Thread 0x00000181d6d277e0 Uncommon trap: trap_request=0xffffffe4 fr.pc=0x00000181ef92e780 relative=0x0000000000000460
Event: 1362.723 Thread 0x00000181d6d277e0 Uncommon trap: reason=range_check action=make_not_entrant pc=0x00000181ef92e780 method=sun.security.util.DerValue.<init>([BIIZZ)V @ 83 c2
Event: 1362.723 Thread 0x00000181d6d277e0 DEOPT PACKING pc=0x00000181ef92e780 sp=0x00000052be8f9fe0
Event: 1362.723 Thread 0x00000181d6d277e0 DEOPT UNPACKING pc=0x00000181ee6f69a3 sp=0x00000052be8f9f70 mode 2

Classes loaded (20 events):
Event: 1362.726 Loading class sun/security/validator/Validator
Event: 1362.726 Loading class sun/security/validator/Validator done
Event: 1362.726 Loading class sun/security/validator/PKIXValidator
Event: 1362.727 Loading class sun/security/validator/PKIXValidator done
Event: 1362.728 Loading class sun/security/validator/EndEntityChecker
Event: 1362.728 Loading class sun/security/validator/EndEntityChecker done
Event: 1362.728 Loading class sun/security/validator/SimpleValidator
Event: 1362.729 Loading class sun/security/validator/SimpleValidator done
Event: 1362.729 Loading class java/security/cert/TrustAnchor
Event: 1362.730 Loading class java/security/cert/TrustAnchor done
Event: 1362.730 Loading class java/security/cert/CertPathHelperImpl
Event: 1362.730 Loading class sun/security/provider/certpath/CertPathHelper
Event: 1362.730 Loading class sun/security/provider/certpath/CertPathHelper done
Event: 1362.730 Loading class java/security/cert/CertPathHelperImpl done
Event: 1362.731 Loading class java/security/cert/PKIXBuilderParameters
Event: 1362.731 Loading class java/security/cert/PKIXParameters
Event: 1362.732 Loading class java/security/cert/CertPathParameters
Event: 1362.732 Loading class java/security/cert/CertPathParameters done
Event: 1362.732 Loading class java/security/cert/PKIXParameters done
Event: 1362.732 Loading class java/security/cert/PKIXBuilderParameters done

Classes unloaded (0 events):
No events

Classes redefined (0 events):
No events

Internal exceptions (20 events):
Event: 1362.387 Thread 0x00000181d9ebd780 Exception <a 'sun/nio/fs/WindowsException'{0x0000000613f93870}> (0x0000000613f93870) 
thrown [s\src\hotspot\share\prims\jni.cpp, line 516]
Event: 1362.428 Thread 0x00000181d9ebd780 Exception <a 'sun/nio/fs/WindowsException'{0x0000000613ace2f0}> (0x0000000613ace2f0) 
thrown [s\src\hotspot\share\prims\jni.cpp, line 516]
Event: 1362.606 Thread 0x00000181d6d29640 Exception <a 'sun/nio/fs/WindowsException'{0x0000000612dae470}> (0x0000000612dae470) 
thrown [s\src\hotspot\share\prims\jni.cpp, line 516]
Event: 1362.607 Thread 0x00000181d6d29640 Exception <a 'sun/nio/fs/WindowsException'{0x0000000612daf7f0}> (0x0000000612daf7f0) 
thrown [s\src\hotspot\share\prims\jni.cpp, line 516]
Event: 1362.608 Thread 0x00000181d6d29640 Exception <a 'java/lang/IncompatibleClassChangeError'{0x0000000612db5138}: Found class java.lang.Object, but interface was expected> (0x0000000612db5138) 
thrown [s\src\hotspot\share\interpreter\linkResolver.cpp, line 826]
Event: 1362.625 Thread 0x00000181d6d29640 Exception <a 'sun/nio/fs/WindowsException'{0x0000000612de5760}> (0x0000000612de5760) 
thrown [s\src\hotspot\share\prims\jni.cpp, line 516]
Event: 1362.626 Thread 0x00000181d6d29640 Exception <a 'sun/nio/fs/WindowsException'{0x0000000612de6b28}> (0x0000000612de6b28) 
thrown [s\src\hotspot\share\prims\jni.cpp, line 516]
Event: 1362.683 Thread 0x00000181d6d29640 Exception <a 'sun/nio/fs/WindowsException'{0x0000000612deab60}> (0x0000000612deab60) 
thrown [s\src\hotspot\share\prims\jni.cpp, line 516]
Event: 1362.683 Thread 0x00000181d6d29640 Exception <a 'sun/nio/fs/WindowsException'{0x0000000612debef8}> (0x0000000612debef8) 
thrown [s\src\hotspot\share\prims\jni.cpp, line 516]
Event: 1362.700 Thread 0x00000181d6d29640 Exception <a 'sun/nio/fs/WindowsException'{0x0000000612deec58}> (0x0000000612deec58) 
thrown [s\src\hotspot\share\prims\jni.cpp, line 516]
Event: 1362.700 Thread 0x00000181d6d29640 Exception <a 'sun/nio/fs/WindowsException'{0x0000000612df0020}> (0x0000000612df0020) 
thrown [s\src\hotspot\share\prims\jni.cpp, line 516]
Event: 1362.700 Thread 0x00000181d6d29640 Exception <a 'sun/nio/fs/WindowsException'{0x0000000612df2668}> (0x0000000612df2668) 
thrown [s\src\hotspot\share\prims\jni.cpp, line 516]
Event: 1362.701 Thread 0x00000181d6d29640 Exception <a 'sun/nio/fs/WindowsException'{0x0000000612df4be8}> (0x0000000612df4be8) 
thrown [s\src\hotspot\share\prims\jni.cpp, line 516]
Event: 1362.701 Thread 0x00000181d6d29640 Exception <a 'sun/nio/fs/WindowsException'{0x0000000612df5f90}> (0x0000000612df5f90) 
thrown [s\src\hotspot\share\prims\jni.cpp, line 516]
Event: 1362.718 Thread 0x00000181d6d29640 Exception <a 'sun/nio/fs/WindowsException'{0x0000000612df8540}> (0x0000000612df8540) 
thrown [s\src\hotspot\share\prims\jni.cpp, line 516]
Event: 1362.718 Thread 0x00000181d6d29640 Exception <a 'sun/nio/fs/WindowsException'{0x0000000612f983a0}> (0x0000000612f983a0) 
thrown [s\src\hotspot\share\prims\jni.cpp, line 516]
Event: 1362.728 Thread 0x00000181d6d29640 Exception <a 'sun/nio/fs/WindowsException'{0x0000000612f9b670}> (0x0000000612f9b670) 
thrown [s\src\hotspot\share\prims\jni.cpp, line 516]
Event: 1362.728 Thread 0x00000181d6d29640 Exception <a 'sun/nio/fs/WindowsException'{0x0000000612f9ca28}> (0x0000000612f9ca28) 
thrown [s\src\hotspot\share\prims\jni.cpp, line 516]
Event: 1362.730 Thread 0x00000181d6d29640 Exception <a 'sun/nio/fs/WindowsException'{0x0000000612fa0340}> (0x0000000612fa0340) 
thrown [s\src\hotspot\share\prims\jni.cpp, line 516]
Event: 1362.730 Thread 0x00000181d6d29640 Exception <a 'sun/nio/fs/WindowsException'{0x0000000612fa16d8}> (0x0000000612fa16d8) 
thrown [s\src\hotspot\share\prims\jni.cpp, line 516]

VM Operations (20 events):
Event: 1360.792 Executing VM operation: ICBufferFull done
Event: 1361.017 Executing VM operation: HandshakeAllThreads
Event: 1361.018 Executing VM operation: HandshakeAllThreads done
Event: 1361.087 Executing VM operation: HandshakeAllThreads
Event: 1361.087 Executing VM operation: HandshakeAllThreads done
Event: 1361.153 Executing VM operation: G1CollectForAllocation
Event: 1361.174 Executing VM operation: G1CollectForAllocation done
Event: 1361.374 Executing VM operation: HandshakeAllThreads
Event: 1361.384 Executing VM operation: HandshakeAllThreads done
Event: 1361.924 Executing VM operation: HandshakeAllThreads
Event: 1361.925 Executing VM operation: HandshakeAllThreads done
Event: 1361.928 Executing VM operation: ICBufferFull
Event: 1361.929 Executing VM operation: ICBufferFull done
Event: 1362.275 Executing VM operation: HandshakeAllThreads
Event: 1362.276 Executing VM operation: HandshakeAllThreads done
Event: 1362.299 Executing VM operation: HandshakeAllThreads
Event: 1362.300 Executing VM operation: HandshakeAllThreads done
Event: 1362.530 Executing VM operation: HandshakeAllThreads
Event: 1362.530 Executing VM operation: HandshakeAllThreads done
Event: 1362.734 Executing VM operation: G1CollectForAllocation

Memory protections (0 events):
No events

Nmethod flushes (20 events):
Event: 1361.458 Thread 0x00000181f9688ff0 flushing  nmethod 0x00000181ea95f290
Event: 1361.458 Thread 0x00000181f9688ff0 flushing  nmethod 0x00000181ea98f390
Event: 1361.458 Thread 0x00000181f9688ff0 flushing  nmethod 0x00000181ea99ce90
Event: 1361.458 Thread 0x00000181f9688ff0 flushing  nmethod 0x00000181ea9a3e10
Event: 1361.458 Thread 0x00000181f9688ff0 flushing  nmethod 0x00000181ea9a4290
Event: 1361.458 Thread 0x00000181f9688ff0 flushing  nmethod 0x00000181ea9c1010
Event: 1361.458 Thread 0x00000181f9688ff0 flushing  nmethod 0x00000181ea9d0610
Event: 1361.458 Thread 0x00000181f9688ff0 flushing  nmethod 0x00000181eaa04e90
Event: 1361.458 Thread 0x00000181f9688ff0 flushing  nmethod 0x00000181eaa05210
Event: 1361.458 Thread 0x00000181f9688ff0 flushing  nmethod 0x00000181eaa1a590
Event: 1361.459 Thread 0x00000181f9688ff0 flushing  nmethod 0x00000181eaa3fb90
Event: 1361.459 Thread 0x00000181f9688ff0 flushing  nmethod 0x00000181eaa61c90
Event: 1361.459 Thread 0x00000181f9688ff0 flushing  nmethod 0x00000181eaa80910
Event: 1361.459 Thread 0x00000181f9688ff0 flushing  nmethod 0x00000181eaa82e10
Event: 1361.459 Thread 0x00000181f9688ff0 flushing  nmethod 0x00000181eaa83590
Event: 1361.460 Thread 0x00000181f9688ff0 flushing  nmethod 0x00000181eaab3890
Event: 1361.460 Thread 0x00000181f9688ff0 flushing  nmethod 0x00000181eaac0b90
Event: 1361.461 Thread 0x00000181f9688ff0 flushing  nmethod 0x00000181eab09490
Event: 1361.461 Thread 0x00000181f9688ff0 flushing  nmethod 0x00000181eab09a10
Event: 1361.461 Thread 0x00000181f9688ff0 flushing  nmethod 0x00000181eab0a690

Events (20 events):
Event: 1361.612 Thread 0x00000181d6d221d0 Thread added: 0x0000018208dbd300
Event: 1361.910 Thread 0x00000181d6d29640 Thread added: 0x0000018208dbdd20
Event: 1361.990 Thread 0x00000181d6d29640 Thread added: 0x0000018208dc05a0
Event: 1362.447 Thread 0x00000181d6d27cf0 Thread added: 0x0000018208dbe230
Event: 1362.448 Thread 0x00000181d6d27cf0 Thread added: 0x0000018208dbf160
Event: 1362.449 Thread 0x00000181d6d27cf0 Thread added: 0x0000018208dbf670
Event: 1362.449 Thread 0x00000181d6d27cf0 Thread added: 0x0000018208dbfb80
Event: 1362.450 Thread 0x00000181d6d27cf0 Thread added: 0x0000018208dc0fc0
Event: 1362.450 Thread 0x00000181d6d27cf0 Thread added: 0x0000018208dba060
Event: 1362.450 Thread 0x00000181d6d27cf0 Thread added: 0x0000018208dc19e0
Event: 1362.451 Thread 0x00000181d6d27cf0 Thread added: 0x0000018208dba570
Event: 1362.451 Thread 0x00000181d6d27cf0 Thread added: 0x0000018208dbaa80
Event: 1362.452 Thread 0x00000181d6d27cf0 Thread added: 0x0000018208915f50
Event: 1362.453 Thread 0x00000181d6d27cf0 Thread added: 0x00000181d6ee4d20
Event: 1362.453 Thread 0x00000181d6d27cf0 Thread added: 0x00000181d6ee7ab0
Event: 1362.454 Thread 0x00000181d6d27cf0 Thread added: 0x00000181d6ee9e20
Event: 1362.454 Thread 0x00000181d6d27cf0 Thread added: 0x00000181d6ee4300
Event: 1362.454 Thread 0x00000181d6d27cf0 Thread added: 0x00000181d6ee6b80
Event: 1362.661 Thread 0x00000181d6d27cf0 Thread added: 0x00000181d6ee75a0
Event: 1362.661 Thread 0x00000181d6d27cf0 Thread added: 0x00000181d6ee89e0


Dynamic libraries:
0x00007ff640a70000 - 0x00007ff640a7e000 	C:\Program Files\Java\jdk-17.0.14+7\bin\java.exe
0x00007ff81c950000 - 0x00007ff81cb50000 	C:\Windows\SYSTEM32\ntdll.dll
0x00007ff81bf90000 - 0x00007ff81c04c000 	C:\Windows\System32\KERNEL32.DLL
0x00007ff81a060000 - 0x00007ff81a3bf000 	C:\Windows\System32\KERNELBASE.dll
0x00007ff81a3f0000 - 0x00007ff81a500000 	C:\Windows\System32\ucrtbase.dll
0x00007ff809b30000 - 0x00007ff809b47000 	C:\Program Files\Java\jdk-17.0.14+7\bin\jli.dll
0x00007ff809b10000 - 0x00007ff809b2e000 	C:\Program Files\Java\jdk-17.0.14+7\bin\VCRUNTIME140.dll
0x00007ff81c330000 - 0x00007ff81c4d5000 	C:\Windows\System32\USER32.dll
0x00007ff8037d0000 - 0x00007ff803a75000 	C:\Windows\WinSxS\amd64_microsoft.windows.common-controls_6595b64144ccf1df_6.0.20348.1_none_88d3d41d702dedea\COMCTL32.dll
0x00007ff81a3c0000 - 0x00007ff81a3e6000 	C:\Windows\System32\win32u.dll
0x00007ff81c280000 - 0x00007ff81c2ab000 	C:\Windows\System32\GDI32.dll
0x00007ff81c190000 - 0x00007ff81c233000 	C:\Windows\System32\msvcrt.dll
0x00007ff81a580000 - 0x00007ff81a691000 	C:\Windows\System32\gdi32full.dll
0x00007ff81a6a0000 - 0x00007ff81a740000 	C:\Windows\System32\msvcp_win.dll
0x00007ff81c240000 - 0x00007ff81c271000 	C:\Windows\System32\IMM32.DLL
0x00007ff80fd40000 - 0x00007ff80fd4c000 	C:\Program Files\Java\jdk-17.0.14+7\bin\vcruntime140_1.dll
0x00007ffffb680000 - 0x00007ffffb70d000 	C:\Program Files\Java\jdk-17.0.14+7\bin\msvcp140.dll
0x00007fffb40e0000 - 0x00007fffb4d4b000 	C:\Program Files\Java\jdk-17.0.14+7\bin\server\jvm.dll
0x00007ff81baf0000 - 0x00007ff81bb9c000 	C:\Windows\System32\ADVAPI32.dll
0x00007ff81c720000 - 0x00007ff81c7be000 	C:\Windows\System32\sechost.dll
0x00007ff81b480000 - 0x00007ff81b59f000 	C:\Windows\System32\RPCRT4.dll
0x00007ff81c2b0000 - 0x00007ff81c321000 	C:\Windows\System32\WS2_32.dll
0x00007ff819e00000 - 0x00007ff819e4d000 	C:\Windows\SYSTEM32\POWRPROF.dll
0x00007ffffae60000 - 0x00007ffffae87000 	C:\Windows\SYSTEM32\WINMM.dll
0x00007ff80b860000 - 0x00007ff80b86a000 	C:\Windows\SYSTEM32\VERSION.dll
0x00007ff819de0000 - 0x00007ff819df3000 	C:\Windows\SYSTEM32\UMPDC.dll
0x00007ff818920000 - 0x00007ff818937000 	C:\Windows\SYSTEM32\kernel.appcore.dll
0x00007ff80abf0000 - 0x00007ff80abfa000 	C:\Program Files\Java\jdk-17.0.14+7\bin\jimage.dll
0x00007ff80af00000 - 0x00007ff80b112000 	C:\Windows\SYSTEM32\DBGHELP.DLL
0x00007ff80adb0000 - 0x00007ff80ade0000 	C:\Windows\SYSTEM32\dbgcore.DLL
0x00007ff81a500000 - 0x00007ff81a57e000 	C:\Windows\System32\bcryptPrimitives.dll
0x00007ffffebd0000 - 0x00007ffffebde000 	C:\Program Files\Java\jdk-17.0.14+7\bin\instrument.dll
0x00007ff809ac0000 - 0x00007ff809ae5000 	C:\Program Files\Java\jdk-17.0.14+7\bin\java.dll
0x00007ffffb5a0000 - 0x00007ffffb677000 	C:\Program Files\Java\jdk-17.0.14+7\bin\jsvml.dll
0x00007ff81a8a0000 - 0x00007ff81affa000 	C:\Windows\System32\SHELL32.dll
0x00007ff80e330000 - 0x00007ff80eb75000 	C:\Windows\SYSTEM32\windows.storage.dll
0x00007ff81b5a0000 - 0x00007ff81b911000 	C:\Windows\System32\combase.dll
0x00007ff81bea0000 - 0x00007ff81bf8b000 	C:\Windows\System32\SHCORE.dll
0x00007ff81c7c0000 - 0x00007ff81c81f000 	C:\Windows\System32\shlwapi.dll
0x00007ff819e60000 - 0x00007ff819e81000 	C:\Windows\SYSTEM32\profapi.dll
0x00007ff8094c0000 - 0x00007ff8094d8000 	C:\Program Files\Java\jdk-17.0.14+7\bin\zip.dll
0x00007ff8095b0000 - 0x00007ff8095c9000 	C:\Program Files\Java\jdk-17.0.14+7\bin\net.dll
0x00007ff811f70000 - 0x00007ff812072000 	C:\Windows\SYSTEM32\WINHTTP.dll
0x00007ff819450000 - 0x00007ff8194b8000 	C:\Windows\system32\mswsock.dll
0x00007ff809520000 - 0x00007ff809536000 	C:\Program Files\Java\jdk-17.0.14+7\bin\nio.dll
0x00007ff8087f0000 - 0x00007ff808800000 	C:\Program Files\Java\jdk-17.0.14+7\bin\verify.dll
0x00007ffffb570000 - 0x00007ffffb597000 	C:\Users\Administrator\.gradle\native\1def1411415f61bf3af743bc5b6707747c0891f09f0c88961ee8f79bc544acac\windows-amd64\native-platform.dll
0x00007fffebf50000 - 0x00007fffebfc8000 	C:\Users\Administrator\.gradle\native\0.2.7\x86_64-windows-gnu\gradle-fileevents.dll
0x00007ff8084c0000 - 0x00007ff8084ca000 	C:\Program Files\Java\jdk-17.0.14+7\bin\management.dll
0x00007ff808230000 - 0x00007ff80823b000 	C:\Program Files\Java\jdk-17.0.14+7\bin\management_ext.dll
0x00007ff81bdb0000 - 0x00007ff81bdb8000 	C:\Windows\System32\PSAPI.DLL
0x00007ff8191b0000 - 0x00007ff8191dd000 	C:\Windows\SYSTEM32\IPHLPAPI.DLL
0x00007ff81c580000 - 0x00007ff81c589000 	C:\Windows\System32\NSI.dll
0x00007ff8138e0000 - 0x00007ff8138f9000 	C:\Windows\SYSTEM32\dhcpcsvc6.DLL
0x00007ff8138c0000 - 0x00007ff8138dd000 	C:\Windows\SYSTEM32\dhcpcsvc.DLL
0x00007ff8191e0000 - 0x00007ff8192bd000 	C:\Windows\SYSTEM32\DNSAPI.dll
0x00007ff8014b0000 - 0x00007ff8014b9000 	C:\Program Files\Java\jdk-17.0.14+7\bin\extnet.dll
0x00007ff819690000 - 0x00007ff8196a8000 	C:\Windows\SYSTEM32\CRYPTSP.dll
0x00007ff818fe0000 - 0x00007ff819015000 	C:\Windows\system32\rsaenh.dll
0x00007ff819540000 - 0x00007ff81956e000 	C:\Windows\SYSTEM32\USERENV.dll
0x00007ff8197e0000 - 0x00007ff819807000 	C:\Windows\SYSTEM32\bcrypt.dll
0x00007ff8196b0000 - 0x00007ff8196bc000 	C:\Windows\SYSTEM32\CRYPTBASE.dll
0x00007ffffb560000 - 0x00007ffffb56e000 	C:\Program Files\Java\jdk-17.0.14+7\bin\sunmscapi.dll
0x00007ff81a740000 - 0x00007ff81a89f000 	C:\Windows\System32\CRYPT32.dll
0x00007ff8197b0000 - 0x00007ff8197d8000 	C:\Windows\SYSTEM32\ncrypt.dll
0x00007ff819770000 - 0x00007ff8197a7000 	C:\Windows\SYSTEM32\NTASN1.dll
0x00007ffffb550000 - 0x00007ffffb558000 	C:\Windows\system32\wshunix.dll
0x00007ff809460000 - 0x00007ff809477000 	C:\Windows\system32\napinsp.dll
0x00007ff809410000 - 0x00007ff809422000 	C:\Windows\System32\winrnr.dll
0x00007ff809480000 - 0x00007ff80949f000 	C:\Windows\system32\nlansp_c.dll
0x00007ff8093a0000 - 0x00007ff8093b5000 	C:\Windows\system32\wshbth.dll
0x00007ff811e80000 - 0x00007ff811e8a000 	C:\Windows\System32\rasadhlp.dll
0x00007ff812740000 - 0x00007ff8127c1000 	C:\Windows\System32\fwpuclnt.dll

dbghelp: loaded successfully - version: 4.0.5 - missing functions: none
symbol engine: initialized successfully - sym options: 0x614 - pdb path: .;C:\Program Files\Java\jdk-17.0.14+7\bin;C:\Windows\SYSTEM32;C:\Windows\WinSxS\amd64_microsoft.windows.common-controls_6595b64144ccf1df_6.0.20348.1_none_88d3d41d702dedea;C:\Program Files\Java\jdk-17.0.14+7\bin\server;C:\Users\Administrator\.gradle\native\1def1411415f61bf3af743bc5b6707747c0891f09f0c88961ee8f79bc544acac\windows-amd64;C:\Users\Administrator\.gradle\native\0.2.7\x86_64-windows-gnu

VM Arguments:
jvm_args: --add-opens=java.base/java.lang=ALL-UNNAMED --add-opens=java.base/java.lang.invoke=ALL-UNNAMED --add-opens=java.base/java.util=ALL-UNNAMED --add-opens=java.prefs/java.util.prefs=ALL-UNNAMED --add-exports=jdk.compiler/com.sun.tools.javac.api=ALL-UNNAMED --add-exports=jdk.compiler/com.sun.tools.javac.util=ALL-UNNAMED --add-opens=java.base/java.util=ALL-UNNAMED --add-opens=java.prefs/java.util.prefs=ALL-UNNAMED --add-opens=java.base/java.nio.charset=ALL-UNNAMED --add-opens=java.base/java.net=ALL-UNNAMED --add-opens=java.base/java.util.concurrent.atomic=ALL-UNNAMED --add-opens=java.xml/javax.xml.namespace=ALL-UNNAMED -Xmx8192m -Dfile.encoding=UTF-8 -Duser.country=CN -Duser.language=zh -Duser.variant -javaagent:C:\Users\Administrator\.gradle\wrapper\dists\gradle-8.13-bin\bynj8867joaln2pdnozgpow3q\gradle-8.13\lib\agents\gradle-instrumentation-agent-8.13.jar 
java_command: org.gradle.launcher.daemon.bootstrap.GradleDaemon 8.13
java_class_path (initial): C:\Users\Administrator\.gradle\wrapper\dists\gradle-8.13-bin\bynj8867joaln2pdnozgpow3q\gradle-8.13\lib\gradle-daemon-main-8.13.jar
Launcher Type: SUN_STANDARD

[Global flags]
     intx CICompilerCount                          = 4                                         {product} {ergonomic}
     uint ConcGCThreads                            = 2                                         {product} {ergonomic}
     uint G1ConcRefinementThreads                  = 8                                         {product} {ergonomic}
   size_t G1HeapRegionSize                         = 4194304                                   {product} {ergonomic}
    uintx GCDrainStackTargetSize                   = 64                                        {product} {ergonomic}
   size_t InitialHeapSize                          = 134217728                                 {product} {ergonomic}
   size_t MarkStackSize                            = 4194304                                   {product} {ergonomic}
   size_t MaxHeapSize                              = 8589934592                                {product} {command line}
   size_t MaxNewSize                               = 5150605312                                {product} {ergonomic}
   size_t MinHeapDeltaBytes                        = 4194304                                   {product} {ergonomic}
   size_t MinHeapSize                              = 8388608                                   {product} {ergonomic}
    uintx NonNMethodCodeHeapSize                   = 5839372                                {pd product} {ergonomic}
    uintx NonProfiledCodeHeapSize                  = 122909434                              {pd product} {ergonomic}
    uintx ProfiledCodeHeapSize                     = 122909434                              {pd product} {ergonomic}
    uintx ReservedCodeCacheSize                    = 251658240                              {pd product} {ergonomic}
     bool SegmentedCodeCache                       = true                                      {product} {ergonomic}
   size_t SoftMaxHeapSize                          = 8589934592                             {manageable} {ergonomic}
     bool UseCompressedClassPointers               = true                           {product lp64_product} {ergonomic}
     bool UseCompressedOops                        = true                           {product lp64_product} {ergonomic}
     bool UseG1GC                                  = true                                      {product} {ergonomic}
     bool UseLargePagesIndividualAllocation        = false                                  {pd product} {ergonomic}

Logging:
Log output configuration:
 #0: stdout all=warning uptime,level,tags
 #1: stderr all=off uptime,level,tags

Environment Variables:
JAVA_HOME=C:\Program Files\Java\jdk-17.0.14+7
CLASSPATH=C:\Users\Administrator\Desktop\Operit-1.9.1\\gradle\wrapper\gradle-wrapper.jar
PATH=c:\\Users\\Administrator\\.trae-cn\\tools\\trae-gopls\\current;c:\\Users\\Administrator\\.trae-cn\\sdks\\workspaces\\713f630a\\versions\\node\\current;c:\\Users\\Administrator\\.trae-cn\\sdks\\versions\\node\\current;c:\Users\Administrator\.trae-cn\tools\trae-gopls\current;c:\Users\Administrator\.trae-cn\sdks\workspaces\713f630a\versions\node\current;c:\Users\Administrator\.trae-cn\sdks\versions\node\current;C:\Windows\system32;C:\Windows;C:\Windows\System32\Wbem;C:\Windows\System32\WindowsPowerShell\v1.0\;C:\Windows\System32\OpenSSH\;C:\Program Files\dotnet\;C:\Program Files\Git\cmd;C:\Program Files\Java\jdk-17.0.14+7\bin;C:\Program Files\Java\jdk-17.0.14+7\bin;ANDROID_HOME=C:\Users\Administrator\AppData\Local\Android\Sdk\cmdline-tools\latest\bin;ANDROID_HOME=C:\Users\Administrator\AppData\Local\Android\Sdk\platform-tools;ANDROID_HOME=C:\Users\Administrator\AppData\Local\Android\Sdk\emulator;ANDROID_HOME=C:\Users\Administrator\AppData\Local\Android\Sdk\tools;ANDROID_HOME=C:\Users\Administrator\AppData\Local\Android\Sdk\tools\bin;C:\Program Files\Git\bin;ANDROID_HOME=C:\Users\Administrator\AppData\Local\Android\Sdk\cmdline-tools\latest\bin;ANDROID_HOME=C:\Users\Administrator\AppData\Local\Android\Sdk\platform-tools;ANDROID_HOME=C:\Users\Administrator\AppData\Local\Android\Sdk\emulator;ANDROID_HOME=C:\Users\Administrator\AppData\Local\Android\Sdk\tools;ANDROID_HOME=C:\Users\Administrator\AppData\Local\Android\Sdk\tools\bin;C:\Users\Administrator\AppData\Local\Programs\Python\Python313\Scripts\;C:\Users\Administrator\AppData\Local\Programs\Python\Python313\;c:\Users\Administrator\AppData\Local\Programs\Trae CN\bin;c:\Users\Administrator\AppData\Local\Programs\Trae\bin;C:\Users\Administrator\AppData\Local\Microsoft\WindowsApps;C:\Program Files\Java\jdk-17.0.14+7\bin;C:\Users\Administrator\AppData\Local\Android\Sdk\cmdline-tools\latest\bin;C:\Users\Administrator\AppData\Local\Android\Sdk\platform-tools;C:\Users\Administrator\AppData\Local\Android\Sdk\emulator;C:\Users\Administrator\AppData\Local\Android\Sdk\tools;C:\Users\Administrator\AppData\Local\Android\Sdk\tools\bin;C:\Program Files\Git\bin;;c:\Users\Administrator\.trae-cn\extensions\ms-python.debugpy-2025.18.0-win32-x64\bundled\scripts\noConfigScripts
USERNAME=Administrator
LANG=zh_CN.UTF-8
OS=Windows_NT
PROCESSOR_IDENTIFIER=Intel64 Family 6 Model 79 Stepping 1, GenuineIntel
TMP=C:\Users\ADMINI~1\AppData\Local\Temp\2
TEMP=C:\Users\ADMINI~1\AppData\Local\Temp\2



Periodic native trim disabled


---------------  S Y S T E M  ---------------

OS:
 Windows Server 2022 , 64 bit Build 20348 (10.0.20348.143)
OS uptime: 0 days 17:31 hours
KVM virtualization detected

CPU: total 8 (initial active 8) (8 cores per cpu, 1 threads per core) family 6 model 79 stepping 1 microcode 0xb00001e, cx8, cmov, fxsr, mmx, 3dnowpref, sse, sse2, sse3, ssse3, sse4.1, sse4.2, popcnt, lzcnt, tsc, avx, avx2, aes, erms, clmul, bmi1, bmi2, rtm, adx, fma, vzeroupper, clflush, hv
Processor Information for all 8 processors :
  Max Mhz: 2295, Current Mhz: 2295, Mhz Limit: 2295

Memory: 4k page, system-wide physical 8191M (1246M free)
TotalPageFile size 8191M (AvailPageFile size 67M)
current process WorkingSet (physical memory assigned to process): 824M, peak: 826M
current process commit charge ("private bytes"): 873M, peak: 957M

vm_info: OpenJDK 64-Bit Server VM (17.0.14+7) for windows-amd64 JRE (17.0.14+7), built on Jan 21 2025 23:40:15 by "admin" with MS VC++ 17.7 (VS2022)

END.
